-- The C compiler identification is GNU 11.4.0
-- The CXX compiler identification is GNU 11.4.0
-- Detecting C compiler ABI info
-- Detecting C compiler ABI info - done
-- Check for working C compiler: /usr/bin/cc - skipped
-- Detecting C compile features
-- Detecting C compile features - done
-- Detecting CXX compiler ABI info
-- Detecting CXX compiler ABI info - done
-- Check for working CXX compiler: /usr/bin/c++ - skipped
-- Detecting CXX compile features
-- Detecting CXX compile features - done
-- Found ament_cmake: 1.3.12 (/opt/ros/humble/share/ament_cmake/cmake)
-- Found Python3: /usr/bin/python3 (found version "3.10.12") found components: Interpreter 
-- Override CMake install command with custom implementation using symlinks instead of copying resources
-- Configuring done
-- Generating done
[33mCMake Warning:
  Manually-specified variables were not used by the project:

    HUMBLE_ROS

[0m
-- Build files have been written to: /home/nonsaya-n/repo/loiter/ros2_ws/build/livox_mid360_bringup
-- Install configuration: ""
-- Execute custom install script
-- Symlinking: /home/nonsaya-n/repo/loiter/ros2_ws/install/livox_mid360_bringup/share/livox_mid360_bringup/launch/livox_mid360.launch.py
-- Symlinking: /home/nonsaya-n/repo/loiter/ros2_ws/install/livox_mid360_bringup/share/livox_mid360_bringup/config/livox_mid360.yaml
-- Symlinking: /home/nonsaya-n/repo/loiter/ros2_ws/install/livox_mid360_bringup/share/ament_index/resource_index/package_run_dependencies/livox_mid360_bringup
-- Symlinking: /home/nonsaya-n/repo/loiter/ros2_ws/install/livox_mid360_bringup/share/ament_index/resource_index/parent_prefix_path/livox_mid360_bringup
-- Symlinking: /home/nonsaya-n/repo/loiter/ros2_ws/install/livox_mid360_bringup/share/livox_mid360_bringup/environment/ament_prefix_path.sh
-- Symlinking: /home/nonsaya-n/repo/loiter/ros2_ws/install/livox_mid360_bringup/share/livox_mid360_bringup/environment/ament_prefix_path.dsv
-- Symlinking: /home/nonsaya-n/repo/loiter/ros2_ws/install/livox_mid360_bringup/share/livox_mid360_bringup/environment/path.sh
-- Symlinking: /home/nonsaya-n/repo/loiter/ros2_ws/install/livox_mid360_bringup/share/livox_mid360_bringup/environment/path.dsv
-- Symlinking: /home/nonsaya-n/repo/loiter/ros2_ws/install/livox_mid360_bringup/share/livox_mid360_bringup/local_setup.bash
-- Symlinking: /home/nonsaya-n/repo/loiter/ros2_ws/install/livox_mid360_bringup/share/livox_mid360_bringup/local_setup.sh
-- Symlinking: /home/nonsaya-n/repo/loiter/ros2_ws/install/livox_mid360_bringup/share/livox_mid360_bringup/local_setup.zsh
-- Symlinking: /home/nonsaya-n/repo/loiter/ros2_ws/install/livox_mid360_bringup/share/livox_mid360_bringup/local_setup.dsv
-- Symlinking: /home/nonsaya-n/repo/loiter/ros2_ws/install/livox_mid360_bringup/share/livox_mid360_bringup/package.dsv
-- Symlinking: /home/nonsaya-n/repo/loiter/ros2_ws/install/livox_mid360_bringup/share/ament_index/resource_index/packages/livox_mid360_bringup
-- Symlinking: /home/nonsaya-n/repo/loiter/ros2_ws/install/livox_mid360_bringup/share/livox_mid360_bringup/cmake/livox_mid360_bringupConfig.cmake
-- Symlinking: /home/nonsaya-n/repo/loiter/ros2_ws/install/livox_mid360_bringup/share/livox_mid360_bringup/cmake/livox_mid360_bringupConfig-version.cmake
-- Symlinking: /home/nonsaya-n/repo/loiter/ros2_ws/install/livox_mid360_bringup/share/livox_mid360_bringup/package.xml
