[0.019s] Invoking command in '/home/nonsaya-n/repo/loiter/ros2_ws/build/livox_mid360_bringup': AMENT_PREFIX_PATH=/home/nonsaya-n/repo/loiter/ros2_ws/install/livox_ros_driver2:${AMENT_PREFIX_PATH} CMAKE_PREFIX_PATH=/home/nonsaya-n/repo/loiter/ros2_ws/install/livox_ros_driver2:/opt/ros/humble LD_LIBRARY_PATH=/home/nonsaya-n/repo/loiter/ros2_ws/install/livox_ros_driver2/lib:${LD_LIBRARY_PATH} PYTHONPATH=/home/nonsaya-n/repo/loiter/ros2_ws/install/livox_ros_driver2/local/lib/python3.10/dist-packages:${PYTHONPATH} /usr/bin/cmake /home/nonsaya-n/repo/loiter/ros2_ws/src/livox_mid360_bringup -DHUMBLE_ROS=humble -DAMENT_CMAKE_SYMLINK_INSTALL=1 -DCMAKE_INSTALL_PREFIX=/home/nonsaya-n/repo/loiter/ros2_ws/install/livox_mid360_bringup
[0.129s] -- The C compiler identification is GNU 11.4.0
[0.252s] -- The CXX compiler identification is GNU 11.4.0
[0.274s] -- Detecting C compiler ABI info
[0.415s] -- Detecting C compiler ABI info - done
[0.441s] -- Check for working C compiler: /usr/bin/cc - skipped
[0.442s] -- Detecting C compile features
[0.443s] -- Detecting C compile features - done
[0.454s] -- Detecting CXX compiler ABI info
[0.615s] -- Detecting CXX compiler ABI info - done
[0.641s] -- Check for working CXX compiler: /usr/bin/c++ - skipped
[0.642s] -- Detecting CXX compile features
[0.643s] -- Detecting CXX compile features - done
[0.650s] -- Found ament_cmake: 1.3.12 (/opt/ros/humble/share/ament_cmake/cmake)
[0.981s] -- Found Python3: /usr/bin/python3 (found version "3.10.12") found components: Interpreter 
[1.138s] -- Override CMake install command with custom implementation using symlinks instead of copying resources
[1.364s] -- Configuring done
[1.374s] -- Generating done
[1.377s] [33mCMake Warning:
[1.377s]   Manually-specified variables were not used by the project:
[1.377s] 
[1.378s]     HUMBLE_ROS
[1.378s] 
[1.378s] [0m
[1.380s] -- Build files have been written to: /home/nonsaya-n/repo/loiter/ros2_ws/build/livox_mid360_bringup
[1.393s] Invoked command in '/home/nonsaya-n/repo/loiter/ros2_ws/build/livox_mid360_bringup' returned '0': AMENT_PREFIX_PATH=/home/nonsaya-n/repo/loiter/ros2_ws/install/livox_ros_driver2:${AMENT_PREFIX_PATH} CMAKE_PREFIX_PATH=/home/nonsaya-n/repo/loiter/ros2_ws/install/livox_ros_driver2:/opt/ros/humble LD_LIBRARY_PATH=/home/nonsaya-n/repo/loiter/ros2_ws/install/livox_ros_driver2/lib:${LD_LIBRARY_PATH} PYTHONPATH=/home/nonsaya-n/repo/loiter/ros2_ws/install/livox_ros_driver2/local/lib/python3.10/dist-packages:${PYTHONPATH} /usr/bin/cmake /home/nonsaya-n/repo/loiter/ros2_ws/src/livox_mid360_bringup -DHUMBLE_ROS=humble -DAMENT_CMAKE_SYMLINK_INSTALL=1 -DCMAKE_INSTALL_PREFIX=/home/nonsaya-n/repo/loiter/ros2_ws/install/livox_mid360_bringup
[1.396s] Invoking command in '/home/nonsaya-n/repo/loiter/ros2_ws/build/livox_mid360_bringup': AMENT_PREFIX_PATH=/home/nonsaya-n/repo/loiter/ros2_ws/install/livox_ros_driver2:${AMENT_PREFIX_PATH} CMAKE_PREFIX_PATH=/home/nonsaya-n/repo/loiter/ros2_ws/install/livox_ros_driver2:/opt/ros/humble LD_LIBRARY_PATH=/home/nonsaya-n/repo/loiter/ros2_ws/install/livox_ros_driver2/lib:${LD_LIBRARY_PATH} PYTHONPATH=/home/nonsaya-n/repo/loiter/ros2_ws/install/livox_ros_driver2/local/lib/python3.10/dist-packages:${PYTHONPATH} /usr/bin/cmake --build /home/nonsaya-n/repo/loiter/ros2_ws/build/livox_mid360_bringup -- -j6 -l6
[1.473s] Invoked command in '/home/nonsaya-n/repo/loiter/ros2_ws/build/livox_mid360_bringup' returned '0': AMENT_PREFIX_PATH=/home/nonsaya-n/repo/loiter/ros2_ws/install/livox_ros_driver2:${AMENT_PREFIX_PATH} CMAKE_PREFIX_PATH=/home/nonsaya-n/repo/loiter/ros2_ws/install/livox_ros_driver2:/opt/ros/humble LD_LIBRARY_PATH=/home/nonsaya-n/repo/loiter/ros2_ws/install/livox_ros_driver2/lib:${LD_LIBRARY_PATH} PYTHONPATH=/home/nonsaya-n/repo/loiter/ros2_ws/install/livox_ros_driver2/local/lib/python3.10/dist-packages:${PYTHONPATH} /usr/bin/cmake --build /home/nonsaya-n/repo/loiter/ros2_ws/build/livox_mid360_bringup -- -j6 -l6
[1.477s] Invoking command in '/home/nonsaya-n/repo/loiter/ros2_ws/build/livox_mid360_bringup': AMENT_PREFIX_PATH=/home/nonsaya-n/repo/loiter/ros2_ws/install/livox_ros_driver2:${AMENT_PREFIX_PATH} CMAKE_PREFIX_PATH=/home/nonsaya-n/repo/loiter/ros2_ws/install/livox_ros_driver2:/opt/ros/humble LD_LIBRARY_PATH=/home/nonsaya-n/repo/loiter/ros2_ws/install/livox_ros_driver2/lib:${LD_LIBRARY_PATH} PYTHONPATH=/home/nonsaya-n/repo/loiter/ros2_ws/install/livox_ros_driver2/local/lib/python3.10/dist-packages:${PYTHONPATH} /usr/bin/cmake --install /home/nonsaya-n/repo/loiter/ros2_ws/build/livox_mid360_bringup
[1.493s] -- Install configuration: ""
[1.494s] -- Execute custom install script
[1.495s] -- Symlinking: /home/nonsaya-n/repo/loiter/ros2_ws/install/livox_mid360_bringup/share/livox_mid360_bringup/launch/livox_mid360.launch.py
[1.512s] -- Symlinking: /home/nonsaya-n/repo/loiter/ros2_ws/install/livox_mid360_bringup/share/livox_mid360_bringup/config/livox_mid360.yaml
[1.530s] -- Symlinking: /home/nonsaya-n/repo/loiter/ros2_ws/install/livox_mid360_bringup/share/ament_index/resource_index/package_run_dependencies/livox_mid360_bringup
[1.548s] -- Symlinking: /home/nonsaya-n/repo/loiter/ros2_ws/install/livox_mid360_bringup/share/ament_index/resource_index/parent_prefix_path/livox_mid360_bringup
[1.567s] -- Symlinking: /home/nonsaya-n/repo/loiter/ros2_ws/install/livox_mid360_bringup/share/livox_mid360_bringup/environment/ament_prefix_path.sh
[1.584s] -- Symlinking: /home/nonsaya-n/repo/loiter/ros2_ws/install/livox_mid360_bringup/share/livox_mid360_bringup/environment/ament_prefix_path.dsv
[1.602s] -- Symlinking: /home/nonsaya-n/repo/loiter/ros2_ws/install/livox_mid360_bringup/share/livox_mid360_bringup/environment/path.sh
[1.620s] -- Symlinking: /home/nonsaya-n/repo/loiter/ros2_ws/install/livox_mid360_bringup/share/livox_mid360_bringup/environment/path.dsv
[1.638s] -- Symlinking: /home/nonsaya-n/repo/loiter/ros2_ws/install/livox_mid360_bringup/share/livox_mid360_bringup/local_setup.bash
[1.656s] -- Symlinking: /home/nonsaya-n/repo/loiter/ros2_ws/install/livox_mid360_bringup/share/livox_mid360_bringup/local_setup.sh
[1.674s] -- Symlinking: /home/nonsaya-n/repo/loiter/ros2_ws/install/livox_mid360_bringup/share/livox_mid360_bringup/local_setup.zsh
[1.691s] -- Symlinking: /home/nonsaya-n/repo/loiter/ros2_ws/install/livox_mid360_bringup/share/livox_mid360_bringup/local_setup.dsv
[1.708s] -- Symlinking: /home/nonsaya-n/repo/loiter/ros2_ws/install/livox_mid360_bringup/share/livox_mid360_bringup/package.dsv
[1.727s] -- Symlinking: /home/nonsaya-n/repo/loiter/ros2_ws/install/livox_mid360_bringup/share/ament_index/resource_index/packages/livox_mid360_bringup
[1.744s] -- Symlinking: /home/nonsaya-n/repo/loiter/ros2_ws/install/livox_mid360_bringup/share/livox_mid360_bringup/cmake/livox_mid360_bringupConfig.cmake
[1.762s] -- Symlinking: /home/nonsaya-n/repo/loiter/ros2_ws/install/livox_mid360_bringup/share/livox_mid360_bringup/cmake/livox_mid360_bringupConfig-version.cmake
[1.780s] -- Symlinking: /home/nonsaya-n/repo/loiter/ros2_ws/install/livox_mid360_bringup/share/livox_mid360_bringup/package.xml
[1.805s] Invoked command in '/home/nonsaya-n/repo/loiter/ros2_ws/build/livox_mid360_bringup' returned '0': AMENT_PREFIX_PATH=/home/nonsaya-n/repo/loiter/ros2_ws/install/livox_ros_driver2:${AMENT_PREFIX_PATH} CMAKE_PREFIX_PATH=/home/nonsaya-n/repo/loiter/ros2_ws/install/livox_ros_driver2:/opt/ros/humble LD_LIBRARY_PATH=/home/nonsaya-n/repo/loiter/ros2_ws/install/livox_ros_driver2/lib:${LD_LIBRARY_PATH} PYTHONPATH=/home/nonsaya-n/repo/loiter/ros2_ws/install/livox_ros_driver2/local/lib/python3.10/dist-packages:${PYTHONPATH} /usr/bin/cmake --install /home/nonsaya-n/repo/loiter/ros2_ws/build/livox_mid360_bringup
