[0.022s] Invoking command in '/home/nonsaya-n/repo/loiter/ros2_ws/build/livox_ros_driver2': /usr/bin/cmake /home/nonsaya-n/repo/loiter/ros2_ws/src/livox_ros_driver2 -DCMAKE_INSTALL_PREFIX=/home/nonsaya-n/repo/loiter/ros2_ws/install/livox_ros_driver2
[0.047s] -- livox_ros_driver2 version: 1.2.4
[0.047s] -- Found ament_cmake_auto: 1.3.12 (/opt/ros/humble/share/ament_cmake_auto/cmake)
[0.324s] CMake Error: File /home/nonsaya-n/repo/loiter/ros2_ws/src/livox_ros_driver2/package.xml does not exist.
[0.324s] CMake Error at /opt/ros/humble/share/ament_cmake_core/cmake/core/stamp.cmake:24 (configure_file):
[0.324s]   configure_file Problem configuring file
[0.324s] Call Stack (most recent call first):
[0.324s]   /opt/ros/humble/share/ament_cmake_core/cmake/core/ament_package_xml.cmake:73 (stamp)
[0.325s]   /opt/ros/humble/share/ament_cmake_core/cmake/core/ament_package_xml.cmake:49 (_ament_package_xml)
[0.325s]   /opt/ros/humble/share/ament_cmake_auto/cmake/ament_auto_find_build_dependencies.cmake:42 (ament_package_xml)
[0.325s]   CMakeLists.txt:225 (ament_auto_find_build_dependencies)
[0.325s] 
[0.325s] 
[0.354s] -- Eigen found (include: /usr/include/eigen3, version: 3.4.0)
[0.438s] -- FLANN found (include: /usr/include, lib: /usr/lib/aarch64-linux-gnu/libflann_cpp.so)
[1.058s] -- OpenNI found (version: 1.5.4.0, include: /usr/include/ni, lib: /usr/lib/libOpenNI.so;libusb::libusb)
[1.069s] -- OpenNI2 found (version: 2.2.0.33, include: /usr/include/openni2, lib: /usr/lib/aarch64-linux-gnu/libOpenNI2.so;libusb::libusb)
[1.069s] ** WARNING ** io features related to pcap will be disabled
[1.390s] -- Eigen found (include: /usr/include/eigen3, version: 3.4.0)
[1.400s] -- OpenNI found (version: 1.5.4.0, include: /usr/include/ni, lib: /usr/lib/libOpenNI.so;libusb::libusb)
[1.411s] -- OpenNI2 found (version: 2.2.0.33, include: /usr/include/openni2, lib: /usr/lib/aarch64-linux-gnu/libOpenNI2.so;libusb::libusb)
[1.714s] -- Found Qhull version 8.0.2
[2.031s] -- OpenNI found (version: 1.5.4.0, include: /usr/include/ni, lib: /usr/lib/libOpenNI.so;libusb::libusb)
[2.337s] -- looking for PCL_COMMON
[2.337s] -- looking for PCL_KDTREE
[2.338s] -- looking for PCL_OCTREE
[2.339s] -- looking for PCL_SEARCH
[2.339s] -- looking for PCL_SAMPLE_CONSENSUS
[2.340s] -- looking for PCL_FILTERS
[2.341s] -- looking for PCL_2D
[2.342s] -- looking for PCL_GEOMETRY
[2.342s] -- looking for PCL_IO
[2.343s] -- looking for PCL_FEATURES
[2.344s] -- looking for PCL_ML
[2.344s] -- looking for PCL_SEGMENTATION
[2.345s] -- looking for PCL_VISUALIZATION
[2.347s] -- looking for PCL_SURFACE
[2.348s] -- looking for PCL_REGISTRATION
[2.349s] -- looking for PCL_KEYPOINTS
[2.350s] -- looking for PCL_TRACKING
[2.350s] -- looking for PCL_RECOGNITION
[2.351s] -- looking for PCL_STEREO
[2.352s] -- looking for PCL_APPS
[2.353s] -- looking for PCL_IN_HAND_SCANNER
[2.354s] -- looking for PCL_MODELER
[2.355s] -- looking for PCL_POINT_CLOUD_EDITOR
[2.355s] -- looking for PCL_OUTOFCORE
[2.356s] -- looking for PCL_PEOPLE
[2.358s] -- Found std_msgs: 4.9.0 (/opt/ros/humble/share/std_msgs/cmake)
[2.396s] -- Found rosidl_generator_c: 3.1.7 (/opt/ros/humble/share/rosidl_generator_c/cmake)
[2.401s] -- Found rosidl_adapter: 3.1.7 (/opt/ros/humble/share/rosidl_adapter/cmake)
[2.413s] -- Found rosidl_generator_cpp: 3.1.7 (/opt/ros/humble/share/rosidl_generator_cpp/cmake)
[2.432s] -- Using all available rosidl_typesupport_c: rosidl_typesupport_fastrtps_c;rosidl_typesupport_introspection_c
[2.457s] -- Using all available rosidl_typesupport_cpp: rosidl_typesupport_fastrtps_cpp;rosidl_typesupport_introspection_cpp
[2.504s] -- Found rosidl_default_generators: 1.2.0 (/opt/ros/humble/share/rosidl_default_generators/cmake)
[2.527s] -- Checking for module 'apr-1'
[2.531s] --   No package 'apr-1' found
[2.838s] CMake Error: File /home/nonsaya-n/repo/loiter/ros2_ws/src/livox_ros_driver2/package.xml does not exist.
[2.838s] CMake Error at /opt/ros/humble/share/ament_cmake_core/cmake/core/stamp.cmake:24 (configure_file):
[2.839s]   configure_file Problem configuring file
[2.839s] Call Stack (most recent call first):
[2.839s]   /opt/ros/humble/share/ament_cmake_core/cmake/core/ament_package_xml.cmake:73 (stamp)
[2.839s]   /opt/ros/humble/share/ament_cmake_core/cmake/core/ament_package_xml.cmake:49 (_ament_package_xml)
[2.839s]   /opt/ros/humble/share/rosidl_cmake/cmake/rosidl_generate_interfaces.cmake:226 (ament_package_xml)
[2.839s]   CMakeLists.txt:241 (rosidl_generate_interfaces)
[2.840s] 
[2.840s] 
[2.840s] CMake Error at /opt/ros/humble/share/rosidl_cmake/cmake/rosidl_generate_interfaces.cmake:229 (message):
[2.840s]   Packages installing interfaces must include
[2.841s]   '<member_of_group>rosidl_interface_packages</member_of_group>' in their
[2.841s]   package.xml
[2.841s] Call Stack (most recent call first):
[2.841s]   CMakeLists.txt:241 (rosidl_generate_interfaces)
[2.842s] 
[2.842s] 
[2.842s] -- Configuring incomplete, errors occurred!
[2.843s] See also "/home/nonsaya-n/repo/loiter/ros2_ws/build/livox_ros_driver2/CMakeFiles/CMakeOutput.log".
[2.877s] Invoked command in '/home/nonsaya-n/repo/loiter/ros2_ws/build/livox_ros_driver2' returned '1': /usr/bin/cmake /home/nonsaya-n/repo/loiter/ros2_ws/src/livox_ros_driver2 -DCMAKE_INSTALL_PREFIX=/home/nonsaya-n/repo/loiter/ros2_ws/install/livox_ros_driver2
