[0.286s] DEBUG:colcon:Command line arguments: ['/home/nonsaya-n/.local/bin/colcon', 'build', '--symlink-install', '--packages-select', 'glim_ros']
[0.286s] DEBUG:colcon:Parsed command line arguments: Namespace(log_base=None, log_level=None, verb_name='build', build_base='build', install_base='install', merge_install=False, symlink_install=True, test_result_base=None, continue_on_error=False, executor='parallel', parallel_workers=6, event_handlers=None, ignore_user_meta=False, metas=['./colcon.meta'], base_paths=['.'], packages_ignore=None, packages_ignore_regex=None, paths=None, packages_up_to=None, packages_up_to_regex=None, packages_above=None, packages_above_and_dependencies=None, packages_above_depth=None, packages_select_by_dep=None, packages_skip_by_dep=None, packages_skip_up_to=None, packages_select_build_failed=False, packages_skip_build_finished=False, packages_select_test_failures=False, packages_skip_test_passed=False, packages_select=['glim_ros'], packages_skip=None, packages_select_regex=None, packages_skip_regex=None, packages_start=None, packages_end=None, cmake_args=None, cmake_target=None, cmake_target_skip_unavailable=False, cmake_clean_cache=False, cmake_clean_first=False, cmake_force_configure=False, ament_cmake_args=None, catkin_cmake_args=None, catkin_skip_building_tests=False, verb_parser=<colcon_defaults.argument_parser.defaults.DefaultArgumentsDecorator object at 0xffff81320d00>, verb_extension=<colcon_core.verb.build.BuildVerb object at 0xffff813208b0>, main=<bound method BuildVerb.main of <colcon_core.verb.build.BuildVerb object at 0xffff813208b0>>)
[0.571s] Level 1:colcon.colcon_core.package_discovery:discover_packages(colcon_meta) check parameters
[0.572s] Level 1:colcon.colcon_core.package_discovery:discover_packages(recursive) check parameters
[0.572s] Level 1:colcon.colcon_core.package_discovery:discover_packages(ignore) check parameters
[0.572s] Level 1:colcon.colcon_core.package_discovery:discover_packages(path) check parameters
[0.572s] Level 1:colcon.colcon_core.package_discovery:discover_packages(colcon_meta) discover
[0.572s] Level 1:colcon.colcon_core.package_discovery:discover_packages(recursive) discover
[0.572s] INFO:colcon.colcon_core.package_discovery:Crawling recursively for packages in '/home/nonsaya-n/repo/loiter/ros2_ws'
[0.573s] Level 1:colcon.colcon_core.package_identification:_identify(.) by extensions ['ignore', 'ignore_ament_install']
[0.573s] Level 1:colcon.colcon_core.package_identification:_identify(.) by extension 'ignore'
[0.573s] Level 1:colcon.colcon_core.package_identification:_identify(.) by extension 'ignore_ament_install'
[0.573s] Level 1:colcon.colcon_core.package_identification:_identify(.) by extensions ['colcon_pkg']
[0.573s] Level 1:colcon.colcon_core.package_identification:_identify(.) by extension 'colcon_pkg'
[0.573s] Level 1:colcon.colcon_core.package_identification:_identify(.) by extensions ['colcon_meta']
[0.574s] Level 1:colcon.colcon_core.package_identification:_identify(.) by extension 'colcon_meta'
[0.574s] Level 1:colcon.colcon_core.package_identification:_identify(.) by extensions ['ros']
[0.574s] Level 1:colcon.colcon_core.package_identification:_identify(.) by extension 'ros'
[0.599s] Level 1:colcon.colcon_core.package_identification:_identify(.) by extensions ['cmake', 'python']
[0.599s] Level 1:colcon.colcon_core.package_identification:_identify(.) by extension 'cmake'
[0.600s] Level 1:colcon.colcon_core.package_identification:_identify(.) by extension 'python'
[0.600s] Level 1:colcon.colcon_core.package_identification:_identify(.) by extensions ['python_setup_py']
[0.600s] Level 1:colcon.colcon_core.package_identification:_identify(.) by extension 'python_setup_py'
[0.600s] Level 1:colcon.colcon_core.package_identification:_identify(build) by extensions ['ignore', 'ignore_ament_install']
[0.600s] Level 1:colcon.colcon_core.package_identification:_identify(build) by extension 'ignore'
[0.600s] Level 1:colcon.colcon_core.package_identification:_identify(build) ignored
[0.601s] Level 1:colcon.colcon_core.package_identification:_identify(install) by extensions ['ignore', 'ignore_ament_install']
[0.601s] Level 1:colcon.colcon_core.package_identification:_identify(install) by extension 'ignore'
[0.601s] Level 1:colcon.colcon_core.package_identification:_identify(install) ignored
[0.601s] Level 1:colcon.colcon_core.package_identification:_identify(log) by extensions ['ignore', 'ignore_ament_install']
[0.602s] Level 1:colcon.colcon_core.package_identification:_identify(log) by extension 'ignore'
[0.602s] Level 1:colcon.colcon_core.package_identification:_identify(log) ignored
[0.602s] Level 1:colcon.colcon_core.package_identification:_identify(src) by extensions ['ignore', 'ignore_ament_install']
[0.602s] Level 1:colcon.colcon_core.package_identification:_identify(src) by extension 'ignore'
[0.602s] Level 1:colcon.colcon_core.package_identification:_identify(src) by extension 'ignore_ament_install'
[0.602s] Level 1:colcon.colcon_core.package_identification:_identify(src) by extensions ['colcon_pkg']
[0.602s] Level 1:colcon.colcon_core.package_identification:_identify(src) by extension 'colcon_pkg'
[0.603s] Level 1:colcon.colcon_core.package_identification:_identify(src) by extensions ['colcon_meta']
[0.603s] Level 1:colcon.colcon_core.package_identification:_identify(src) by extension 'colcon_meta'
[0.603s] Level 1:colcon.colcon_core.package_identification:_identify(src) by extensions ['ros']
[0.603s] Level 1:colcon.colcon_core.package_identification:_identify(src) by extension 'ros'
[0.603s] Level 1:colcon.colcon_core.package_identification:_identify(src) by extensions ['cmake', 'python']
[0.603s] Level 1:colcon.colcon_core.package_identification:_identify(src) by extension 'cmake'
[0.603s] Level 1:colcon.colcon_core.package_identification:_identify(src) by extension 'python'
[0.603s] Level 1:colcon.colcon_core.package_identification:_identify(src) by extensions ['python_setup_py']
[0.603s] Level 1:colcon.colcon_core.package_identification:_identify(src) by extension 'python_setup_py'
[0.604s] Level 1:colcon.colcon_core.package_identification:_identify(src/glim) by extensions ['ignore', 'ignore_ament_install']
[0.604s] Level 1:colcon.colcon_core.package_identification:_identify(src/glim) by extension 'ignore'
[0.604s] Level 1:colcon.colcon_core.package_identification:_identify(src/glim) by extension 'ignore_ament_install'
[0.604s] Level 1:colcon.colcon_core.package_identification:_identify(src/glim) by extensions ['colcon_pkg']
[0.604s] Level 1:colcon.colcon_core.package_identification:_identify(src/glim) by extension 'colcon_pkg'
[0.604s] Level 1:colcon.colcon_core.package_identification:_identify(src/glim) by extensions ['colcon_meta']
[0.604s] Level 1:colcon.colcon_core.package_identification:_identify(src/glim) by extension 'colcon_meta'
[0.604s] Level 1:colcon.colcon_core.package_identification:_identify(src/glim) by extensions ['ros']
[0.604s] Level 1:colcon.colcon_core.package_identification:_identify(src/glim) by extension 'ros'
[0.615s] DEBUG:colcon.colcon_core.package_identification:Package 'src/glim' with type 'ros.ament_cmake' and name 'glim'
[0.615s] Level 1:colcon.colcon_core.package_identification:_identify(src/glim_bringup) by extensions ['ignore', 'ignore_ament_install']
[0.615s] Level 1:colcon.colcon_core.package_identification:_identify(src/glim_bringup) by extension 'ignore'
[0.615s] Level 1:colcon.colcon_core.package_identification:_identify(src/glim_bringup) by extension 'ignore_ament_install'
[0.616s] Level 1:colcon.colcon_core.package_identification:_identify(src/glim_bringup) by extensions ['colcon_pkg']
[0.616s] Level 1:colcon.colcon_core.package_identification:_identify(src/glim_bringup) by extension 'colcon_pkg'
[0.616s] Level 1:colcon.colcon_core.package_identification:_identify(src/glim_bringup) by extensions ['colcon_meta']
[0.616s] Level 1:colcon.colcon_core.package_identification:_identify(src/glim_bringup) by extension 'colcon_meta'
[0.616s] Level 1:colcon.colcon_core.package_identification:_identify(src/glim_bringup) by extensions ['ros']
[0.616s] Level 1:colcon.colcon_core.package_identification:_identify(src/glim_bringup) by extension 'ros'
[0.617s] DEBUG:colcon.colcon_core.package_identification:Package 'src/glim_bringup' with type 'ros.ament_cmake' and name 'glim_bringup'
[0.618s] Level 1:colcon.colcon_core.package_identification:_identify(src/glim_ros2) by extensions ['ignore', 'ignore_ament_install']
[0.618s] Level 1:colcon.colcon_core.package_identification:_identify(src/glim_ros2) by extension 'ignore'
[0.618s] Level 1:colcon.colcon_core.package_identification:_identify(src/glim_ros2) by extension 'ignore_ament_install'
[0.618s] Level 1:colcon.colcon_core.package_identification:_identify(src/glim_ros2) by extensions ['colcon_pkg']
[0.618s] Level 1:colcon.colcon_core.package_identification:_identify(src/glim_ros2) by extension 'colcon_pkg'
[0.618s] Level 1:colcon.colcon_core.package_identification:_identify(src/glim_ros2) by extensions ['colcon_meta']
[0.618s] Level 1:colcon.colcon_core.package_identification:_identify(src/glim_ros2) by extension 'colcon_meta'
[0.618s] Level 1:colcon.colcon_core.package_identification:_identify(src/glim_ros2) by extensions ['ros']
[0.619s] Level 1:colcon.colcon_core.package_identification:_identify(src/glim_ros2) by extension 'ros'
[0.622s] DEBUG:colcon.colcon_core.package_identification:Package 'src/glim_ros2' with type 'ros.ament_cmake' and name 'glim_ros'
[0.622s] Level 1:colcon.colcon_core.package_identification:_identify(src/livox_mid360_bringup) by extensions ['ignore', 'ignore_ament_install']
[0.622s] Level 1:colcon.colcon_core.package_identification:_identify(src/livox_mid360_bringup) by extension 'ignore'
[0.622s] Level 1:colcon.colcon_core.package_identification:_identify(src/livox_mid360_bringup) by extension 'ignore_ament_install'
[0.623s] Level 1:colcon.colcon_core.package_identification:_identify(src/livox_mid360_bringup) by extensions ['colcon_pkg']
[0.623s] Level 1:colcon.colcon_core.package_identification:_identify(src/livox_mid360_bringup) by extension 'colcon_pkg'
[0.623s] Level 1:colcon.colcon_core.package_identification:_identify(src/livox_mid360_bringup) by extensions ['colcon_meta']
[0.623s] Level 1:colcon.colcon_core.package_identification:_identify(src/livox_mid360_bringup) by extension 'colcon_meta'
[0.623s] Level 1:colcon.colcon_core.package_identification:_identify(src/livox_mid360_bringup) by extensions ['ros']
[0.623s] Level 1:colcon.colcon_core.package_identification:_identify(src/livox_mid360_bringup) by extension 'ros'
[0.624s] DEBUG:colcon.colcon_core.package_identification:Package 'src/livox_mid360_bringup' with type 'ros.ament_cmake' and name 'livox_mid360_bringup'
[0.624s] Level 1:colcon.colcon_core.package_identification:_identify(src/livox_ros_driver2) by extensions ['ignore', 'ignore_ament_install']
[0.625s] Level 1:colcon.colcon_core.package_identification:_identify(src/livox_ros_driver2) by extension 'ignore'
[0.625s] Level 1:colcon.colcon_core.package_identification:_identify(src/livox_ros_driver2) by extension 'ignore_ament_install'
[0.625s] Level 1:colcon.colcon_core.package_identification:_identify(src/livox_ros_driver2) by extensions ['colcon_pkg']
[0.625s] Level 1:colcon.colcon_core.package_identification:_identify(src/livox_ros_driver2) by extension 'colcon_pkg'
[0.625s] Level 1:colcon.colcon_core.package_identification:_identify(src/livox_ros_driver2) by extensions ['colcon_meta']
[0.625s] Level 1:colcon.colcon_core.package_identification:_identify(src/livox_ros_driver2) by extension 'colcon_meta'
[0.625s] Level 1:colcon.colcon_core.package_identification:_identify(src/livox_ros_driver2) by extensions ['ros']
[0.625s] Level 1:colcon.colcon_core.package_identification:_identify(src/livox_ros_driver2) by extension 'ros'
[0.628s] DEBUG:colcon.colcon_core.package_identification:Package 'src/livox_ros_driver2' with type 'ros.ament_cmake' and name 'livox_ros_driver2'
[0.628s] Level 1:colcon.colcon_core.package_discovery:discover_packages(recursive) using defaults
[0.628s] Level 1:colcon.colcon_core.package_discovery:discover_packages(ignore) discover
[0.628s] Level 1:colcon.colcon_core.package_discovery:discover_packages(ignore) using defaults
[0.628s] Level 1:colcon.colcon_core.package_discovery:discover_packages(path) discover
[0.628s] Level 1:colcon.colcon_core.package_discovery:discover_packages(path) using defaults
[0.675s] INFO:colcon.colcon_core.package_selection:Skipping not selected package 'glim' in 'src/glim'
[0.675s] INFO:colcon.colcon_core.package_selection:Skipping not selected package 'glim_bringup' in 'src/glim_bringup'
[0.675s] INFO:colcon.colcon_core.package_selection:Skipping not selected package 'livox_ros_driver2' in 'src/livox_ros_driver2'
[0.675s] INFO:colcon.colcon_core.package_selection:Skipping not selected package 'livox_mid360_bringup' in 'src/livox_mid360_bringup'
[0.676s] Level 5:colcon.colcon_core.verb:set package 'glim_ros' build argument 'cmake_args' from command line to 'None'
[0.676s] Level 5:colcon.colcon_core.verb:set package 'glim_ros' build argument 'cmake_target' from command line to 'None'
[0.676s] Level 5:colcon.colcon_core.verb:set package 'glim_ros' build argument 'cmake_target_skip_unavailable' from command line to 'False'
[0.676s] Level 5:colcon.colcon_core.verb:set package 'glim_ros' build argument 'cmake_clean_cache' from command line to 'False'
[0.676s] Level 5:colcon.colcon_core.verb:set package 'glim_ros' build argument 'cmake_clean_first' from command line to 'False'
[0.676s] Level 5:colcon.colcon_core.verb:set package 'glim_ros' build argument 'cmake_force_configure' from command line to 'False'
[0.677s] Level 5:colcon.colcon_core.verb:set package 'glim_ros' build argument 'ament_cmake_args' from command line to 'None'
[0.677s] Level 5:colcon.colcon_core.verb:set package 'glim_ros' build argument 'catkin_cmake_args' from command line to 'None'
[0.677s] Level 5:colcon.colcon_core.verb:set package 'glim_ros' build argument 'catkin_skip_building_tests' from command line to 'False'
[0.677s] DEBUG:colcon.colcon_core.verb:Building package 'glim_ros' with the following arguments: {'ament_cmake_args': None, 'build_base': '/home/nonsaya-n/repo/loiter/ros2_ws/build/glim_ros', 'catkin_cmake_args': None, 'catkin_skip_building_tests': False, 'cmake_args': None, 'cmake_clean_cache': False, 'cmake_clean_first': False, 'cmake_force_configure': False, 'cmake_target': None, 'cmake_target_skip_unavailable': False, 'install_base': '/home/nonsaya-n/repo/loiter/ros2_ws/install/glim_ros', 'merge_install': False, 'path': '/home/nonsaya-n/repo/loiter/ros2_ws/src/glim_ros2', 'symlink_install': True, 'test_result_base': None}
[0.677s] INFO:colcon.colcon_core.executor:Executing jobs using 'parallel' executor
[0.679s] DEBUG:colcon.colcon_parallel_executor.executor.parallel:run_until_complete
[0.680s] INFO:colcon.colcon_ros.task.ament_cmake.build:Building ROS package in '/home/nonsaya-n/repo/loiter/ros2_ws/src/glim_ros2' with build type 'ament_cmake'
[0.680s] INFO:colcon.colcon_cmake.task.cmake.build:Building CMake package in '/home/nonsaya-n/repo/loiter/ros2_ws/src/glim_ros2'
[0.685s] INFO:colcon.colcon_core.plugin_system:Skipping extension 'colcon_core.shell.bat': Not used on non-Windows systems
[0.685s] INFO:colcon.colcon_core.shell:Skip shell extension 'powershell' for command environment: Not usable outside of PowerShell
[0.686s] DEBUG:colcon.colcon_core.shell:Skip shell extension 'dsv' for command environment
[0.705s] DEBUG:colcon.colcon_core.event_handler.log_command:Invoking command in '/home/nonsaya-n/repo/loiter/ros2_ws/build/glim_ros': CMAKE_PREFIX_PATH=/home/nonsaya-n/repo/loiter/ros2_ws/install/glim:/home/nonsaya-n/repo/loiter/ros2_ws/install/glim_bringup:/home/nonsaya-n/repo/loiter/ros2_ws/install/livox_mid360_bringup:/home/nonsaya-n/repo/loiter/ros2_ws/install/livox_ros_driver2:/opt/ros/humble /usr/bin/cmake /home/nonsaya-n/repo/loiter/ros2_ws/src/glim_ros2 -DAMENT_CMAKE_SYMLINK_INSTALL=1 -DCMAKE_INSTALL_PREFIX=/home/nonsaya-n/repo/loiter/ros2_ws/install/glim_ros
[4.175s] DEBUG:colcon.colcon_core.event_handler.log_command:Invoked command in '/home/nonsaya-n/repo/loiter/ros2_ws/build/glim_ros' returned '0': CMAKE_PREFIX_PATH=/home/nonsaya-n/repo/loiter/ros2_ws/install/glim:/home/nonsaya-n/repo/loiter/ros2_ws/install/glim_bringup:/home/nonsaya-n/repo/loiter/ros2_ws/install/livox_mid360_bringup:/home/nonsaya-n/repo/loiter/ros2_ws/install/livox_ros_driver2:/opt/ros/humble /usr/bin/cmake /home/nonsaya-n/repo/loiter/ros2_ws/src/glim_ros2 -DAMENT_CMAKE_SYMLINK_INSTALL=1 -DCMAKE_INSTALL_PREFIX=/home/nonsaya-n/repo/loiter/ros2_ws/install/glim_ros
[4.180s] DEBUG:colcon.colcon_core.event_handler.log_command:Invoking command in '/home/nonsaya-n/repo/loiter/ros2_ws/build/glim_ros': CMAKE_PREFIX_PATH=/home/nonsaya-n/repo/loiter/ros2_ws/install/glim:/home/nonsaya-n/repo/loiter/ros2_ws/install/glim_bringup:/home/nonsaya-n/repo/loiter/ros2_ws/install/livox_mid360_bringup:/home/nonsaya-n/repo/loiter/ros2_ws/install/livox_ros_driver2:/opt/ros/humble /usr/bin/cmake --build /home/nonsaya-n/repo/loiter/ros2_ws/build/glim_ros -- -j6 -l6
[191.387s] DEBUG:colcon.colcon_core.event_handler.log_command:Invoked command in '/home/nonsaya-n/repo/loiter/ros2_ws/build/glim_ros' returned '0': CMAKE_PREFIX_PATH=/home/nonsaya-n/repo/loiter/ros2_ws/install/glim:/home/nonsaya-n/repo/loiter/ros2_ws/install/glim_bringup:/home/nonsaya-n/repo/loiter/ros2_ws/install/livox_mid360_bringup:/home/nonsaya-n/repo/loiter/ros2_ws/install/livox_ros_driver2:/opt/ros/humble /usr/bin/cmake --build /home/nonsaya-n/repo/loiter/ros2_ws/build/glim_ros -- -j6 -l6
[191.412s] DEBUG:colcon.colcon_core.event_handler.log_command:Invoking command in '/home/nonsaya-n/repo/loiter/ros2_ws/build/glim_ros': CMAKE_PREFIX_PATH=/home/nonsaya-n/repo/loiter/ros2_ws/install/glim:/home/nonsaya-n/repo/loiter/ros2_ws/install/glim_bringup:/home/nonsaya-n/repo/loiter/ros2_ws/install/livox_mid360_bringup:/home/nonsaya-n/repo/loiter/ros2_ws/install/livox_ros_driver2:/opt/ros/humble /usr/bin/cmake --install /home/nonsaya-n/repo/loiter/ros2_ws/build/glim_ros
[192.028s] Level 1:colcon.colcon_core.environment:create_environment_scripts_only(glim_ros)
[192.029s] DEBUG:colcon.colcon_core.event_handler.log_command:Invoked command in '/home/nonsaya-n/repo/loiter/ros2_ws/build/glim_ros' returned '0': CMAKE_PREFIX_PATH=/home/nonsaya-n/repo/loiter/ros2_ws/install/glim:/home/nonsaya-n/repo/loiter/ros2_ws/install/glim_bringup:/home/nonsaya-n/repo/loiter/ros2_ws/install/livox_mid360_bringup:/home/nonsaya-n/repo/loiter/ros2_ws/install/livox_ros_driver2:/opt/ros/humble /usr/bin/cmake --install /home/nonsaya-n/repo/loiter/ros2_ws/build/glim_ros
[192.038s] Level 1:colcon.colcon_core.environment:checking '/home/nonsaya-n/repo/loiter/ros2_ws/install/glim_ros' for CMake module files
[192.040s] Level 1:colcon.colcon_core.environment:checking '/home/nonsaya-n/repo/loiter/ros2_ws/install/glim_ros' for CMake config files
[192.042s] Level 1:colcon.colcon_core.shell:create_environment_hook('glim_ros', 'cmake_prefix_path')
[192.042s] INFO:colcon.colcon_core.shell:Creating environment hook '/home/nonsaya-n/repo/loiter/ros2_ws/install/glim_ros/share/glim_ros/hook/cmake_prefix_path.ps1'
[192.045s] INFO:colcon.colcon_core.shell:Creating environment descriptor '/home/nonsaya-n/repo/loiter/ros2_ws/install/glim_ros/share/glim_ros/hook/cmake_prefix_path.dsv'
[192.046s] INFO:colcon.colcon_core.shell:Creating environment hook '/home/nonsaya-n/repo/loiter/ros2_ws/install/glim_ros/share/glim_ros/hook/cmake_prefix_path.sh'
[192.049s] Level 1:colcon.colcon_core.environment:checking '/home/nonsaya-n/repo/loiter/ros2_ws/install/glim_ros/lib'
[192.050s] Level 1:colcon.colcon_core.shell:create_environment_hook('glim_ros', 'ld_library_path_lib')
[192.051s] INFO:colcon.colcon_core.shell:Creating environment hook '/home/nonsaya-n/repo/loiter/ros2_ws/install/glim_ros/share/glim_ros/hook/ld_library_path_lib.ps1'
[192.052s] INFO:colcon.colcon_core.shell:Creating environment descriptor '/home/nonsaya-n/repo/loiter/ros2_ws/install/glim_ros/share/glim_ros/hook/ld_library_path_lib.dsv'
[192.053s] INFO:colcon.colcon_core.shell:Creating environment hook '/home/nonsaya-n/repo/loiter/ros2_ws/install/glim_ros/share/glim_ros/hook/ld_library_path_lib.sh'
[192.055s] Level 1:colcon.colcon_core.environment:checking '/home/nonsaya-n/repo/loiter/ros2_ws/install/glim_ros/bin'
[192.055s] Level 1:colcon.colcon_core.environment:checking '/home/nonsaya-n/repo/loiter/ros2_ws/install/glim_ros/lib/pkgconfig/glim_ros.pc'
[192.060s] Level 1:colcon.colcon_core.environment:checking '/home/nonsaya-n/repo/loiter/ros2_ws/install/glim_ros/lib/python3.10/site-packages'
[192.061s] Level 1:colcon.colcon_core.environment:checking '/home/nonsaya-n/repo/loiter/ros2_ws/install/glim_ros/bin'
[192.062s] INFO:colcon.colcon_core.shell:Creating package script '/home/nonsaya-n/repo/loiter/ros2_ws/install/glim_ros/share/glim_ros/package.ps1'
[192.065s] INFO:colcon.colcon_core.shell:Creating package descriptor '/home/nonsaya-n/repo/loiter/ros2_ws/install/glim_ros/share/glim_ros/package.dsv'
[192.067s] INFO:colcon.colcon_core.shell:Creating package script '/home/nonsaya-n/repo/loiter/ros2_ws/install/glim_ros/share/glim_ros/package.sh'
[192.070s] INFO:colcon.colcon_core.shell:Creating package script '/home/nonsaya-n/repo/loiter/ros2_ws/install/glim_ros/share/glim_ros/package.bash'
[192.073s] INFO:colcon.colcon_core.shell:Creating package script '/home/nonsaya-n/repo/loiter/ros2_ws/install/glim_ros/share/glim_ros/package.zsh'
[192.075s] Level 1:colcon.colcon_core.environment:create_file_with_runtime_dependencies(/home/nonsaya-n/repo/loiter/ros2_ws/install/glim_ros/share/colcon-core/packages/glim_ros)
[192.078s] Level 1:colcon.colcon_core.environment:create_environment_scripts_only(glim_ros)
[192.078s] Level 1:colcon.colcon_core.environment:checking '/home/nonsaya-n/repo/loiter/ros2_ws/install/glim_ros' for CMake module files
[192.080s] Level 1:colcon.colcon_core.environment:checking '/home/nonsaya-n/repo/loiter/ros2_ws/install/glim_ros' for CMake config files
[192.081s] Level 1:colcon.colcon_core.shell:create_environment_hook('glim_ros', 'cmake_prefix_path')
[192.082s] INFO:colcon.colcon_core.shell:Creating environment hook '/home/nonsaya-n/repo/loiter/ros2_ws/install/glim_ros/share/glim_ros/hook/cmake_prefix_path.ps1'
[192.083s] INFO:colcon.colcon_core.shell:Creating environment descriptor '/home/nonsaya-n/repo/loiter/ros2_ws/install/glim_ros/share/glim_ros/hook/cmake_prefix_path.dsv'
[192.085s] INFO:colcon.colcon_core.shell:Creating environment hook '/home/nonsaya-n/repo/loiter/ros2_ws/install/glim_ros/share/glim_ros/hook/cmake_prefix_path.sh'
[192.086s] Level 1:colcon.colcon_core.environment:checking '/home/nonsaya-n/repo/loiter/ros2_ws/install/glim_ros/lib'
[192.087s] Level 1:colcon.colcon_core.shell:create_environment_hook('glim_ros', 'ld_library_path_lib')
[192.087s] INFO:colcon.colcon_core.shell:Creating environment hook '/home/nonsaya-n/repo/loiter/ros2_ws/install/glim_ros/share/glim_ros/hook/ld_library_path_lib.ps1'
[192.088s] INFO:colcon.colcon_core.shell:Creating environment descriptor '/home/nonsaya-n/repo/loiter/ros2_ws/install/glim_ros/share/glim_ros/hook/ld_library_path_lib.dsv'
[192.089s] INFO:colcon.colcon_core.shell:Creating environment hook '/home/nonsaya-n/repo/loiter/ros2_ws/install/glim_ros/share/glim_ros/hook/ld_library_path_lib.sh'
[192.091s] Level 1:colcon.colcon_core.environment:checking '/home/nonsaya-n/repo/loiter/ros2_ws/install/glim_ros/bin'
[192.091s] Level 1:colcon.colcon_core.environment:checking '/home/nonsaya-n/repo/loiter/ros2_ws/install/glim_ros/lib/pkgconfig/glim_ros.pc'
[192.092s] Level 1:colcon.colcon_core.environment:checking '/home/nonsaya-n/repo/loiter/ros2_ws/install/glim_ros/lib/python3.10/site-packages'
[192.093s] Level 1:colcon.colcon_core.environment:checking '/home/nonsaya-n/repo/loiter/ros2_ws/install/glim_ros/bin'
[192.094s] INFO:colcon.colcon_core.shell:Creating package script '/home/nonsaya-n/repo/loiter/ros2_ws/install/glim_ros/share/glim_ros/package.ps1'
[192.096s] INFO:colcon.colcon_core.shell:Creating package descriptor '/home/nonsaya-n/repo/loiter/ros2_ws/install/glim_ros/share/glim_ros/package.dsv'
[192.097s] INFO:colcon.colcon_core.shell:Creating package script '/home/nonsaya-n/repo/loiter/ros2_ws/install/glim_ros/share/glim_ros/package.sh'
[192.099s] INFO:colcon.colcon_core.shell:Creating package script '/home/nonsaya-n/repo/loiter/ros2_ws/install/glim_ros/share/glim_ros/package.bash'
[192.101s] INFO:colcon.colcon_core.shell:Creating package script '/home/nonsaya-n/repo/loiter/ros2_ws/install/glim_ros/share/glim_ros/package.zsh'
[192.102s] Level 1:colcon.colcon_core.environment:create_file_with_runtime_dependencies(/home/nonsaya-n/repo/loiter/ros2_ws/install/glim_ros/share/colcon-core/packages/glim_ros)
[192.103s] DEBUG:colcon.colcon_parallel_executor.executor.parallel:closing loop
[192.104s] DEBUG:colcon.colcon_parallel_executor.executor.parallel:loop closed
[192.104s] DEBUG:colcon.colcon_parallel_executor.executor.parallel:run_until_complete finished with '0'
[192.105s] DEBUG:colcon.colcon_core.event_reactor:joining thread
[192.125s] INFO:colcon.colcon_core.plugin_system:Skipping extension 'colcon_notification.desktop_notification.terminal_notifier': Not used on non-Darwin systems
[192.125s] INFO:colcon.colcon_core.plugin_system:Skipping extension 'colcon_notification.desktop_notification.win32': Not used on non-Windows systems
[192.126s] INFO:colcon.colcon_notification.desktop_notification:Sending desktop notification using 'notify2'
[192.159s] DEBUG:colcon.colcon_core.event_reactor:joined thread
[192.160s] INFO:colcon.colcon_core.shell:Creating prefix script '/home/nonsaya-n/repo/loiter/ros2_ws/install/local_setup.ps1'
[192.164s] INFO:colcon.colcon_core.shell:Creating prefix util module '/home/nonsaya-n/repo/loiter/ros2_ws/install/_local_setup_util_ps1.py'
[192.169s] INFO:colcon.colcon_core.shell:Creating prefix chain script '/home/nonsaya-n/repo/loiter/ros2_ws/install/setup.ps1'
[192.173s] INFO:colcon.colcon_core.shell:Creating prefix script '/home/nonsaya-n/repo/loiter/ros2_ws/install/local_setup.sh'
[192.176s] INFO:colcon.colcon_core.shell:Creating prefix util module '/home/nonsaya-n/repo/loiter/ros2_ws/install/_local_setup_util_sh.py'
[192.178s] INFO:colcon.colcon_core.shell:Creating prefix chain script '/home/nonsaya-n/repo/loiter/ros2_ws/install/setup.sh'
[192.182s] INFO:colcon.colcon_core.shell:Creating prefix script '/home/nonsaya-n/repo/loiter/ros2_ws/install/local_setup.bash'
[192.184s] INFO:colcon.colcon_core.shell:Creating prefix chain script '/home/nonsaya-n/repo/loiter/ros2_ws/install/setup.bash'
[192.188s] INFO:colcon.colcon_core.shell:Creating prefix script '/home/nonsaya-n/repo/loiter/ros2_ws/install/local_setup.zsh'
[192.190s] INFO:colcon.colcon_core.shell:Creating prefix chain script '/home/nonsaya-n/repo/loiter/ros2_ws/install/setup.zsh'
