[0.020s] Invoking command in '/home/nonsaya-n/repo/loiter/ros2_ws/build/livox_ros_driver2': /usr/bin/cmake /home/nonsaya-n/repo/loiter/ros2_ws/src/livox_ros_driver2 -DCMAKE_INSTALL_PREFIX=/home/nonsaya-n/repo/loiter/ros2_ws/install/livox_ros_driver2
[0.149s] -- The C compiler identification is GNU 11.4.0
[0.273s] -- The CXX compiler identification is GNU 11.4.0
[0.291s] -- Detecting C compiler ABI info
[0.433s] -- Detecting C compiler ABI info - done
[0.457s] -- Check for working C compiler: /usr/bin/cc - skipped
[0.458s] -- Detecting C compile features
[0.460s] -- Detecting C compile features - done
[0.471s] -- Detecting CXX compiler ABI info
[0.627s] -- Detecting CXX compiler ABI info - done
[0.652s] -- Check for working CXX compiler: /usr/bin/c++ - skipped
[0.653s] -- Detecting CXX compile features
[0.655s] -- Detecting CXX compile features - done
[0.658s] -- livox_ros_driver2 version: 1.2.4
[0.661s] -- Found ament_cmake_auto: 1.3.12 (/opt/ros/humble/share/ament_cmake_auto/cmake)
[1.013s] -- Found Python3: /usr/bin/python3 (found version "3.10.12") found components: Interpreter 
[1.203s] CMake Error: File /home/nonsaya-n/repo/loiter/ros2_ws/src/livox_ros_driver2/package.xml does not exist.
[1.203s] CMake Error at /opt/ros/humble/share/ament_cmake_core/cmake/core/stamp.cmake:24 (configure_file):
[1.203s]   configure_file Problem configuring file
[1.203s] Call Stack (most recent call first):
[1.203s]   /opt/ros/humble/share/ament_cmake_core/cmake/core/ament_package_xml.cmake:73 (stamp)
[1.203s]   /opt/ros/humble/share/ament_cmake_core/cmake/core/ament_package_xml.cmake:49 (_ament_package_xml)
[1.204s]   /opt/ros/humble/share/ament_cmake_auto/cmake/ament_auto_find_build_dependencies.cmake:42 (ament_package_xml)
[1.204s]   CMakeLists.txt:225 (ament_auto_find_build_dependencies)
[1.204s] 
[1.204s] 
[1.232s] -- Checking for module 'eigen3'
[1.253s] --   Found eigen3, version 3.4.0
[1.303s] -- Found Eigen: /usr/include/eigen3 (Required is at least version "3.1") 
[1.303s] -- Eigen found (include: /usr/include/eigen3, version: 3.4.0)
[1.340s] -- Found Boost: /usr/lib/aarch64-linux-gnu/cmake/Boost-1.74.0/BoostConfig.cmake (found suitable version "1.74.0", minimum required is "1.65.0") found components: system filesystem date_time iostreams serialization 
[1.376s] -- Checking for module 'flann'
[1.397s] --   Found flann, version 1.9.1
[1.490s] -- Found FLANN: /usr/lib/aarch64-linux-gnu/libflann_cpp.so  
[1.490s] -- FLANN found (include: /usr/include, lib: /usr/lib/aarch64-linux-gnu/libflann_cpp.so)
[1.563s] -- Looking for pthread.h
[1.717s] -- Looking for pthread.h - found
[1.718s] -- Performing Test CMAKE_HAVE_LIBC_PTHREAD
[1.865s] -- Performing Test CMAKE_HAVE_LIBC_PTHREAD - Success
[1.868s] -- Found Threads: TRUE  
[1.872s] -- Found GLEW: /usr/lib/aarch64-linux-gnu/libGLEW.so  
[1.889s] -- Found OpenGL: /usr/lib/aarch64-linux-gnu/libOpenGL.so  found components: OpenGL GLX 
[2.197s] -- Found MPI_C: /usr/lib/aarch64-linux-gnu/libmpi.so (found version "3.1") 
[2.198s] -- Found MPI: TRUE (found version "3.1") found components: C 
[2.206s] -- Found JsonCpp: /usr/lib/aarch64-linux-gnu/libjsoncpp.so (found suitable version "1.9.5", minimum required is "0.7.0") 
[2.230s] -- Found ZLIB: /usr/lib/aarch64-linux-gnu/libz.so (found version "1.2.11") 
[2.280s] -- Found PNG: /usr/lib/aarch64-linux-gnu/libpng.so (found version "1.6.37") 
[2.309s] -- Found Eigen3: /usr/include/eigen3 (found version "3.4.0") 
[2.474s] -- Found X11: /usr/include   
[2.474s] -- Looking for XOpenDisplay in /usr/lib/aarch64-linux-gnu/libX11.so;/usr/lib/aarch64-linux-gnu/libXext.so
[2.621s] -- Looking for XOpenDisplay in /usr/lib/aarch64-linux-gnu/libX11.so;/usr/lib/aarch64-linux-gnu/libXext.so - found
[2.622s] -- Looking for gethostbyname
[2.763s] -- Looking for gethostbyname - found
[2.763s] -- Looking for connect
[2.905s] -- Looking for connect - found
[2.905s] -- Looking for remove
[3.044s] -- Looking for remove - found
[3.044s] -- Looking for shmat
[3.183s] -- Looking for shmat - found
[3.183s] -- Looking for IceConnectionNumber in ICE
[3.330s] -- Looking for IceConnectionNumber in ICE - found
[3.527s] -- Found EXPAT: /usr/lib/aarch64-linux-gnu/libexpat.so (found version "2.4.7") 
[3.531s] -- Found double-conversion: /usr/lib/aarch64-linux-gnu/libdouble-conversion.so  
[3.538s] -- Found LZ4: /usr/lib/aarch64-linux-gnu/liblz4.so (found version "1.9.3") 
[3.543s] -- Found LZMA: /usr/lib/aarch64-linux-gnu/liblzma.so (found version "5.2.5") 
[3.586s] -- Found JPEG: /usr/lib/aarch64-linux-gnu/libjpeg.so (found version "80") 
[3.597s] -- Found TIFF: /usr/lib/aarch64-linux-gnu/libtiff.so (found version "4.3.0")  
[3.606s] -- Found Freetype: /usr/lib/aarch64-linux-gnu/libfreetype.so (found version "2.11.1") 
[3.619s] -- Found utf8cpp: /usr/include/utf8cpp  
[3.755s] -- Checking for module 'libusb-1.0'
[3.778s] --   Found libusb-1.0, version 1.0.25
[3.847s] -- Found libusb: /usr/lib/aarch64-linux-gnu/libusb-1.0.so  
[3.851s] -- Found OpenNI: /usr/lib/libOpenNI.so;libusb::libusb (found version "1.5.4.0") 
[3.851s] -- OpenNI found (version: 1.5.4.0, include: /usr/include/ni, lib: /usr/lib/libOpenNI.so;libusb::libusb)
[3.952s] -- Found OpenNI2: /usr/lib/aarch64-linux-gnu/libOpenNI2.so;libusb::libusb (found version "2.2.0.33") 
[3.952s] -- OpenNI2 found (version: 2.2.0.33, include: /usr/include/openni2, lib: /usr/lib/aarch64-linux-gnu/libOpenNI2.so;libusb::libusb)
[3.952s] ** WARNING ** io features related to pcap will be disabled
[4.286s] -- Eigen found (include: /usr/include/eigen3, version: 3.4.0)
[4.297s] -- OpenNI found (version: 1.5.4.0, include: /usr/include/ni, lib: /usr/lib/libOpenNI.so;libusb::libusb)
[4.308s] -- OpenNI2 found (version: 2.2.0.33, include: /usr/include/openni2, lib: /usr/lib/aarch64-linux-gnu/libOpenNI2.so;libusb::libusb)
[4.629s] -- Found Qhull version 8.0.2
[4.953s] -- OpenNI found (version: 1.5.4.0, include: /usr/include/ni, lib: /usr/lib/libOpenNI.so;libusb::libusb)
[5.260s] -- looking for PCL_COMMON
[5.263s] -- Found PCL_COMMON: /usr/lib/aarch64-linux-gnu/libpcl_common.so  
[5.263s] -- looking for PCL_KDTREE
[5.265s] -- Found PCL_KDTREE: /usr/lib/aarch64-linux-gnu/libpcl_kdtree.so  
[5.265s] -- looking for PCL_OCTREE
[5.266s] -- Found PCL_OCTREE: /usr/lib/aarch64-linux-gnu/libpcl_octree.so  
[5.266s] -- looking for PCL_SEARCH
[5.268s] -- Found PCL_SEARCH: /usr/lib/aarch64-linux-gnu/libpcl_search.so  
[5.268s] -- looking for PCL_SAMPLE_CONSENSUS
[5.269s] -- Found PCL_SAMPLE_CONSENSUS: /usr/lib/aarch64-linux-gnu/libpcl_sample_consensus.so  
[5.270s] -- looking for PCL_FILTERS
[5.271s] -- Found PCL_FILTERS: /usr/lib/aarch64-linux-gnu/libpcl_filters.so  
[5.271s] -- looking for PCL_2D
[5.272s] -- Found PCL_2D: /usr/include/pcl-1.12  
[5.272s] -- looking for PCL_GEOMETRY
[5.273s] -- Found PCL_GEOMETRY: /usr/include/pcl-1.12  
[5.273s] -- looking for PCL_IO
[5.274s] -- Found PCL_IO: /usr/lib/aarch64-linux-gnu/libpcl_io.so  
[5.275s] -- looking for PCL_FEATURES
[5.276s] -- Found PCL_FEATURES: /usr/lib/aarch64-linux-gnu/libpcl_features.so  
[5.276s] -- looking for PCL_ML
[5.278s] -- Found PCL_ML: /usr/lib/aarch64-linux-gnu/libpcl_ml.so  
[5.278s] -- looking for PCL_SEGMENTATION
[5.279s] -- Found PCL_SEGMENTATION: /usr/lib/aarch64-linux-gnu/libpcl_segmentation.so  
[5.280s] -- looking for PCL_VISUALIZATION
[5.281s] -- Found PCL_VISUALIZATION: /usr/lib/aarch64-linux-gnu/libpcl_visualization.so  
[5.282s] -- looking for PCL_SURFACE
[5.283s] -- Found PCL_SURFACE: /usr/lib/aarch64-linux-gnu/libpcl_surface.so  
[5.284s] -- looking for PCL_REGISTRATION
[5.285s] -- Found PCL_REGISTRATION: /usr/lib/aarch64-linux-gnu/libpcl_registration.so  
[5.285s] -- looking for PCL_KEYPOINTS
[5.287s] -- Found PCL_KEYPOINTS: /usr/lib/aarch64-linux-gnu/libpcl_keypoints.so  
[5.287s] -- looking for PCL_TRACKING
[5.289s] -- Found PCL_TRACKING: /usr/lib/aarch64-linux-gnu/libpcl_tracking.so  
[5.289s] -- looking for PCL_RECOGNITION
[5.290s] -- Found PCL_RECOGNITION: /usr/lib/aarch64-linux-gnu/libpcl_recognition.so  
[5.291s] -- looking for PCL_STEREO
[5.292s] -- Found PCL_STEREO: /usr/lib/aarch64-linux-gnu/libpcl_stereo.so  
[5.293s] -- looking for PCL_APPS
[5.294s] -- Found PCL_APPS: /usr/lib/aarch64-linux-gnu/libpcl_apps.so  
[5.295s] -- looking for PCL_IN_HAND_SCANNER
[5.296s] -- Found PCL_IN_HAND_SCANNER: /usr/include/pcl-1.12  
[5.296s] -- looking for PCL_MODELER
[5.297s] -- Found PCL_MODELER: /usr/include/pcl-1.12  
[5.297s] -- looking for PCL_POINT_CLOUD_EDITOR
[5.297s] -- Found PCL_POINT_CLOUD_EDITOR: /usr/include/pcl-1.12  
[5.298s] -- looking for PCL_OUTOFCORE
[5.299s] -- Found PCL_OUTOFCORE: /usr/lib/aarch64-linux-gnu/libpcl_outofcore.so  
[5.299s] -- looking for PCL_PEOPLE
[5.301s] -- Found PCL_PEOPLE: /usr/lib/aarch64-linux-gnu/libpcl_people.so  
[5.302s] -- Found PCL: pcl_common;pcl_kdtree;pcl_octree;pcl_search;pcl_sample_consensus;pcl_filters;pcl_io;pcl_features;pcl_ml;pcl_segmentation;pcl_visualization;pcl_surface;pcl_registration;pcl_keypoints;pcl_tracking;pcl_recognition;pcl_stereo;pcl_apps;pcl_outofcore;pcl_people;Boost::system;Boost::filesystem;Boost::date_time;Boost::iostreams;Boost::serialization;/usr/lib/libOpenNI.so;libusb::libusb;/usr/lib/aarch64-linux-gnu/libOpenNI2.so;libusb::libusb;VTK::ChartsCore;VTK::CommonColor;VTK::CommonComputationalGeometry;VTK::CommonCore;VTK::CommonDataModel;VTK::CommonExecutionModel;VTK::CommonMath;VTK::CommonMisc;VTK::CommonTransforms;VTK::FiltersCore;VTK::FiltersExtraction;VTK::FiltersGeneral;VTK::FiltersGeometry;VTK::FiltersModeling;VTK::FiltersSources;VTK::ImagingCore;VTK::ImagingSources;VTK::InteractionImage;VTK::InteractionStyle;VTK::InteractionWidgets;VTK::IOCore;VTK::IOGeometry;VTK::IOImage;VTK::IOLegacy;VTK::IOPLY;VTK::RenderingAnnotation;VTK::RenderingCore;VTK::RenderingContext2D;VTK::RenderingLOD;VTK::RenderingFreeType;VTK::ViewsCore;VTK::ViewsContext2D;VTK::RenderingOpenGL2;VTK::GUISupportQt;FLANN::FLANN;QHULL::QHULL  
[5.305s] -- Found std_msgs: 4.9.0 (/opt/ros/humble/share/std_msgs/cmake)
[5.353s] -- Found rosidl_generator_c: 3.1.7 (/opt/ros/humble/share/rosidl_generator_c/cmake)
[5.361s] -- Found rosidl_adapter: 3.1.7 (/opt/ros/humble/share/rosidl_adapter/cmake)
[5.376s] -- Found rosidl_generator_cpp: 3.1.7 (/opt/ros/humble/share/rosidl_generator_cpp/cmake)
[5.398s] -- Using all available rosidl_typesupport_c: rosidl_typesupport_fastrtps_c;rosidl_typesupport_introspection_c
[5.428s] -- Using all available rosidl_typesupport_cpp: rosidl_typesupport_fastrtps_cpp;rosidl_typesupport_introspection_cpp
[5.479s] -- Found rosidl_default_generators: 1.2.0 (/opt/ros/humble/share/rosidl_default_generators/cmake)
[5.502s] -- Found PkgConfig: /usr/bin/pkg-config (found version "0.29.2") 
[5.504s] -- Checking for module 'apr-1'
[5.508s] --   No package 'apr-1' found
[5.835s] CMake Error: File /home/nonsaya-n/repo/loiter/ros2_ws/src/livox_ros_driver2/package.xml does not exist.
[5.836s] CMake Error at /opt/ros/humble/share/ament_cmake_core/cmake/core/stamp.cmake:24 (configure_file):
[5.836s]   configure_file Problem configuring file
[5.836s] Call Stack (most recent call first):
[5.836s]   /opt/ros/humble/share/ament_cmake_core/cmake/core/ament_package_xml.cmake:73 (stamp)
[5.837s]   /opt/ros/humble/share/ament_cmake_core/cmake/core/ament_package_xml.cmake:49 (_ament_package_xml)
[5.837s]   /opt/ros/humble/share/rosidl_cmake/cmake/rosidl_generate_interfaces.cmake:226 (ament_package_xml)
[5.837s]   CMakeLists.txt:241 (rosidl_generate_interfaces)
[5.837s] 
[5.837s] 
[5.838s] CMake Error at /opt/ros/humble/share/rosidl_cmake/cmake/rosidl_generate_interfaces.cmake:229 (message):
[5.838s]   Packages installing interfaces must include
[5.838s]   '<member_of_group>rosidl_interface_packages</member_of_group>' in their
[5.838s]   package.xml
[5.838s] Call Stack (most recent call first):
[5.839s]   CMakeLists.txt:241 (rosidl_generate_interfaces)
[5.839s] 
[5.839s] 
[5.839s] -- Configuring incomplete, errors occurred!
[5.839s] See also "/home/nonsaya-n/repo/loiter/ros2_ws/build/livox_ros_driver2/CMakeFiles/CMakeOutput.log".
[5.883s] Invoked command in '/home/nonsaya-n/repo/loiter/ros2_ws/build/livox_ros_driver2' returned '1': /usr/bin/cmake /home/nonsaya-n/repo/loiter/ros2_ws/src/livox_ros_driver2 -DCMAKE_INSTALL_PREFIX=/home/nonsaya-n/repo/loiter/ros2_ws/install/livox_ros_driver2
