[0.281s] DEBUG:colcon:Command line arguments: ['/home/nonsaya-n/.local/bin/colcon', 'build', '--symlink-install', '--cmake-args', '-DHUMBLE_ROS=humble']
[0.281s] DEBUG:colcon:Parsed command line arguments: Namespace(log_base=None, log_level=None, verb_name='build', build_base='build', install_base='install', merge_install=False, symlink_install=True, test_result_base=None, continue_on_error=False, executor='parallel', parallel_workers=6, event_handlers=None, ignore_user_meta=False, metas=['./colcon.meta'], base_paths=['.'], packages_ignore=None, packages_ignore_regex=None, paths=None, packages_up_to=None, packages_up_to_regex=None, packages_above=None, packages_above_and_dependencies=None, packages_above_depth=None, packages_select_by_dep=None, packages_skip_by_dep=None, packages_skip_up_to=None, packages_select_build_failed=False, packages_skip_build_finished=False, packages_select_test_failures=False, packages_skip_test_passed=False, packages_select=None, packages_skip=None, packages_select_regex=None, packages_skip_regex=None, packages_start=None, packages_end=None, cmake_args=['-DHUMBLE_ROS=humble'], cmake_target=None, cmake_target_skip_unavailable=False, cmake_clean_cache=False, cmake_clean_first=False, cmake_force_configure=False, ament_cmake_args=None, catkin_cmake_args=None, catkin_skip_building_tests=False, verb_parser=<colcon_defaults.argument_parser.defaults.DefaultArgumentsDecorator object at 0xffff92bb0af0>, verb_extension=<colcon_core.verb.build.BuildVerb object at 0xffff92bb06a0>, main=<bound method BuildVerb.main of <colcon_core.verb.build.BuildVerb object at 0xffff92bb06a0>>)
[0.561s] Level 1:colcon.colcon_core.package_discovery:discover_packages(colcon_meta) check parameters
[0.562s] Level 1:colcon.colcon_core.package_discovery:discover_packages(recursive) check parameters
[0.562s] Level 1:colcon.colcon_core.package_discovery:discover_packages(ignore) check parameters
[0.562s] Level 1:colcon.colcon_core.package_discovery:discover_packages(path) check parameters
[0.562s] Level 1:colcon.colcon_core.package_discovery:discover_packages(colcon_meta) discover
[0.562s] Level 1:colcon.colcon_core.package_discovery:discover_packages(recursive) discover
[0.562s] INFO:colcon.colcon_core.package_discovery:Crawling recursively for packages in '/home/nonsaya-n/repo/loiter/ros2_ws'
[0.563s] Level 1:colcon.colcon_core.package_identification:_identify(.) by extensions ['ignore', 'ignore_ament_install']
[0.563s] Level 1:colcon.colcon_core.package_identification:_identify(.) by extension 'ignore'
[0.563s] Level 1:colcon.colcon_core.package_identification:_identify(.) by extension 'ignore_ament_install'
[0.563s] Level 1:colcon.colcon_core.package_identification:_identify(.) by extensions ['colcon_pkg']
[0.563s] Level 1:colcon.colcon_core.package_identification:_identify(.) by extension 'colcon_pkg'
[0.563s] Level 1:colcon.colcon_core.package_identification:_identify(.) by extensions ['colcon_meta']
[0.563s] Level 1:colcon.colcon_core.package_identification:_identify(.) by extension 'colcon_meta'
[0.564s] Level 1:colcon.colcon_core.package_identification:_identify(.) by extensions ['ros']
[0.564s] Level 1:colcon.colcon_core.package_identification:_identify(.) by extension 'ros'
[0.589s] Level 1:colcon.colcon_core.package_identification:_identify(.) by extensions ['cmake', 'python']
[0.589s] Level 1:colcon.colcon_core.package_identification:_identify(.) by extension 'cmake'
[0.590s] Level 1:colcon.colcon_core.package_identification:_identify(.) by extension 'python'
[0.590s] Level 1:colcon.colcon_core.package_identification:_identify(.) by extensions ['python_setup_py']
[0.590s] Level 1:colcon.colcon_core.package_identification:_identify(.) by extension 'python_setup_py'
[0.590s] Level 1:colcon.colcon_core.package_identification:_identify(build) by extensions ['ignore', 'ignore_ament_install']
[0.590s] Level 1:colcon.colcon_core.package_identification:_identify(build) by extension 'ignore'
[0.590s] Level 1:colcon.colcon_core.package_identification:_identify(build) ignored
[0.591s] Level 1:colcon.colcon_core.package_identification:_identify(install) by extensions ['ignore', 'ignore_ament_install']
[0.591s] Level 1:colcon.colcon_core.package_identification:_identify(install) by extension 'ignore'
[0.591s] Level 1:colcon.colcon_core.package_identification:_identify(install) ignored
[0.591s] Level 1:colcon.colcon_core.package_identification:_identify(log) by extensions ['ignore', 'ignore_ament_install']
[0.592s] Level 1:colcon.colcon_core.package_identification:_identify(log) by extension 'ignore'
[0.592s] Level 1:colcon.colcon_core.package_identification:_identify(log) ignored
[0.592s] Level 1:colcon.colcon_core.package_identification:_identify(src) by extensions ['ignore', 'ignore_ament_install']
[0.592s] Level 1:colcon.colcon_core.package_identification:_identify(src) by extension 'ignore'
[0.592s] Level 1:colcon.colcon_core.package_identification:_identify(src) by extension 'ignore_ament_install'
[0.592s] Level 1:colcon.colcon_core.package_identification:_identify(src) by extensions ['colcon_pkg']
[0.593s] Level 1:colcon.colcon_core.package_identification:_identify(src) by extension 'colcon_pkg'
[0.593s] Level 1:colcon.colcon_core.package_identification:_identify(src) by extensions ['colcon_meta']
[0.593s] Level 1:colcon.colcon_core.package_identification:_identify(src) by extension 'colcon_meta'
[0.593s] Level 1:colcon.colcon_core.package_identification:_identify(src) by extensions ['ros']
[0.593s] Level 1:colcon.colcon_core.package_identification:_identify(src) by extension 'ros'
[0.593s] Level 1:colcon.colcon_core.package_identification:_identify(src) by extensions ['cmake', 'python']
[0.593s] Level 1:colcon.colcon_core.package_identification:_identify(src) by extension 'cmake'
[0.593s] Level 1:colcon.colcon_core.package_identification:_identify(src) by extension 'python'
[0.593s] Level 1:colcon.colcon_core.package_identification:_identify(src) by extensions ['python_setup_py']
[0.593s] Level 1:colcon.colcon_core.package_identification:_identify(src) by extension 'python_setup_py'
[0.594s] Level 1:colcon.colcon_core.package_identification:_identify(src/livox_mid360_bringup) by extensions ['ignore', 'ignore_ament_install']
[0.594s] Level 1:colcon.colcon_core.package_identification:_identify(src/livox_mid360_bringup) by extension 'ignore'
[0.594s] Level 1:colcon.colcon_core.package_identification:_identify(src/livox_mid360_bringup) by extension 'ignore_ament_install'
[0.594s] Level 1:colcon.colcon_core.package_identification:_identify(src/livox_mid360_bringup) by extensions ['colcon_pkg']
[0.594s] Level 1:colcon.colcon_core.package_identification:_identify(src/livox_mid360_bringup) by extension 'colcon_pkg'
[0.594s] Level 1:colcon.colcon_core.package_identification:_identify(src/livox_mid360_bringup) by extensions ['colcon_meta']
[0.594s] Level 1:colcon.colcon_core.package_identification:_identify(src/livox_mid360_bringup) by extension 'colcon_meta'
[0.595s] Level 1:colcon.colcon_core.package_identification:_identify(src/livox_mid360_bringup) by extensions ['ros']
[0.595s] Level 1:colcon.colcon_core.package_identification:_identify(src/livox_mid360_bringup) by extension 'ros'
[0.600s] DEBUG:colcon.colcon_core.package_identification:Package 'src/livox_mid360_bringup' with type 'ros.ament_cmake' and name 'livox_mid360_bringup'
[0.600s] Level 1:colcon.colcon_core.package_identification:_identify(src/livox_ros_driver2) by extensions ['ignore', 'ignore_ament_install']
[0.601s] Level 1:colcon.colcon_core.package_identification:_identify(src/livox_ros_driver2) by extension 'ignore'
[0.601s] Level 1:colcon.colcon_core.package_identification:_identify(src/livox_ros_driver2) by extension 'ignore_ament_install'
[0.601s] Level 1:colcon.colcon_core.package_identification:_identify(src/livox_ros_driver2) by extensions ['colcon_pkg']
[0.601s] Level 1:colcon.colcon_core.package_identification:_identify(src/livox_ros_driver2) by extension 'colcon_pkg'
[0.601s] Level 1:colcon.colcon_core.package_identification:_identify(src/livox_ros_driver2) by extensions ['colcon_meta']
[0.601s] Level 1:colcon.colcon_core.package_identification:_identify(src/livox_ros_driver2) by extension 'colcon_meta'
[0.601s] Level 1:colcon.colcon_core.package_identification:_identify(src/livox_ros_driver2) by extensions ['ros']
[0.602s] Level 1:colcon.colcon_core.package_identification:_identify(src/livox_ros_driver2) by extension 'ros'
[0.604s] DEBUG:colcon.colcon_core.package_identification:Package 'src/livox_ros_driver2' with type 'ros.ament_cmake' and name 'livox_ros_driver2'
[0.604s] Level 1:colcon.colcon_core.package_discovery:discover_packages(recursive) using defaults
[0.604s] Level 1:colcon.colcon_core.package_discovery:discover_packages(ignore) discover
[0.605s] Level 1:colcon.colcon_core.package_discovery:discover_packages(ignore) using defaults
[0.605s] Level 1:colcon.colcon_core.package_discovery:discover_packages(path) discover
[0.605s] Level 1:colcon.colcon_core.package_discovery:discover_packages(path) using defaults
[0.648s] Level 5:colcon.colcon_core.verb:set package 'livox_ros_driver2' build argument 'cmake_args' from command line to '['-DHUMBLE_ROS=humble']'
[0.648s] Level 5:colcon.colcon_core.verb:set package 'livox_ros_driver2' build argument 'cmake_target' from command line to 'None'
[0.648s] Level 5:colcon.colcon_core.verb:set package 'livox_ros_driver2' build argument 'cmake_target_skip_unavailable' from command line to 'False'
[0.648s] Level 5:colcon.colcon_core.verb:set package 'livox_ros_driver2' build argument 'cmake_clean_cache' from command line to 'False'
[0.648s] Level 5:colcon.colcon_core.verb:set package 'livox_ros_driver2' build argument 'cmake_clean_first' from command line to 'False'
[0.648s] Level 5:colcon.colcon_core.verb:set package 'livox_ros_driver2' build argument 'cmake_force_configure' from command line to 'False'
[0.648s] Level 5:colcon.colcon_core.verb:set package 'livox_ros_driver2' build argument 'ament_cmake_args' from command line to 'None'
[0.648s] Level 5:colcon.colcon_core.verb:set package 'livox_ros_driver2' build argument 'catkin_cmake_args' from command line to 'None'
[0.648s] Level 5:colcon.colcon_core.verb:set package 'livox_ros_driver2' build argument 'catkin_skip_building_tests' from command line to 'False'
[0.649s] DEBUG:colcon.colcon_core.verb:Building package 'livox_ros_driver2' with the following arguments: {'ament_cmake_args': None, 'build_base': '/home/nonsaya-n/repo/loiter/ros2_ws/build/livox_ros_driver2', 'catkin_cmake_args': None, 'catkin_skip_building_tests': False, 'cmake_args': ['-DHUMBLE_ROS=humble'], 'cmake_clean_cache': False, 'cmake_clean_first': False, 'cmake_force_configure': False, 'cmake_target': None, 'cmake_target_skip_unavailable': False, 'install_base': '/home/nonsaya-n/repo/loiter/ros2_ws/install/livox_ros_driver2', 'merge_install': False, 'path': '/home/nonsaya-n/repo/loiter/ros2_ws/src/livox_ros_driver2', 'symlink_install': True, 'test_result_base': None}
[0.649s] Level 5:colcon.colcon_core.verb:set package 'livox_mid360_bringup' build argument 'cmake_args' from command line to '['-DHUMBLE_ROS=humble']'
[0.649s] Level 5:colcon.colcon_core.verb:set package 'livox_mid360_bringup' build argument 'cmake_target' from command line to 'None'
[0.650s] Level 5:colcon.colcon_core.verb:set package 'livox_mid360_bringup' build argument 'cmake_target_skip_unavailable' from command line to 'False'
[0.650s] Level 5:colcon.colcon_core.verb:set package 'livox_mid360_bringup' build argument 'cmake_clean_cache' from command line to 'False'
[0.650s] Level 5:colcon.colcon_core.verb:set package 'livox_mid360_bringup' build argument 'cmake_clean_first' from command line to 'False'
[0.650s] Level 5:colcon.colcon_core.verb:set package 'livox_mid360_bringup' build argument 'cmake_force_configure' from command line to 'False'
[0.650s] Level 5:colcon.colcon_core.verb:set package 'livox_mid360_bringup' build argument 'ament_cmake_args' from command line to 'None'
[0.650s] Level 5:colcon.colcon_core.verb:set package 'livox_mid360_bringup' build argument 'catkin_cmake_args' from command line to 'None'
[0.650s] Level 5:colcon.colcon_core.verb:set package 'livox_mid360_bringup' build argument 'catkin_skip_building_tests' from command line to 'False'
[0.650s] DEBUG:colcon.colcon_core.verb:Building package 'livox_mid360_bringup' with the following arguments: {'ament_cmake_args': None, 'build_base': '/home/nonsaya-n/repo/loiter/ros2_ws/build/livox_mid360_bringup', 'catkin_cmake_args': None, 'catkin_skip_building_tests': False, 'cmake_args': ['-DHUMBLE_ROS=humble'], 'cmake_clean_cache': False, 'cmake_clean_first': False, 'cmake_force_configure': False, 'cmake_target': None, 'cmake_target_skip_unavailable': False, 'install_base': '/home/nonsaya-n/repo/loiter/ros2_ws/install/livox_mid360_bringup', 'merge_install': False, 'path': '/home/nonsaya-n/repo/loiter/ros2_ws/src/livox_mid360_bringup', 'symlink_install': True, 'test_result_base': None}
[0.650s] INFO:colcon.colcon_core.executor:Executing jobs using 'parallel' executor
[0.653s] DEBUG:colcon.colcon_parallel_executor.executor.parallel:run_until_complete
[0.653s] INFO:colcon.colcon_ros.task.ament_cmake.build:Building ROS package in '/home/nonsaya-n/repo/loiter/ros2_ws/src/livox_ros_driver2' with build type 'ament_cmake'
[0.654s] INFO:colcon.colcon_cmake.task.cmake.build:Building CMake package in '/home/nonsaya-n/repo/loiter/ros2_ws/src/livox_ros_driver2'
[0.658s] INFO:colcon.colcon_core.plugin_system:Skipping extension 'colcon_core.shell.bat': Not used on non-Windows systems
[0.658s] INFO:colcon.colcon_core.shell:Skip shell extension 'powershell' for command environment: Not usable outside of PowerShell
[0.659s] DEBUG:colcon.colcon_core.shell:Skip shell extension 'dsv' for command environment
[0.678s] DEBUG:colcon.colcon_core.event_handler.log_command:Invoking command in '/home/nonsaya-n/repo/loiter/ros2_ws/build/livox_ros_driver2': CMAKE_PREFIX_PATH=/opt/ros/humble /usr/bin/cmake /home/nonsaya-n/repo/loiter/ros2_ws/src/livox_ros_driver2 -DHUMBLE_ROS=humble -DAMENT_CMAKE_SYMLINK_INSTALL=1 -DCMAKE_INSTALL_PREFIX=/home/nonsaya-n/repo/loiter/ros2_ws/install/livox_ros_driver2
[6.213s] DEBUG:colcon.colcon_core.event_handler.log_command:Invoked command in '/home/nonsaya-n/repo/loiter/ros2_ws/build/livox_ros_driver2' returned '0': CMAKE_PREFIX_PATH=/opt/ros/humble /usr/bin/cmake /home/nonsaya-n/repo/loiter/ros2_ws/src/livox_ros_driver2 -DHUMBLE_ROS=humble -DAMENT_CMAKE_SYMLINK_INSTALL=1 -DCMAKE_INSTALL_PREFIX=/home/nonsaya-n/repo/loiter/ros2_ws/install/livox_ros_driver2
[6.218s] DEBUG:colcon.colcon_core.event_handler.log_command:Invoking command in '/home/nonsaya-n/repo/loiter/ros2_ws/build/livox_ros_driver2': CMAKE_PREFIX_PATH=/opt/ros/humble /usr/bin/cmake --build /home/nonsaya-n/repo/loiter/ros2_ws/build/livox_ros_driver2 -- -j6 -l6
[32.917s] DEBUG:colcon.colcon_core.event_handler.log_command:Invoked command in '/home/nonsaya-n/repo/loiter/ros2_ws/build/livox_ros_driver2' returned '0': CMAKE_PREFIX_PATH=/opt/ros/humble /usr/bin/cmake --build /home/nonsaya-n/repo/loiter/ros2_ws/build/livox_ros_driver2 -- -j6 -l6
[32.940s] DEBUG:colcon.colcon_core.event_handler.log_command:Invoking command in '/home/nonsaya-n/repo/loiter/ros2_ws/build/livox_ros_driver2': CMAKE_PREFIX_PATH=/opt/ros/humble /usr/bin/cmake --install /home/nonsaya-n/repo/loiter/ros2_ws/build/livox_ros_driver2
[34.702s] Level 1:colcon.colcon_core.environment:create_environment_scripts_only(livox_ros_driver2)
[34.703s] DEBUG:colcon.colcon_core.event_handler.log_command:Invoked command in '/home/nonsaya-n/repo/loiter/ros2_ws/build/livox_ros_driver2' returned '0': CMAKE_PREFIX_PATH=/opt/ros/humble /usr/bin/cmake --install /home/nonsaya-n/repo/loiter/ros2_ws/build/livox_ros_driver2
[34.711s] Level 1:colcon.colcon_core.environment:checking '/home/nonsaya-n/repo/loiter/ros2_ws/install/livox_ros_driver2' for CMake module files
[34.714s] Level 1:colcon.colcon_core.environment:checking '/home/nonsaya-n/repo/loiter/ros2_ws/install/livox_ros_driver2' for CMake config files
[34.716s] Level 1:colcon.colcon_core.shell:create_environment_hook('livox_ros_driver2', 'cmake_prefix_path')
[34.717s] INFO:colcon.colcon_core.shell:Creating environment hook '/home/nonsaya-n/repo/loiter/ros2_ws/install/livox_ros_driver2/share/livox_ros_driver2/hook/cmake_prefix_path.ps1'
[34.719s] INFO:colcon.colcon_core.shell:Creating environment descriptor '/home/nonsaya-n/repo/loiter/ros2_ws/install/livox_ros_driver2/share/livox_ros_driver2/hook/cmake_prefix_path.dsv'
[34.721s] INFO:colcon.colcon_core.shell:Creating environment hook '/home/nonsaya-n/repo/loiter/ros2_ws/install/livox_ros_driver2/share/livox_ros_driver2/hook/cmake_prefix_path.sh'
[34.724s] Level 1:colcon.colcon_core.environment:checking '/home/nonsaya-n/repo/loiter/ros2_ws/install/livox_ros_driver2/lib'
[34.725s] Level 1:colcon.colcon_core.shell:create_environment_hook('livox_ros_driver2', 'ld_library_path_lib')
[34.725s] INFO:colcon.colcon_core.shell:Creating environment hook '/home/nonsaya-n/repo/loiter/ros2_ws/install/livox_ros_driver2/share/livox_ros_driver2/hook/ld_library_path_lib.ps1'
[34.727s] INFO:colcon.colcon_core.shell:Creating environment descriptor '/home/nonsaya-n/repo/loiter/ros2_ws/install/livox_ros_driver2/share/livox_ros_driver2/hook/ld_library_path_lib.dsv'
[34.728s] INFO:colcon.colcon_core.shell:Creating environment hook '/home/nonsaya-n/repo/loiter/ros2_ws/install/livox_ros_driver2/share/livox_ros_driver2/hook/ld_library_path_lib.sh'
[34.729s] Level 1:colcon.colcon_core.environment:checking '/home/nonsaya-n/repo/loiter/ros2_ws/install/livox_ros_driver2/bin'
[34.730s] Level 1:colcon.colcon_core.environment:checking '/home/nonsaya-n/repo/loiter/ros2_ws/install/livox_ros_driver2/lib/pkgconfig/livox_ros_driver2.pc'
[34.735s] Level 1:colcon.colcon_core.environment:checking '/home/nonsaya-n/repo/loiter/ros2_ws/install/livox_ros_driver2/lib/python3.10/site-packages'
[34.735s] Level 1:colcon.colcon_core.environment:checking '/home/nonsaya-n/repo/loiter/ros2_ws/install/livox_ros_driver2/bin'
[34.736s] INFO:colcon.colcon_core.shell:Creating package script '/home/nonsaya-n/repo/loiter/ros2_ws/install/livox_ros_driver2/share/livox_ros_driver2/package.ps1'
[34.740s] INFO:colcon.colcon_core.shell:Creating package descriptor '/home/nonsaya-n/repo/loiter/ros2_ws/install/livox_ros_driver2/share/livox_ros_driver2/package.dsv'
[34.742s] INFO:colcon.colcon_core.shell:Creating package script '/home/nonsaya-n/repo/loiter/ros2_ws/install/livox_ros_driver2/share/livox_ros_driver2/package.sh'
[34.745s] INFO:colcon.colcon_core.shell:Creating package script '/home/nonsaya-n/repo/loiter/ros2_ws/install/livox_ros_driver2/share/livox_ros_driver2/package.bash'
[34.746s] INFO:colcon.colcon_core.shell:Creating package script '/home/nonsaya-n/repo/loiter/ros2_ws/install/livox_ros_driver2/share/livox_ros_driver2/package.zsh'
[34.749s] Level 1:colcon.colcon_core.environment:create_file_with_runtime_dependencies(/home/nonsaya-n/repo/loiter/ros2_ws/install/livox_ros_driver2/share/colcon-core/packages/livox_ros_driver2)
[34.751s] Level 1:colcon.colcon_core.environment:create_environment_scripts_only(livox_ros_driver2)
[34.752s] Level 1:colcon.colcon_core.environment:checking '/home/nonsaya-n/repo/loiter/ros2_ws/install/livox_ros_driver2' for CMake module files
[34.754s] Level 1:colcon.colcon_core.environment:checking '/home/nonsaya-n/repo/loiter/ros2_ws/install/livox_ros_driver2' for CMake config files
[34.755s] Level 1:colcon.colcon_core.shell:create_environment_hook('livox_ros_driver2', 'cmake_prefix_path')
[34.756s] INFO:colcon.colcon_core.shell:Creating environment hook '/home/nonsaya-n/repo/loiter/ros2_ws/install/livox_ros_driver2/share/livox_ros_driver2/hook/cmake_prefix_path.ps1'
[34.758s] INFO:colcon.colcon_core.shell:Creating environment descriptor '/home/nonsaya-n/repo/loiter/ros2_ws/install/livox_ros_driver2/share/livox_ros_driver2/hook/cmake_prefix_path.dsv'
[34.759s] INFO:colcon.colcon_core.shell:Creating environment hook '/home/nonsaya-n/repo/loiter/ros2_ws/install/livox_ros_driver2/share/livox_ros_driver2/hook/cmake_prefix_path.sh'
[34.761s] Level 1:colcon.colcon_core.environment:checking '/home/nonsaya-n/repo/loiter/ros2_ws/install/livox_ros_driver2/lib'
[34.762s] Level 1:colcon.colcon_core.shell:create_environment_hook('livox_ros_driver2', 'ld_library_path_lib')
[34.762s] INFO:colcon.colcon_core.shell:Creating environment hook '/home/nonsaya-n/repo/loiter/ros2_ws/install/livox_ros_driver2/share/livox_ros_driver2/hook/ld_library_path_lib.ps1'
[34.764s] INFO:colcon.colcon_core.shell:Creating environment descriptor '/home/nonsaya-n/repo/loiter/ros2_ws/install/livox_ros_driver2/share/livox_ros_driver2/hook/ld_library_path_lib.dsv'
[34.765s] INFO:colcon.colcon_core.shell:Creating environment hook '/home/nonsaya-n/repo/loiter/ros2_ws/install/livox_ros_driver2/share/livox_ros_driver2/hook/ld_library_path_lib.sh'
[34.767s] Level 1:colcon.colcon_core.environment:checking '/home/nonsaya-n/repo/loiter/ros2_ws/install/livox_ros_driver2/bin'
[34.767s] Level 1:colcon.colcon_core.environment:checking '/home/nonsaya-n/repo/loiter/ros2_ws/install/livox_ros_driver2/lib/pkgconfig/livox_ros_driver2.pc'
[34.768s] Level 1:colcon.colcon_core.environment:checking '/home/nonsaya-n/repo/loiter/ros2_ws/install/livox_ros_driver2/lib/python3.10/site-packages'
[34.769s] Level 1:colcon.colcon_core.environment:checking '/home/nonsaya-n/repo/loiter/ros2_ws/install/livox_ros_driver2/bin'
[34.770s] INFO:colcon.colcon_core.shell:Creating package script '/home/nonsaya-n/repo/loiter/ros2_ws/install/livox_ros_driver2/share/livox_ros_driver2/package.ps1'
[34.772s] INFO:colcon.colcon_core.shell:Creating package descriptor '/home/nonsaya-n/repo/loiter/ros2_ws/install/livox_ros_driver2/share/livox_ros_driver2/package.dsv'
[34.774s] INFO:colcon.colcon_core.shell:Creating package script '/home/nonsaya-n/repo/loiter/ros2_ws/install/livox_ros_driver2/share/livox_ros_driver2/package.sh'
[34.775s] INFO:colcon.colcon_core.shell:Creating package script '/home/nonsaya-n/repo/loiter/ros2_ws/install/livox_ros_driver2/share/livox_ros_driver2/package.bash'
[34.777s] INFO:colcon.colcon_core.shell:Creating package script '/home/nonsaya-n/repo/loiter/ros2_ws/install/livox_ros_driver2/share/livox_ros_driver2/package.zsh'
[34.778s] Level 1:colcon.colcon_core.environment:create_file_with_runtime_dependencies(/home/nonsaya-n/repo/loiter/ros2_ws/install/livox_ros_driver2/share/colcon-core/packages/livox_ros_driver2)
[34.779s] INFO:colcon.colcon_ros.task.ament_cmake.build:Building ROS package in '/home/nonsaya-n/repo/loiter/ros2_ws/src/livox_mid360_bringup' with build type 'ament_cmake'
[34.780s] INFO:colcon.colcon_cmake.task.cmake.build:Building CMake package in '/home/nonsaya-n/repo/loiter/ros2_ws/src/livox_mid360_bringup'
[34.781s] INFO:colcon.colcon_core.shell:Skip shell extension 'powershell' for command environment: Not usable outside of PowerShell
[34.781s] DEBUG:colcon.colcon_core.shell:Skip shell extension 'dsv' for command environment
[34.802s] DEBUG:colcon.colcon_core.event_handler.log_command:Invoking command in '/home/nonsaya-n/repo/loiter/ros2_ws/build/livox_mid360_bringup': AMENT_PREFIX_PATH=/home/nonsaya-n/repo/loiter/ros2_ws/install/livox_ros_driver2:${AMENT_PREFIX_PATH} CMAKE_PREFIX_PATH=/home/nonsaya-n/repo/loiter/ros2_ws/install/livox_ros_driver2:/opt/ros/humble LD_LIBRARY_PATH=/home/nonsaya-n/repo/loiter/ros2_ws/install/livox_ros_driver2/lib:${LD_LIBRARY_PATH} PYTHONPATH=/home/nonsaya-n/repo/loiter/ros2_ws/install/livox_ros_driver2/local/lib/python3.10/dist-packages:${PYTHONPATH} /usr/bin/cmake /home/nonsaya-n/repo/loiter/ros2_ws/src/livox_mid360_bringup -DHUMBLE_ROS=humble -DAMENT_CMAKE_SYMLINK_INSTALL=1 -DCMAKE_INSTALL_PREFIX=/home/nonsaya-n/repo/loiter/ros2_ws/install/livox_mid360_bringup
[36.176s] DEBUG:colcon.colcon_core.event_handler.log_command:Invoked command in '/home/nonsaya-n/repo/loiter/ros2_ws/build/livox_mid360_bringup' returned '0': AMENT_PREFIX_PATH=/home/nonsaya-n/repo/loiter/ros2_ws/install/livox_ros_driver2:${AMENT_PREFIX_PATH} CMAKE_PREFIX_PATH=/home/nonsaya-n/repo/loiter/ros2_ws/install/livox_ros_driver2:/opt/ros/humble LD_LIBRARY_PATH=/home/nonsaya-n/repo/loiter/ros2_ws/install/livox_ros_driver2/lib:${LD_LIBRARY_PATH} PYTHONPATH=/home/nonsaya-n/repo/loiter/ros2_ws/install/livox_ros_driver2/local/lib/python3.10/dist-packages:${PYTHONPATH} /usr/bin/cmake /home/nonsaya-n/repo/loiter/ros2_ws/src/livox_mid360_bringup -DHUMBLE_ROS=humble -DAMENT_CMAKE_SYMLINK_INSTALL=1 -DCMAKE_INSTALL_PREFIX=/home/nonsaya-n/repo/loiter/ros2_ws/install/livox_mid360_bringup
[36.179s] DEBUG:colcon.colcon_core.event_handler.log_command:Invoking command in '/home/nonsaya-n/repo/loiter/ros2_ws/build/livox_mid360_bringup': AMENT_PREFIX_PATH=/home/nonsaya-n/repo/loiter/ros2_ws/install/livox_ros_driver2:${AMENT_PREFIX_PATH} CMAKE_PREFIX_PATH=/home/nonsaya-n/repo/loiter/ros2_ws/install/livox_ros_driver2:/opt/ros/humble LD_LIBRARY_PATH=/home/nonsaya-n/repo/loiter/ros2_ws/install/livox_ros_driver2/lib:${LD_LIBRARY_PATH} PYTHONPATH=/home/nonsaya-n/repo/loiter/ros2_ws/install/livox_ros_driver2/local/lib/python3.10/dist-packages:${PYTHONPATH} /usr/bin/cmake --build /home/nonsaya-n/repo/loiter/ros2_ws/build/livox_mid360_bringup -- -j6 -l6
[36.256s] DEBUG:colcon.colcon_core.event_handler.log_command:Invoked command in '/home/nonsaya-n/repo/loiter/ros2_ws/build/livox_mid360_bringup' returned '0': AMENT_PREFIX_PATH=/home/nonsaya-n/repo/loiter/ros2_ws/install/livox_ros_driver2:${AMENT_PREFIX_PATH} CMAKE_PREFIX_PATH=/home/nonsaya-n/repo/loiter/ros2_ws/install/livox_ros_driver2:/opt/ros/humble LD_LIBRARY_PATH=/home/nonsaya-n/repo/loiter/ros2_ws/install/livox_ros_driver2/lib:${LD_LIBRARY_PATH} PYTHONPATH=/home/nonsaya-n/repo/loiter/ros2_ws/install/livox_ros_driver2/local/lib/python3.10/dist-packages:${PYTHONPATH} /usr/bin/cmake --build /home/nonsaya-n/repo/loiter/ros2_ws/build/livox_mid360_bringup -- -j6 -l6
[36.260s] DEBUG:colcon.colcon_core.event_handler.log_command:Invoking command in '/home/nonsaya-n/repo/loiter/ros2_ws/build/livox_mid360_bringup': AMENT_PREFIX_PATH=/home/nonsaya-n/repo/loiter/ros2_ws/install/livox_ros_driver2:${AMENT_PREFIX_PATH} CMAKE_PREFIX_PATH=/home/nonsaya-n/repo/loiter/ros2_ws/install/livox_ros_driver2:/opt/ros/humble LD_LIBRARY_PATH=/home/nonsaya-n/repo/loiter/ros2_ws/install/livox_ros_driver2/lib:${LD_LIBRARY_PATH} PYTHONPATH=/home/nonsaya-n/repo/loiter/ros2_ws/install/livox_ros_driver2/local/lib/python3.10/dist-packages:${PYTHONPATH} /usr/bin/cmake --install /home/nonsaya-n/repo/loiter/ros2_ws/build/livox_mid360_bringup
[36.586s] Level 1:colcon.colcon_core.environment:create_environment_scripts_only(livox_mid360_bringup)
[36.587s] Level 1:colcon.colcon_core.environment:checking '/home/nonsaya-n/repo/loiter/ros2_ws/install/livox_mid360_bringup' for CMake module files
[36.588s] DEBUG:colcon.colcon_core.event_handler.log_command:Invoked command in '/home/nonsaya-n/repo/loiter/ros2_ws/build/livox_mid360_bringup' returned '0': AMENT_PREFIX_PATH=/home/nonsaya-n/repo/loiter/ros2_ws/install/livox_ros_driver2:${AMENT_PREFIX_PATH} CMAKE_PREFIX_PATH=/home/nonsaya-n/repo/loiter/ros2_ws/install/livox_ros_driver2:/opt/ros/humble LD_LIBRARY_PATH=/home/nonsaya-n/repo/loiter/ros2_ws/install/livox_ros_driver2/lib:${LD_LIBRARY_PATH} PYTHONPATH=/home/nonsaya-n/repo/loiter/ros2_ws/install/livox_ros_driver2/local/lib/python3.10/dist-packages:${PYTHONPATH} /usr/bin/cmake --install /home/nonsaya-n/repo/loiter/ros2_ws/build/livox_mid360_bringup
[36.590s] Level 1:colcon.colcon_core.environment:checking '/home/nonsaya-n/repo/loiter/ros2_ws/install/livox_mid360_bringup' for CMake config files
[36.591s] Level 1:colcon.colcon_core.shell:create_environment_hook('livox_mid360_bringup', 'cmake_prefix_path')
[36.591s] INFO:colcon.colcon_core.shell:Creating environment hook '/home/nonsaya-n/repo/loiter/ros2_ws/install/livox_mid360_bringup/share/livox_mid360_bringup/hook/cmake_prefix_path.ps1'
[36.593s] INFO:colcon.colcon_core.shell:Creating environment descriptor '/home/nonsaya-n/repo/loiter/ros2_ws/install/livox_mid360_bringup/share/livox_mid360_bringup/hook/cmake_prefix_path.dsv'
[36.595s] INFO:colcon.colcon_core.shell:Creating environment hook '/home/nonsaya-n/repo/loiter/ros2_ws/install/livox_mid360_bringup/share/livox_mid360_bringup/hook/cmake_prefix_path.sh'
[36.596s] Level 1:colcon.colcon_core.environment:checking '/home/nonsaya-n/repo/loiter/ros2_ws/install/livox_mid360_bringup/bin'
[36.597s] Level 1:colcon.colcon_core.environment:checking '/home/nonsaya-n/repo/loiter/ros2_ws/install/livox_mid360_bringup/lib/pkgconfig/livox_mid360_bringup.pc'
[36.598s] Level 1:colcon.colcon_core.environment:checking '/home/nonsaya-n/repo/loiter/ros2_ws/install/livox_mid360_bringup/lib/python3.10/site-packages'
[36.598s] Level 1:colcon.colcon_core.environment:checking '/home/nonsaya-n/repo/loiter/ros2_ws/install/livox_mid360_bringup/bin'
[36.599s] INFO:colcon.colcon_core.shell:Creating package script '/home/nonsaya-n/repo/loiter/ros2_ws/install/livox_mid360_bringup/share/livox_mid360_bringup/package.ps1'
[36.601s] INFO:colcon.colcon_core.shell:Creating package descriptor '/home/nonsaya-n/repo/loiter/ros2_ws/install/livox_mid360_bringup/share/livox_mid360_bringup/package.dsv'
[36.603s] INFO:colcon.colcon_core.shell:Creating package script '/home/nonsaya-n/repo/loiter/ros2_ws/install/livox_mid360_bringup/share/livox_mid360_bringup/package.sh'
[36.604s] INFO:colcon.colcon_core.shell:Creating package script '/home/nonsaya-n/repo/loiter/ros2_ws/install/livox_mid360_bringup/share/livox_mid360_bringup/package.bash'
[36.605s] INFO:colcon.colcon_core.shell:Creating package script '/home/nonsaya-n/repo/loiter/ros2_ws/install/livox_mid360_bringup/share/livox_mid360_bringup/package.zsh'
[36.606s] Level 1:colcon.colcon_core.environment:create_file_with_runtime_dependencies(/home/nonsaya-n/repo/loiter/ros2_ws/install/livox_mid360_bringup/share/colcon-core/packages/livox_mid360_bringup)
[36.609s] Level 1:colcon.colcon_core.environment:create_environment_scripts_only(livox_mid360_bringup)
[36.609s] Level 1:colcon.colcon_core.environment:checking '/home/nonsaya-n/repo/loiter/ros2_ws/install/livox_mid360_bringup' for CMake module files
[36.611s] Level 1:colcon.colcon_core.environment:checking '/home/nonsaya-n/repo/loiter/ros2_ws/install/livox_mid360_bringup' for CMake config files
[36.612s] Level 1:colcon.colcon_core.shell:create_environment_hook('livox_mid360_bringup', 'cmake_prefix_path')
[36.613s] INFO:colcon.colcon_core.shell:Creating environment hook '/home/nonsaya-n/repo/loiter/ros2_ws/install/livox_mid360_bringup/share/livox_mid360_bringup/hook/cmake_prefix_path.ps1'
[36.615s] INFO:colcon.colcon_core.shell:Creating environment descriptor '/home/nonsaya-n/repo/loiter/ros2_ws/install/livox_mid360_bringup/share/livox_mid360_bringup/hook/cmake_prefix_path.dsv'
[36.616s] INFO:colcon.colcon_core.shell:Creating environment hook '/home/nonsaya-n/repo/loiter/ros2_ws/install/livox_mid360_bringup/share/livox_mid360_bringup/hook/cmake_prefix_path.sh'
[36.618s] Level 1:colcon.colcon_core.environment:checking '/home/nonsaya-n/repo/loiter/ros2_ws/install/livox_mid360_bringup/bin'
[36.618s] Level 1:colcon.colcon_core.environment:checking '/home/nonsaya-n/repo/loiter/ros2_ws/install/livox_mid360_bringup/lib/pkgconfig/livox_mid360_bringup.pc'
[36.619s] Level 1:colcon.colcon_core.environment:checking '/home/nonsaya-n/repo/loiter/ros2_ws/install/livox_mid360_bringup/lib/python3.10/site-packages'
[36.620s] Level 1:colcon.colcon_core.environment:checking '/home/nonsaya-n/repo/loiter/ros2_ws/install/livox_mid360_bringup/bin'
[36.621s] INFO:colcon.colcon_core.shell:Creating package script '/home/nonsaya-n/repo/loiter/ros2_ws/install/livox_mid360_bringup/share/livox_mid360_bringup/package.ps1'
[36.623s] INFO:colcon.colcon_core.shell:Creating package descriptor '/home/nonsaya-n/repo/loiter/ros2_ws/install/livox_mid360_bringup/share/livox_mid360_bringup/package.dsv'
[36.625s] INFO:colcon.colcon_core.shell:Creating package script '/home/nonsaya-n/repo/loiter/ros2_ws/install/livox_mid360_bringup/share/livox_mid360_bringup/package.sh'
[36.626s] INFO:colcon.colcon_core.shell:Creating package script '/home/nonsaya-n/repo/loiter/ros2_ws/install/livox_mid360_bringup/share/livox_mid360_bringup/package.bash'
[36.628s] INFO:colcon.colcon_core.shell:Creating package script '/home/nonsaya-n/repo/loiter/ros2_ws/install/livox_mid360_bringup/share/livox_mid360_bringup/package.zsh'
[36.629s] Level 1:colcon.colcon_core.environment:create_file_with_runtime_dependencies(/home/nonsaya-n/repo/loiter/ros2_ws/install/livox_mid360_bringup/share/colcon-core/packages/livox_mid360_bringup)
[36.630s] DEBUG:colcon.colcon_parallel_executor.executor.parallel:closing loop
[36.631s] DEBUG:colcon.colcon_parallel_executor.executor.parallel:loop closed
[36.631s] DEBUG:colcon.colcon_parallel_executor.executor.parallel:run_until_complete finished with '0'
[36.632s] DEBUG:colcon.colcon_core.event_reactor:joining thread
[36.646s] INFO:colcon.colcon_core.plugin_system:Skipping extension 'colcon_notification.desktop_notification.terminal_notifier': Not used on non-Darwin systems
[36.646s] INFO:colcon.colcon_core.plugin_system:Skipping extension 'colcon_notification.desktop_notification.win32': Not used on non-Windows systems
[36.646s] INFO:colcon.colcon_notification.desktop_notification:Sending desktop notification using 'notify2'
[36.679s] DEBUG:colcon.colcon_core.event_reactor:joined thread
[36.680s] INFO:colcon.colcon_core.shell:Creating prefix script '/home/nonsaya-n/repo/loiter/ros2_ws/install/local_setup.ps1'
[36.684s] INFO:colcon.colcon_core.shell:Creating prefix util module '/home/nonsaya-n/repo/loiter/ros2_ws/install/_local_setup_util_ps1.py'
[36.687s] INFO:colcon.colcon_core.shell:Creating prefix chain script '/home/nonsaya-n/repo/loiter/ros2_ws/install/setup.ps1'
[36.690s] INFO:colcon.colcon_core.shell:Creating prefix script '/home/nonsaya-n/repo/loiter/ros2_ws/install/local_setup.sh'
[36.692s] INFO:colcon.colcon_core.shell:Creating prefix util module '/home/nonsaya-n/repo/loiter/ros2_ws/install/_local_setup_util_sh.py'
[36.693s] INFO:colcon.colcon_core.shell:Creating prefix chain script '/home/nonsaya-n/repo/loiter/ros2_ws/install/setup.sh'
[36.695s] INFO:colcon.colcon_core.shell:Creating prefix script '/home/nonsaya-n/repo/loiter/ros2_ws/install/local_setup.bash'
[36.697s] INFO:colcon.colcon_core.shell:Creating prefix chain script '/home/nonsaya-n/repo/loiter/ros2_ws/install/setup.bash'
[36.700s] INFO:colcon.colcon_core.shell:Creating prefix script '/home/nonsaya-n/repo/loiter/ros2_ws/install/local_setup.zsh'
[36.701s] INFO:colcon.colcon_core.shell:Creating prefix chain script '/home/nonsaya-n/repo/loiter/ros2_ws/install/setup.zsh'
