-- The CXX compiler identification is GNU 11.4.0
-- Detecting CXX compiler ABI info
-- Detecting CXX compiler ABI info - done
-- Check for working CXX compiler: /usr/bin/c++ - skipped
-- Detecting CXX compile features
-- Detecting CXX compile features - done
-- Found Boost: /usr/lib/aarch64-linux-gnu/cmake/Boost-1.74.0/BoostConfig.cmake (found version "1.74.0") found components: serialization 
-- Found Boost: /usr/lib/aarch64-linux-gnu/cmake/Boost-1.74.0/BoostConfig.cmake (found suitable version "1.74.0", minimum required is "1.65") found components: serialization system filesystem thread program_options date_time timer chrono regex 
-- GTSAM include directory:  /usr/local/lib/cmake/GTSAM/../../../include
-- GTSAM include directory:  /usr/local/lib/cmake/GTSAM/../../../include
-- GTSAM include directory:  /usr/local/lib/cmake/GTSAM/../../../include
-- Found OpenMP_CXX: -fopenmp (found version "4.5") 
-- Found OpenMP: TRUE (found version "4.5")  
-- Found Boost: /usr/lib/aarch64-linux-gnu/cmake/Boost-1.74.0/BoostConfig.cmake (found version "1.74.0") found components: filesystem graph 
-- Found OpenMP_CXX: -fopenmp (found version "4.5") 
-- Found Threads: TRUE  
-- Found OpenGL: /usr/lib/aarch64-linux-gnu/libOpenGL.so   
-- Found ZLIB: /usr/lib/aarch64-linux-gnu/libz.so (found version "1.2.11") 
-- Found PNG: /usr/lib/aarch64-linux-gnu/libpng.so (found version "1.6.37") 
-- Found JPEG: /usr/lib/aarch64-linux-gnu/libjpeg.so (found version "80") 
-- Found OpenCV: /usr (found version "4.5.4") found components: core 
[33mCMake Warning at CMakeLists.txt:50 (message):
  gtsam_points is not built with CUDA!!

[0m
-- Found ament_cmake: 1.3.12 (/opt/ros/humble/share/ament_cmake/cmake)
-- Found Python3: /usr/bin/python3 (found version "3.10.12") found components: Interpreter 
-- Override CMake install command with custom implementation using symlinks instead of copying resources
-- Configuring done
-- Generating done
-- Build files have been written to: /home/nonsaya-n/repo/loiter/ros2_ws/build/glim
[  4%] [32mBuilding CXX object CMakeFiles/glim.dir/src/glim/util/time_keeper.cpp.o[0m
[  4%] [32mBuilding CXX object CMakeFiles/glim.dir/src/glim/util/logging.cpp.o[0m
[  4%] [32mBuilding CXX object CMakeFiles/glim.dir/src/glim/util/config.cpp.o[0m
[  6%] [32mBuilding CXX object CMakeFiles/glim.dir/src/glim/util/export_factors.cpp.o[0m
[  8%] [32mBuilding CXX object CMakeFiles/glim.dir/src/glim/util/extension_module.cpp.o[0m
[  9%] [32mBuilding CXX object CMakeFiles/glim.dir/src/glim/util/trajectory_manager.cpp.o[0m
[ 11%] [32mBuilding CXX object CMakeFiles/glim.dir/src/glim/util/load_module.cpp.o[0m
[ 13%] [32mBuilding CXX object CMakeFiles/glim.dir/src/glim/util/data_validator.cpp.o[0m
[ 14%] [32mBuilding CXX object CMakeFiles/glim.dir/src/glim/util/serialization.cpp.o[0m
[ 16%] [32mBuilding CXX object CMakeFiles/glim.dir/src/glim/util/debug.cpp.o[0m
[ 18%] [32mBuilding CXX object CMakeFiles/glim.dir/src/glim/preprocess/callbacks.cpp.o[0m
[ 19%] [32mBuilding CXX object CMakeFiles/glim.dir/src/glim/preprocess/cloud_preprocessor.cpp.o[0m
[ 21%] [32mBuilding CXX object CMakeFiles/glim.dir/src/glim/common/imu_integration.cpp.o[0m
[ 22%] [32mBuilding CXX object CMakeFiles/glim.dir/src/glim/common/cloud_deskewing.cpp.o[0m
[ 24%] [32mBuilding CXX object CMakeFiles/glim.dir/src/glim/common/cloud_covariance_estimation.cpp.o[0m
[ 26%] [32mBuilding CXX object CMakeFiles/glim.dir/src/glim/odometry/callbacks.cpp.o[0m
In file included from [01m[K/home/nonsaya-n/repo/loiter/ros2_ws/src/glim/src/glim/odometry/callbacks.cpp:3[m[K:
[01m[K/usr/local/include/gtsam_unstable/nonlinear/FixedLagSmoother.h:17:2:[m[K [01;35m[Kwarning: [m[K#warning "FixedLagSmoother was moved to the gtsam/nonlinear directory" [[01;35m[K-Wcpp[m[K]
   17 | #[01;35m[Kwarning[m[K "FixedLagSmoother was moved to the gtsam/nonlinear directory"
      |  [01;35m[K^~~~~~~[m[K
[ 27%] [32mBuilding CXX object CMakeFiles/glim.dir/src/glim/odometry/estimation_frame.cpp.o[0m
[ 29%] [32mBuilding CXX object CMakeFiles/glim.dir/src/glim/odometry/initial_state_estimation.cpp.o[0m
[ 31%] [32mBuilding CXX object CMakeFiles/glim.dir/src/glim/odometry/loose_initial_state_estimation.cpp.o[0m
[ 32%] [32mBuilding CXX object CMakeFiles/glim.dir/src/glim/odometry/odometry_estimation_base.cpp.o[0m
[ 34%] [32mBuilding CXX object CMakeFiles/glim.dir/src/glim/odometry/async_odometry_estimation.cpp.o[0m
[ 36%] [32mBuilding CXX object CMakeFiles/glim.dir/src/glim/odometry/odometry_estimation_imu.cpp.o[0m
[ 37%] [32mBuilding CXX object CMakeFiles/glim.dir/src/glim/odometry/odometry_estimation_ct.cpp.o[0m
[ 39%] [32mBuilding CXX object CMakeFiles/glim.dir/src/glim/odometry/odometry_estimation_cpu.cpp.o[0m
[ 40%] [32mBuilding CXX object CMakeFiles/glim.dir/src/glim/mapping/callbacks.cpp.o[0m
[ 42%] [32mBuilding CXX object CMakeFiles/glim.dir/src/glim/mapping/sub_map.cpp.o[0m
[ 44%] [32mBuilding CXX object CMakeFiles/glim.dir/src/glim/mapping/sub_mapping_base.cpp.o[0m
[ 45%] [32mBuilding CXX object CMakeFiles/glim.dir/src/glim/mapping/global_mapping_base.cpp.o[0m
[ 47%] [32mBuilding CXX object CMakeFiles/glim.dir/src/glim/mapping/sub_mapping.cpp.o[0m
[ 49%] [32mBuilding CXX object CMakeFiles/glim.dir/src/glim/mapping/sub_mapping_passthrough.cpp.o[0m
[ 50%] [32mBuilding CXX object CMakeFiles/glim.dir/src/glim/mapping/global_mapping.cpp.o[0m
[ 52%] [32mBuilding CXX object CMakeFiles/glim.dir/src/glim/mapping/async_global_mapping.cpp.o[0m
[ 54%] [32mBuilding CXX object CMakeFiles/glim.dir/src/glim/mapping/async_sub_mapping.cpp.o[0m
[ 55%] [32mBuilding CXX object CMakeFiles/glim.dir/src/glim/mapping/global_mapping_pose_graph.cpp.o[0m
[ 57%] [32m[1mLinking CXX shared library libglim.so[0m
[ 57%] Built target glim
[ 59%] [32mBuilding CXX object CMakeFiles/sub_mapping.dir/src/glim/mapping/sub_mapping_create.cpp.o[0m
[ 63%] [32mBuilding CXX object CMakeFiles/odometry_estimation_cpu.dir/src/glim/odometry/odometry_estimation_cpu_create.cpp.o[0m
[ 63%] [32mBuilding CXX object CMakeFiles/odometry_estimation_ct.dir/src/glim/odometry/odometry_estimation_ct_create.cpp.o[0m
[ 63%] [32mBuilding CXX object CMakeFiles/global_mapping.dir/src/glim/mapping/global_mapping_create.cpp.o[0m
[ 65%] [32mBuilding CXX object CMakeFiles/sub_mapping_passthrough.dir/src/glim/mapping/sub_mapping_passthrough_create.cpp.o[0m
[ 67%] [32mBuilding CXX object CMakeFiles/global_mapping_pose_graph.dir/src/glim/mapping/global_mapping_pose_graph_create.cpp.o[0m
[ 68%] [32m[1mLinking CXX shared library libodometry_estimation_cpu.so[0m
[ 68%] Built target odometry_estimation_cpu
[ 70%] [32mBuilding CXX object CMakeFiles/standard_viewer.dir/src/glim/viewer/standard_viewer.cpp.o[0m
[ 72%] [32m[1mLinking CXX shared library libglobal_mapping_pose_graph.so[0m
[ 73%] [32m[1mLinking CXX shared library libodometry_estimation_ct.so[0m
[ 75%] [32m[1mLinking CXX shared library libsub_mapping.so[0m
[ 75%] Built target global_mapping_pose_graph
[ 75%] Built target odometry_estimation_ct
[ 77%] [32mBuilding CXX object CMakeFiles/interactive_viewer.dir/src/glim/viewer/interactive_viewer.cpp.o[0m
[ 78%] [32mBuilding CXX object CMakeFiles/map_editor.dir/src/glim/viewer/editor/map_cell.cpp.o[0m
[ 80%] [32m[1mLinking CXX shared library libsub_mapping_passthrough.so[0m
[ 80%] Built target sub_mapping
[ 81%] [32mBuilding CXX object CMakeFiles/memory_monitor.dir/src/glim/viewer/memory_monitor.cpp.o[0m
[ 81%] Built target sub_mapping_passthrough
[ 83%] [32mBuilding CXX object CMakeFiles/interactive_viewer.dir/src/glim/viewer/interactive/manual_loop_close_modal.cpp.o[0m
[ 85%] [32m[1mLinking CXX shared library libglobal_mapping.so[0m
[ 85%] Built target global_mapping
[ 86%] [32mBuilding CXX object CMakeFiles/interactive_viewer.dir/src/glim/viewer/interactive/bundle_adjustment_modal.cpp.o[0m
[ 88%] [32mBuilding CXX object CMakeFiles/map_editor.dir/src/glim/viewer/editor/points_selector.cpp.o[0m
[ 90%] [32m[1mLinking CXX shared library libmemory_monitor.so[0m
[ 90%] Built target memory_monitor
[ 91%] [32mBuilding CXX object CMakeFiles/interactive_viewer.dir/src/glim/viewer/offline_viewer.cpp.o[0m
In file included from [01m[K/usr/include/c++/11/utility:70[m[K,
                 from [01m[K/usr/include/c++/11/tuple:38[m[K,
                 from [01m[K/usr/include/c++/11/mutex:38[m[K,
                 from [01m[K/home/nonsaya-n/repo/loiter/ros2_ws/src/glim/include/glim/viewer/standard_viewer.hpp:3[m[K,
                 from [01m[K/home/nonsaya-n/repo/loiter/ros2_ws/src/glim/src/glim/viewer/standard_viewer.cpp:1[m[K:
/usr/include/c++/11/bits/stl_pair.h: In instantiation of ‘[01m[Kconstexpr std::pair<typename std::__strip_reference_wrapper<typename std::decay<_Tp>::type>::__type, typename std::__strip_reference_wrapper<typename std::decay<_Tp2>::type>::__type> std::make_pair(_T1&&, _T2&&) [with _T1 = double; _T2 = double; typename std::__strip_reference_wrapper<typename std::decay<_Tp2>::type>::__type = double; typename std::decay<_Tp2>::type = double; typename std::__strip_reference_wrapper<typename std::decay<_Tp>::type>::__type = double; typename std::decay<_Tp>::type = double][m[K’:
[01m[K/home/nonsaya-n/repo/loiter/ros2_ws/src/glim/src/glim/viewer/standard_viewer.cpp:61:37:[m[K   required from here
[01m[K/usr/include/c++/11/bits/stl_pair.h:567:5:[m[K [01;36m[Knote: [m[Kparameter passing for argument of type ‘[01m[Kstd::pair<double, double>[m[K’ when C++17 is enabled changed to match C++14 in GCC 10.1
  567 |     [01;36m[Kmake_pair[m[K(_T1&& __x, _T2&& __y)
      |     [01;36m[K^~~~~~~~~[m[K
[ 93%] [32mBuilding CXX object CMakeFiles/map_editor.dir/src/glim/viewer/map_editor.cpp.o[0m
[ 95%] [32m[1mLinking CXX shared library libinteractive_viewer.so[0m
[ 95%] Built target interactive_viewer
[ 96%] [32m[1mLinking CXX shared library libmap_editor.so[0m
[ 96%] Built target map_editor
[ 98%] [32mBuilding CXX object CMakeFiles/standard_viewer.dir/src/glim/viewer/standard_viewer_mem.cpp.o[0m
[100%] [32m[1mLinking CXX shared library libstandard_viewer.so[0m
[100%] Built target standard_viewer
-- Install configuration: "RelWithDebInfo"
-- Installing: /home/nonsaya-n/repo/loiter/ros2_ws/install/glim/include/glim
-- Installing: /home/nonsaya-n/repo/loiter/ros2_ws/install/glim/include/glim/glim
-- Installing: /home/nonsaya-n/repo/loiter/ros2_ws/install/glim/include/glim/glim/mapping
-- Installing: /home/nonsaya-n/repo/loiter/ros2_ws/install/glim/include/glim/glim/mapping/global_mapping.hpp
-- Installing: /home/nonsaya-n/repo/loiter/ros2_ws/install/glim/include/glim/glim/mapping/sub_mapping.hpp
-- Installing: /home/nonsaya-n/repo/loiter/ros2_ws/install/glim/include/glim/glim/mapping/sub_mapping_base.hpp
-- Installing: /home/nonsaya-n/repo/loiter/ros2_ws/install/glim/include/glim/glim/mapping/async_sub_mapping.hpp
-- Installing: /home/nonsaya-n/repo/loiter/ros2_ws/install/glim/include/glim/glim/mapping/global_mapping_pose_graph.hpp
-- Installing: /home/nonsaya-n/repo/loiter/ros2_ws/install/glim/include/glim/glim/mapping/async_global_mapping.hpp
-- Installing: /home/nonsaya-n/repo/loiter/ros2_ws/install/glim/include/glim/glim/mapping/global_mapping_base.hpp
-- Installing: /home/nonsaya-n/repo/loiter/ros2_ws/install/glim/include/glim/glim/mapping/sub_mapping_passthrough.hpp
-- Installing: /home/nonsaya-n/repo/loiter/ros2_ws/install/glim/include/glim/glim/mapping/callbacks.hpp
-- Installing: /home/nonsaya-n/repo/loiter/ros2_ws/install/glim/include/glim/glim/mapping/sub_map.hpp
-- Installing: /home/nonsaya-n/repo/loiter/ros2_ws/install/glim/include/glim/glim/preprocess
-- Installing: /home/nonsaya-n/repo/loiter/ros2_ws/install/glim/include/glim/glim/preprocess/preprocessed_frame.hpp
-- Installing: /home/nonsaya-n/repo/loiter/ros2_ws/install/glim/include/glim/glim/preprocess/cloud_preprocessor.hpp
-- Installing: /home/nonsaya-n/repo/loiter/ros2_ws/install/glim/include/glim/glim/preprocess/callbacks.hpp
-- Installing: /home/nonsaya-n/repo/loiter/ros2_ws/install/glim/include/glim/glim/util
-- Installing: /home/nonsaya-n/repo/loiter/ros2_ws/install/glim/include/glim/glim/util/data_validator.hpp
-- Installing: /home/nonsaya-n/repo/loiter/ros2_ws/install/glim/include/glim/glim/util/ros_cloud_converter.hpp
-- Installing: /home/nonsaya-n/repo/loiter/ros2_ws/install/glim/include/glim/glim/util/config.hpp
-- Installing: /home/nonsaya-n/repo/loiter/ros2_ws/install/glim/include/glim/glim/util/debug.hpp
-- Installing: /home/nonsaya-n/repo/loiter/ros2_ws/install/glim/include/glim/glim/util/serialization.hpp
-- Installing: /home/nonsaya-n/repo/loiter/ros2_ws/install/glim/include/glim/glim/util/time_keeper.hpp
-- Installing: /home/nonsaya-n/repo/loiter/ros2_ws/install/glim/include/glim/glim/util/callback_slot.hpp
-- Installing: /home/nonsaya-n/repo/loiter/ros2_ws/install/glim/include/glim/glim/util/trajectory_manager.hpp
-- Installing: /home/nonsaya-n/repo/loiter/ros2_ws/install/glim/include/glim/glim/util/convert_to_string.hpp
-- Installing: /home/nonsaya-n/repo/loiter/ros2_ws/install/glim/include/glim/glim/util/concurrent_vector.hpp
-- Installing: /home/nonsaya-n/repo/loiter/ros2_ws/install/glim/include/glim/glim/util/extension_module_ros.hpp
-- Installing: /home/nonsaya-n/repo/loiter/ros2_ws/install/glim/include/glim/glim/util/logging.hpp
-- Installing: /home/nonsaya-n/repo/loiter/ros2_ws/install/glim/include/glim/glim/util/extension_module_ros2.hpp
-- Installing: /home/nonsaya-n/repo/loiter/ros2_ws/install/glim/include/glim/glim/util/config_impl.hpp
-- Installing: /home/nonsaya-n/repo/loiter/ros2_ws/install/glim/include/glim/glim/util/raw_points.hpp
-- Installing: /home/nonsaya-n/repo/loiter/ros2_ws/install/glim/include/glim/glim/util/extension_module.hpp
-- Installing: /home/nonsaya-n/repo/loiter/ros2_ws/install/glim/include/glim/glim/util/interpolation_helper.hpp
-- Installing: /home/nonsaya-n/repo/loiter/ros2_ws/install/glim/include/glim/glim/util/load_module.hpp
-- Installing: /home/nonsaya-n/repo/loiter/ros2_ws/install/glim/include/glim/glim/odometry
-- Installing: /home/nonsaya-n/repo/loiter/ros2_ws/install/glim/include/glim/glim/odometry/odometry_estimation_base.hpp
-- Installing: /home/nonsaya-n/repo/loiter/ros2_ws/install/glim/include/glim/glim/odometry/async_odometry_estimation.hpp
-- Installing: /home/nonsaya-n/repo/loiter/ros2_ws/install/glim/include/glim/glim/odometry/loose_initial_state_estimation.hpp
-- Installing: /home/nonsaya-n/repo/loiter/ros2_ws/install/glim/include/glim/glim/odometry/initial_state_estimation.hpp
-- Installing: /home/nonsaya-n/repo/loiter/ros2_ws/install/glim/include/glim/glim/odometry/odometry_estimation_gpu.hpp
-- Installing: /home/nonsaya-n/repo/loiter/ros2_ws/install/glim/include/glim/glim/odometry/odometry_estimation_ct.hpp
-- Installing: /home/nonsaya-n/repo/loiter/ros2_ws/install/glim/include/glim/glim/odometry/odometry_estimation_imu.hpp
-- Installing: /home/nonsaya-n/repo/loiter/ros2_ws/install/glim/include/glim/glim/odometry/odometry_estimation_cpu.hpp
-- Installing: /home/nonsaya-n/repo/loiter/ros2_ws/install/glim/include/glim/glim/odometry/estimation_frame.hpp
-- Installing: /home/nonsaya-n/repo/loiter/ros2_ws/install/glim/include/glim/glim/odometry/callbacks.hpp
-- Installing: /home/nonsaya-n/repo/loiter/ros2_ws/install/glim/include/glim/glim/viewer
-- Installing: /home/nonsaya-n/repo/loiter/ros2_ws/install/glim/include/glim/glim/viewer/offline_viewer.hpp
-- Installing: /home/nonsaya-n/repo/loiter/ros2_ws/install/glim/include/glim/glim/viewer/interactive
-- Installing: /home/nonsaya-n/repo/loiter/ros2_ws/install/glim/include/glim/glim/viewer/interactive/manual_loop_close_modal.hpp
-- Installing: /home/nonsaya-n/repo/loiter/ros2_ws/install/glim/include/glim/glim/viewer/interactive/bundle_adjustment_modal.hpp
-- Installing: /home/nonsaya-n/repo/loiter/ros2_ws/install/glim/include/glim/glim/viewer/standard_viewer_mem.hpp
-- Installing: /home/nonsaya-n/repo/loiter/ros2_ws/install/glim/include/glim/glim/viewer/interactive_viewer.hpp
-- Installing: /home/nonsaya-n/repo/loiter/ros2_ws/install/glim/include/glim/glim/viewer/editor
-- Installing: /home/nonsaya-n/repo/loiter/ros2_ws/install/glim/include/glim/glim/viewer/editor/points_selector.hpp
-- Installing: /home/nonsaya-n/repo/loiter/ros2_ws/install/glim/include/glim/glim/viewer/editor/map_cell.hpp
-- Installing: /home/nonsaya-n/repo/loiter/ros2_ws/install/glim/include/glim/glim/viewer/standard_viewer.hpp
-- Installing: /home/nonsaya-n/repo/loiter/ros2_ws/install/glim/include/glim/glim/viewer/map_editor.hpp
-- Installing: /home/nonsaya-n/repo/loiter/ros2_ws/install/glim/include/glim/glim/common
-- Installing: /home/nonsaya-n/repo/loiter/ros2_ws/install/glim/include/glim/glim/common/cloud_covariance_estimation.hpp
-- Installing: /home/nonsaya-n/repo/loiter/ros2_ws/install/glim/include/glim/glim/common/cloud_deskewing.hpp
-- Installing: /home/nonsaya-n/repo/loiter/ros2_ws/install/glim/include/glim/glim/common/imu_integration.hpp
-- Installing: /home/nonsaya-n/repo/loiter/ros2_ws/install/glim/lib/libglim.so
-- Set runtime path of "/home/nonsaya-n/repo/loiter/ros2_ws/install/glim/lib/libglim.so" to ""
-- Installing: /home/nonsaya-n/repo/loiter/ros2_ws/install/glim/lib/libodometry_estimation_ct.so
-- Set runtime path of "/home/nonsaya-n/repo/loiter/ros2_ws/install/glim/lib/libodometry_estimation_ct.so" to ""
-- Installing: /home/nonsaya-n/repo/loiter/ros2_ws/install/glim/lib/libodometry_estimation_cpu.so
-- Set runtime path of "/home/nonsaya-n/repo/loiter/ros2_ws/install/glim/lib/libodometry_estimation_cpu.so" to ""
-- Installing: /home/nonsaya-n/repo/loiter/ros2_ws/install/glim/lib/libsub_mapping.so
-- Set runtime path of "/home/nonsaya-n/repo/loiter/ros2_ws/install/glim/lib/libsub_mapping.so" to ""
-- Installing: /home/nonsaya-n/repo/loiter/ros2_ws/install/glim/lib/libsub_mapping_passthrough.so
-- Set runtime path of "/home/nonsaya-n/repo/loiter/ros2_ws/install/glim/lib/libsub_mapping_passthrough.so" to ""
-- Installing: /home/nonsaya-n/repo/loiter/ros2_ws/install/glim/lib/libglobal_mapping.so
-- Set runtime path of "/home/nonsaya-n/repo/loiter/ros2_ws/install/glim/lib/libglobal_mapping.so" to ""
-- Installing: /home/nonsaya-n/repo/loiter/ros2_ws/install/glim/lib/libglobal_mapping_pose_graph.so
-- Set runtime path of "/home/nonsaya-n/repo/loiter/ros2_ws/install/glim/lib/libglobal_mapping_pose_graph.so" to ""
-- Installing: /home/nonsaya-n/repo/loiter/ros2_ws/install/glim/lib/libstandard_viewer.so
-- Set runtime path of "/home/nonsaya-n/repo/loiter/ros2_ws/install/glim/lib/libstandard_viewer.so" to ""
-- Installing: /home/nonsaya-n/repo/loiter/ros2_ws/install/glim/lib/libinteractive_viewer.so
-- Set runtime path of "/home/nonsaya-n/repo/loiter/ros2_ws/install/glim/lib/libinteractive_viewer.so" to ""
-- Installing: /home/nonsaya-n/repo/loiter/ros2_ws/install/glim/lib/libmemory_monitor.so
-- Set runtime path of "/home/nonsaya-n/repo/loiter/ros2_ws/install/glim/lib/libmemory_monitor.so" to ""
-- Installing: /home/nonsaya-n/repo/loiter/ros2_ws/install/glim/lib/libmap_editor.so
-- Set runtime path of "/home/nonsaya-n/repo/loiter/ros2_ws/install/glim/lib/libmap_editor.so" to ""
-- Installing: /home/nonsaya-n/repo/loiter/ros2_ws/install/glim/share/glim/glim-targets.cmake
-- Installing: /home/nonsaya-n/repo/loiter/ros2_ws/install/glim/share/glim/glim-targets-relwithdebinfo.cmake
-- Installing: /home/nonsaya-n/repo/loiter/ros2_ws/install/glim/share/glim/glim-config.cmake
-- Installing: /home/nonsaya-n/repo/loiter/ros2_ws/install/glim/share/glim/glim-config-version.cmake
-- Execute custom install script
-- Symlinking: /home/nonsaya-n/repo/loiter/ros2_ws/install/glim/share/glim/config/config.json
-- Symlinking: /home/nonsaya-n/repo/loiter/ros2_ws/install/glim/share/glim/config/config_global_mapping_cpu.json
-- Symlinking: /home/nonsaya-n/repo/loiter/ros2_ws/install/glim/share/glim/config/config_global_mapping_gpu.json
-- Symlinking: /home/nonsaya-n/repo/loiter/ros2_ws/install/glim/share/glim/config/config_global_mapping_pose_graph.json
-- Symlinking: /home/nonsaya-n/repo/loiter/ros2_ws/install/glim/share/glim/config/config_odometry_cpu.json
-- Symlinking: /home/nonsaya-n/repo/loiter/ros2_ws/install/glim/share/glim/config/config_odometry_ct.json
-- Symlinking: /home/nonsaya-n/repo/loiter/ros2_ws/install/glim/share/glim/config/config_odometry_gpu.json
-- Symlinking: /home/nonsaya-n/repo/loiter/ros2_ws/install/glim/share/glim/config/config_preprocess.json
-- Symlinking: /home/nonsaya-n/repo/loiter/ros2_ws/install/glim/share/glim/config/config_ros.json
-- Symlinking: /home/nonsaya-n/repo/loiter/ros2_ws/install/glim/share/glim/config/config_sensors.json
-- Symlinking: /home/nonsaya-n/repo/loiter/ros2_ws/install/glim/share/glim/config/config_sub_mapping_cpu.json
-- Symlinking: /home/nonsaya-n/repo/loiter/ros2_ws/install/glim/share/glim/config/config_sub_mapping_gpu.json
-- Symlinking: /home/nonsaya-n/repo/loiter/ros2_ws/install/glim/share/glim/config/config_sub_mapping_passthrough.json
-- Symlinking: /home/nonsaya-n/repo/loiter/ros2_ws/install/glim/share/glim/config/config_viewer.json
-- Symlinking: /home/nonsaya-n/repo/loiter/ros2_ws/install/glim/share/glim/environment/library_path.sh
-- Symlinking: /home/nonsaya-n/repo/loiter/ros2_ws/install/glim/share/glim/environment/library_path.dsv
-- Symlinking: /home/nonsaya-n/repo/loiter/ros2_ws/install/glim/share/ament_index/resource_index/package_run_dependencies/glim
-- Symlinking: /home/nonsaya-n/repo/loiter/ros2_ws/install/glim/share/ament_index/resource_index/parent_prefix_path/glim
-- Symlinking: /home/nonsaya-n/repo/loiter/ros2_ws/install/glim/share/glim/environment/ament_prefix_path.sh
-- Symlinking: /home/nonsaya-n/repo/loiter/ros2_ws/install/glim/share/glim/environment/ament_prefix_path.dsv
-- Symlinking: /home/nonsaya-n/repo/loiter/ros2_ws/install/glim/share/glim/environment/path.sh
-- Symlinking: /home/nonsaya-n/repo/loiter/ros2_ws/install/glim/share/glim/environment/path.dsv
-- Symlinking: /home/nonsaya-n/repo/loiter/ros2_ws/install/glim/share/glim/local_setup.bash
-- Symlinking: /home/nonsaya-n/repo/loiter/ros2_ws/install/glim/share/glim/local_setup.sh
-- Symlinking: /home/nonsaya-n/repo/loiter/ros2_ws/install/glim/share/glim/local_setup.zsh
-- Symlinking: /home/nonsaya-n/repo/loiter/ros2_ws/install/glim/share/glim/local_setup.dsv
-- Symlinking: /home/nonsaya-n/repo/loiter/ros2_ws/install/glim/share/glim/package.dsv
-- Symlinking: /home/nonsaya-n/repo/loiter/ros2_ws/install/glim/share/ament_index/resource_index/packages/glim
-- Symlinking: /home/nonsaya-n/repo/loiter/ros2_ws/install/glim/share/glim/cmake/glim-config.cmake
-- Symlinking: /home/nonsaya-n/repo/loiter/ros2_ws/install/glim/share/glim/cmake/ament_cmake_export_include_directories-extras.cmake
-- Symlinking: /home/nonsaya-n/repo/loiter/ros2_ws/install/glim/share/glim/cmake/ament_cmake_export_libraries-extras.cmake
-- Symlinking: /home/nonsaya-n/repo/loiter/ros2_ws/install/glim/share/glim/cmake/ament_cmake_export_targets-extras.cmake
-- Symlinking: /home/nonsaya-n/repo/loiter/ros2_ws/install/glim/share/glim/cmake/glimConfig.cmake
-- Symlinking: /home/nonsaya-n/repo/loiter/ros2_ws/install/glim/share/glim/cmake/glimConfig-version.cmake
-- Symlinking: /home/nonsaya-n/repo/loiter/ros2_ws/install/glim/share/glim/package.xml
-- Installing: /home/nonsaya-n/repo/loiter/ros2_ws/install/glim/share/glim/cmake/glim-targetsExport.cmake
-- Installing: /home/nonsaya-n/repo/loiter/ros2_ws/install/glim/share/glim/cmake/glim-targetsExport-relwithdebinfo.cmake
