[0.039s] Invoking command in '/home/nonsaya-n/repo/loiter/ros2_ws/build/glim': CMAKE_PREFIX_PATH=${CMAKE_PREFIX_PATH}:/opt/ros/humble /usr/bin/cmake /home/nonsaya-n/repo/loiter/ros2_ws/src/glim -DAMENT_CMAKE_SYMLINK_INSTALL=1 -DCMAKE_INSTALL_PREFIX=/home/nonsaya-n/repo/loiter/ros2_ws/install/glim
[0.197s] -- The CXX compiler identification is GNU 11.4.0
[0.213s] -- Detecting CXX compiler ABI info
[0.377s] -- Detecting CXX compiler ABI info - done
[0.397s] -- Check for working CXX compiler: /usr/bin/c++ - skipped
[0.398s] -- Detecting CXX compile features
[0.400s] -- Detecting CXX compile features - done
[0.428s] -- Found Boost: /usr/lib/aarch64-linux-gnu/cmake/Boost-1.74.0/BoostConfig.cmake (found version "1.74.0") found components: serialization 
[0.878s] -- Found Boost: /usr/lib/aarch64-linux-gnu/cmake/Boost-1.74.0/BoostConfig.cmake (found suitable version "1.74.0", minimum required is "1.65") found components: serialization system filesystem thread program_options date_time timer chrono regex 
[0.886s] -- GTSAM include directory:  /usr/local/lib/cmake/GTSAM/../../../include
[0.913s] -- GTSAM include directory:  /usr/local/lib/cmake/GTSAM/../../../include
[0.934s] -- GTSAM include directory:  /usr/local/lib/cmake/GTSAM/../../../include
[1.310s] -- Found OpenMP_CXX: -fopenmp (found version "4.5") 
[1.311s] -- Found OpenMP: TRUE (found version "4.5")  
[1.325s] -- Found Boost: /usr/lib/aarch64-linux-gnu/cmake/Boost-1.74.0/BoostConfig.cmake (found version "1.74.0") found components: filesystem graph 
[1.332s] -- Found OpenMP_CXX: -fopenmp (found version "4.5") 
[1.339s] -- Found Threads: TRUE  
[1.363s] -- Found OpenGL: /usr/lib/aarch64-linux-gnu/libOpenGL.so   
[1.391s] -- Found ZLIB: /usr/lib/aarch64-linux-gnu/libz.so (found version "1.2.11") 
[1.426s] -- Found PNG: /usr/lib/aarch64-linux-gnu/libpng.so (found version "1.6.37") 
[1.450s] -- Found JPEG: /usr/lib/aarch64-linux-gnu/libjpeg.so (found version "80") 
[1.465s] -- Found OpenCV: /usr (found version "4.5.4") found components: core 
[1.466s] [33mCMake Warning at CMakeLists.txt:50 (message):
[1.466s]   gtsam_points is not built with CUDA!!
[1.466s] 
[1.466s] [0m
[1.472s] -- Found ament_cmake: 1.3.12 (/opt/ros/humble/share/ament_cmake/cmake)
[1.817s] -- Found Python3: /usr/bin/python3 (found version "3.10.12") found components: Interpreter 
[1.965s] -- Override CMake install command with custom implementation using symlinks instead of copying resources
[2.195s] -- Configuring done
[2.296s] -- Generating done
[2.315s] -- Build files have been written to: /home/nonsaya-n/repo/loiter/ros2_ws/build/glim
[2.332s] Invoked command in '/home/nonsaya-n/repo/loiter/ros2_ws/build/glim' returned '0': CMAKE_PREFIX_PATH=${CMAKE_PREFIX_PATH}:/opt/ros/humble /usr/bin/cmake /home/nonsaya-n/repo/loiter/ros2_ws/src/glim -DAMENT_CMAKE_SYMLINK_INSTALL=1 -DCMAKE_INSTALL_PREFIX=/home/nonsaya-n/repo/loiter/ros2_ws/install/glim
[2.335s] Invoking command in '/home/nonsaya-n/repo/loiter/ros2_ws/build/glim': CMAKE_PREFIX_PATH=${CMAKE_PREFIX_PATH}:/opt/ros/humble /usr/bin/cmake --build /home/nonsaya-n/repo/loiter/ros2_ws/build/glim -- -j6 -l6
[2.442s] [  4%] [32mBuilding CXX object CMakeFiles/glim.dir/src/glim/util/time_keeper.cpp.o[0m
[2.442s] [  4%] [32mBuilding CXX object CMakeFiles/glim.dir/src/glim/util/logging.cpp.o[0m
[2.445s] [  4%] [32mBuilding CXX object CMakeFiles/glim.dir/src/glim/util/config.cpp.o[0m
[2.449s] [  6%] [32mBuilding CXX object CMakeFiles/glim.dir/src/glim/util/export_factors.cpp.o[0m
[2.452s] [  8%] [32mBuilding CXX object CMakeFiles/glim.dir/src/glim/util/extension_module.cpp.o[0m
[2.457s] [  9%] [32mBuilding CXX object CMakeFiles/glim.dir/src/glim/util/trajectory_manager.cpp.o[0m
[5.033s] [ 11%] [32mBuilding CXX object CMakeFiles/glim.dir/src/glim/util/load_module.cpp.o[0m
[6.182s] [ 13%] [32mBuilding CXX object CMakeFiles/glim.dir/src/glim/util/data_validator.cpp.o[0m
[15.148s] [ 14%] [32mBuilding CXX object CMakeFiles/glim.dir/src/glim/util/serialization.cpp.o[0m
[15.270s] [ 16%] [32mBuilding CXX object CMakeFiles/glim.dir/src/glim/util/debug.cpp.o[0m
[19.422s] [ 18%] [32mBuilding CXX object CMakeFiles/glim.dir/src/glim/preprocess/callbacks.cpp.o[0m
[23.013s] [ 19%] [32mBuilding CXX object CMakeFiles/glim.dir/src/glim/preprocess/cloud_preprocessor.cpp.o[0m
[24.430s] [ 21%] [32mBuilding CXX object CMakeFiles/glim.dir/src/glim/common/imu_integration.cpp.o[0m
[25.083s] [ 22%] [32mBuilding CXX object CMakeFiles/glim.dir/src/glim/common/cloud_deskewing.cpp.o[0m
[34.791s] [ 24%] [32mBuilding CXX object CMakeFiles/glim.dir/src/glim/common/cloud_covariance_estimation.cpp.o[0m
[45.007s] [ 26%] [32mBuilding CXX object CMakeFiles/glim.dir/src/glim/odometry/callbacks.cpp.o[0m
[45.471s] In file included from [01m[K/home/nonsaya-n/repo/loiter/ros2_ws/src/glim/src/glim/odometry/callbacks.cpp:3[m[K:
[45.472s] [01m[K/usr/local/include/gtsam_unstable/nonlinear/FixedLagSmoother.h:17:2:[m[K [01;35m[Kwarning: [m[K#warning "FixedLagSmoother was moved to the gtsam/nonlinear directory" [[01;35m[K-Wcpp[m[K]
[45.472s]    17 | #[01;35m[Kwarning[m[K "FixedLagSmoother was moved to the gtsam/nonlinear directory"
[45.472s]       |  [01;35m[K^~~~~~~[m[K
[47.375s] [ 27%] [32mBuilding CXX object CMakeFiles/glim.dir/src/glim/odometry/estimation_frame.cpp.o[0m
[47.924s] [ 29%] [32mBuilding CXX object CMakeFiles/glim.dir/src/glim/odometry/initial_state_estimation.cpp.o[0m
[52.063s] [ 31%] [32mBuilding CXX object CMakeFiles/glim.dir/src/glim/odometry/loose_initial_state_estimation.cpp.o[0m
[52.658s] [ 32%] [32mBuilding CXX object CMakeFiles/glim.dir/src/glim/odometry/odometry_estimation_base.cpp.o[0m
[58.421s] [ 34%] [32mBuilding CXX object CMakeFiles/glim.dir/src/glim/odometry/async_odometry_estimation.cpp.o[0m
[60.279s] [ 36%] [32mBuilding CXX object CMakeFiles/glim.dir/src/glim/odometry/odometry_estimation_imu.cpp.o[0m
[60.852s] [ 37%] [32mBuilding CXX object CMakeFiles/glim.dir/src/glim/odometry/odometry_estimation_ct.cpp.o[0m
[68.897s] [ 39%] [32mBuilding CXX object CMakeFiles/glim.dir/src/glim/odometry/odometry_estimation_cpu.cpp.o[0m
[80.774s] [ 40%] [32mBuilding CXX object CMakeFiles/glim.dir/src/glim/mapping/callbacks.cpp.o[0m
[86.934s] [ 42%] [32mBuilding CXX object CMakeFiles/glim.dir/src/glim/mapping/sub_map.cpp.o[0m
[114.179s] [ 44%] [32mBuilding CXX object CMakeFiles/glim.dir/src/glim/mapping/sub_mapping_base.cpp.o[0m
[117.127s] [ 45%] [32mBuilding CXX object CMakeFiles/glim.dir/src/glim/mapping/global_mapping_base.cpp.o[0m
[123.351s] [ 47%] [32mBuilding CXX object CMakeFiles/glim.dir/src/glim/mapping/sub_mapping.cpp.o[0m
[123.443s] [ 49%] [32mBuilding CXX object CMakeFiles/glim.dir/src/glim/mapping/sub_mapping_passthrough.cpp.o[0m
[124.464s] [ 50%] [32mBuilding CXX object CMakeFiles/glim.dir/src/glim/mapping/global_mapping.cpp.o[0m
[125.485s] [ 52%] [32mBuilding CXX object CMakeFiles/glim.dir/src/glim/mapping/async_global_mapping.cpp.o[0m
[126.526s] [ 54%] [32mBuilding CXX object CMakeFiles/glim.dir/src/glim/mapping/async_sub_mapping.cpp.o[0m
[144.676s] [ 55%] [32mBuilding CXX object CMakeFiles/glim.dir/src/glim/mapping/global_mapping_pose_graph.cpp.o[0m
[201.833s] [ 57%] [32m[1mLinking CXX shared library libglim.so[0m
[209.488s] [ 57%] Built target glim
[209.536s] [ 59%] [32mBuilding CXX object CMakeFiles/sub_mapping.dir/src/glim/mapping/sub_mapping_create.cpp.o[0m
[209.537s] [ 63%] [32mBuilding CXX object CMakeFiles/odometry_estimation_cpu.dir/src/glim/odometry/odometry_estimation_cpu_create.cpp.o[0m
[209.538s] [ 63%] [32mBuilding CXX object CMakeFiles/odometry_estimation_ct.dir/src/glim/odometry/odometry_estimation_ct_create.cpp.o[0m
[209.538s] [ 63%] [32mBuilding CXX object CMakeFiles/global_mapping.dir/src/glim/mapping/global_mapping_create.cpp.o[0m
[209.538s] [ 65%] [32mBuilding CXX object CMakeFiles/sub_mapping_passthrough.dir/src/glim/mapping/sub_mapping_passthrough_create.cpp.o[0m
[209.544s] [ 67%] [32mBuilding CXX object CMakeFiles/global_mapping_pose_graph.dir/src/glim/mapping/global_mapping_pose_graph_create.cpp.o[0m
[214.979s] [ 68%] [32m[1mLinking CXX shared library libodometry_estimation_cpu.so[0m
[215.588s] [ 68%] Built target odometry_estimation_cpu
[215.643s] [ 70%] [32mBuilding CXX object CMakeFiles/standard_viewer.dir/src/glim/viewer/standard_viewer.cpp.o[0m
[215.811s] [ 72%] [32m[1mLinking CXX shared library libglobal_mapping_pose_graph.so[0m
[215.853s] [ 73%] [32m[1mLinking CXX shared library libodometry_estimation_ct.so[0m
[216.263s] [ 75%] [32m[1mLinking CXX shared library libsub_mapping.so[0m
[216.371s] [ 75%] Built target global_mapping_pose_graph
[216.418s] [ 75%] Built target odometry_estimation_ct
[216.420s] [ 77%] [32mBuilding CXX object CMakeFiles/interactive_viewer.dir/src/glim/viewer/interactive_viewer.cpp.o[0m
[216.465s] [ 78%] [32mBuilding CXX object CMakeFiles/map_editor.dir/src/glim/viewer/editor/map_cell.cpp.o[0m
[216.621s] [ 80%] [32m[1mLinking CXX shared library libsub_mapping_passthrough.so[0m
[216.721s] [ 80%] Built target sub_mapping
[216.764s] [ 81%] [32mBuilding CXX object CMakeFiles/memory_monitor.dir/src/glim/viewer/memory_monitor.cpp.o[0m
[217.138s] [ 81%] Built target sub_mapping_passthrough
[217.158s] [ 83%] [32mBuilding CXX object CMakeFiles/interactive_viewer.dir/src/glim/viewer/interactive/manual_loop_close_modal.cpp.o[0m
[217.667s] [ 85%] [32m[1mLinking CXX shared library libglobal_mapping.so[0m
[218.156s] [ 85%] Built target global_mapping
[218.174s] [ 86%] [32mBuilding CXX object CMakeFiles/interactive_viewer.dir/src/glim/viewer/interactive/bundle_adjustment_modal.cpp.o[0m
[223.063s] [ 88%] [32mBuilding CXX object CMakeFiles/map_editor.dir/src/glim/viewer/editor/points_selector.cpp.o[0m
[226.821s] [ 90%] [32m[1mLinking CXX shared library libmemory_monitor.so[0m
[227.499s] [ 90%] Built target memory_monitor
[227.523s] [ 91%] [32mBuilding CXX object CMakeFiles/interactive_viewer.dir/src/glim/viewer/offline_viewer.cpp.o[0m
[238.903s] In file included from [01m[K/usr/include/c++/11/utility:70[m[K,
[238.903s]                  from [01m[K/usr/include/c++/11/tuple:38[m[K,
[238.904s]                  from [01m[K/usr/include/c++/11/mutex:38[m[K,
[238.904s]                  from [01m[K/home/nonsaya-n/repo/loiter/ros2_ws/src/glim/include/glim/viewer/standard_viewer.hpp:3[m[K,
[238.904s]                  from [01m[K/home/nonsaya-n/repo/loiter/ros2_ws/src/glim/src/glim/viewer/standard_viewer.cpp:1[m[K:
[238.904s] /usr/include/c++/11/bits/stl_pair.h: In instantiation of ‘[01m[Kconstexpr std::pair<typename std::__strip_reference_wrapper<typename std::decay<_Tp>::type>::__type, typename std::__strip_reference_wrapper<typename std::decay<_Tp2>::type>::__type> std::make_pair(_T1&&, _T2&&) [with _T1 = double; _T2 = double; typename std::__strip_reference_wrapper<typename std::decay<_Tp2>::type>::__type = double; typename std::decay<_Tp2>::type = double; typename std::__strip_reference_wrapper<typename std::decay<_Tp>::type>::__type = double; typename std::decay<_Tp>::type = double][m[K’:
[238.904s] [01m[K/home/nonsaya-n/repo/loiter/ros2_ws/src/glim/src/glim/viewer/standard_viewer.cpp:61:37:[m[K   required from here
[238.905s] [01m[K/usr/include/c++/11/bits/stl_pair.h:567:5:[m[K [01;36m[Knote: [m[Kparameter passing for argument of type ‘[01m[Kstd::pair<double, double>[m[K’ when C++17 is enabled changed to match C++14 in GCC 10.1
[238.905s]   567 |     [01;36m[Kmake_pair[m[K(_T1&& __x, _T2&& __y)
[238.905s]       |     [01;36m[K^~~~~~~~~[m[K
[262.041s] [ 93%] [32mBuilding CXX object CMakeFiles/map_editor.dir/src/glim/viewer/map_editor.cpp.o[0m
[298.949s] [ 95%] [32m[1mLinking CXX shared library libinteractive_viewer.so[0m
[301.647s] [ 95%] Built target interactive_viewer
[305.511s] [ 96%] [32m[1mLinking CXX shared library libmap_editor.so[0m
[306.721s] [ 96%] Built target map_editor
[312.153s] [ 98%] [32mBuilding CXX object CMakeFiles/standard_viewer.dir/src/glim/viewer/standard_viewer_mem.cpp.o[0m
[327.196s] [100%] [32m[1mLinking CXX shared library libstandard_viewer.so[0m
[328.664s] [100%] Built target standard_viewer
[328.712s] Invoked command in '/home/nonsaya-n/repo/loiter/ros2_ws/build/glim' returned '0': CMAKE_PREFIX_PATH=${CMAKE_PREFIX_PATH}:/opt/ros/humble /usr/bin/cmake --build /home/nonsaya-n/repo/loiter/ros2_ws/build/glim -- -j6 -l6
[328.727s] Invoking command in '/home/nonsaya-n/repo/loiter/ros2_ws/build/glim': CMAKE_PREFIX_PATH=${CMAKE_PREFIX_PATH}:/opt/ros/humble /usr/bin/cmake --install /home/nonsaya-n/repo/loiter/ros2_ws/build/glim
[328.745s] -- Install configuration: "RelWithDebInfo"
[328.745s] -- Installing: /home/nonsaya-n/repo/loiter/ros2_ws/install/glim/include/glim
[328.746s] -- Installing: /home/nonsaya-n/repo/loiter/ros2_ws/install/glim/include/glim/glim
[328.746s] -- Installing: /home/nonsaya-n/repo/loiter/ros2_ws/install/glim/include/glim/glim/mapping
[328.746s] -- Installing: /home/nonsaya-n/repo/loiter/ros2_ws/install/glim/include/glim/glim/mapping/global_mapping.hpp
[328.747s] -- Installing: /home/nonsaya-n/repo/loiter/ros2_ws/install/glim/include/glim/glim/mapping/sub_mapping.hpp
[328.747s] -- Installing: /home/nonsaya-n/repo/loiter/ros2_ws/install/glim/include/glim/glim/mapping/sub_mapping_base.hpp
[328.747s] -- Installing: /home/nonsaya-n/repo/loiter/ros2_ws/install/glim/include/glim/glim/mapping/async_sub_mapping.hpp
[328.747s] -- Installing: /home/nonsaya-n/repo/loiter/ros2_ws/install/glim/include/glim/glim/mapping/global_mapping_pose_graph.hpp
[328.748s] -- Installing: /home/nonsaya-n/repo/loiter/ros2_ws/install/glim/include/glim/glim/mapping/async_global_mapping.hpp
[328.748s] -- Installing: /home/nonsaya-n/repo/loiter/ros2_ws/install/glim/include/glim/glim/mapping/global_mapping_base.hpp
[328.748s] -- Installing: /home/nonsaya-n/repo/loiter/ros2_ws/install/glim/include/glim/glim/mapping/sub_mapping_passthrough.hpp
[328.748s] -- Installing: /home/nonsaya-n/repo/loiter/ros2_ws/install/glim/include/glim/glim/mapping/callbacks.hpp
[328.748s] -- Installing: /home/nonsaya-n/repo/loiter/ros2_ws/install/glim/include/glim/glim/mapping/sub_map.hpp
[328.749s] -- Installing: /home/nonsaya-n/repo/loiter/ros2_ws/install/glim/include/glim/glim/preprocess
[328.749s] -- Installing: /home/nonsaya-n/repo/loiter/ros2_ws/install/glim/include/glim/glim/preprocess/preprocessed_frame.hpp
[328.749s] -- Installing: /home/nonsaya-n/repo/loiter/ros2_ws/install/glim/include/glim/glim/preprocess/cloud_preprocessor.hpp
[328.749s] -- Installing: /home/nonsaya-n/repo/loiter/ros2_ws/install/glim/include/glim/glim/preprocess/callbacks.hpp
[328.750s] -- Installing: /home/nonsaya-n/repo/loiter/ros2_ws/install/glim/include/glim/glim/util
[328.750s] -- Installing: /home/nonsaya-n/repo/loiter/ros2_ws/install/glim/include/glim/glim/util/data_validator.hpp
[328.750s] -- Installing: /home/nonsaya-n/repo/loiter/ros2_ws/install/glim/include/glim/glim/util/ros_cloud_converter.hpp
[328.750s] -- Installing: /home/nonsaya-n/repo/loiter/ros2_ws/install/glim/include/glim/glim/util/config.hpp
[328.750s] -- Installing: /home/nonsaya-n/repo/loiter/ros2_ws/install/glim/include/glim/glim/util/debug.hpp
[328.751s] -- Installing: /home/nonsaya-n/repo/loiter/ros2_ws/install/glim/include/glim/glim/util/serialization.hpp
[328.751s] -- Installing: /home/nonsaya-n/repo/loiter/ros2_ws/install/glim/include/glim/glim/util/time_keeper.hpp
[328.751s] -- Installing: /home/nonsaya-n/repo/loiter/ros2_ws/install/glim/include/glim/glim/util/callback_slot.hpp
[328.751s] -- Installing: /home/nonsaya-n/repo/loiter/ros2_ws/install/glim/include/glim/glim/util/trajectory_manager.hpp
[328.751s] -- Installing: /home/nonsaya-n/repo/loiter/ros2_ws/install/glim/include/glim/glim/util/convert_to_string.hpp
[328.752s] -- Installing: /home/nonsaya-n/repo/loiter/ros2_ws/install/glim/include/glim/glim/util/concurrent_vector.hpp
[328.752s] -- Installing: /home/nonsaya-n/repo/loiter/ros2_ws/install/glim/include/glim/glim/util/extension_module_ros.hpp
[328.752s] -- Installing: /home/nonsaya-n/repo/loiter/ros2_ws/install/glim/include/glim/glim/util/logging.hpp
[328.752s] -- Installing: /home/nonsaya-n/repo/loiter/ros2_ws/install/glim/include/glim/glim/util/extension_module_ros2.hpp
[328.753s] -- Installing: /home/nonsaya-n/repo/loiter/ros2_ws/install/glim/include/glim/glim/util/config_impl.hpp
[328.753s] -- Installing: /home/nonsaya-n/repo/loiter/ros2_ws/install/glim/include/glim/glim/util/raw_points.hpp
[328.753s] -- Installing: /home/nonsaya-n/repo/loiter/ros2_ws/install/glim/include/glim/glim/util/extension_module.hpp
[328.753s] -- Installing: /home/nonsaya-n/repo/loiter/ros2_ws/install/glim/include/glim/glim/util/interpolation_helper.hpp
[328.754s] -- Installing: /home/nonsaya-n/repo/loiter/ros2_ws/install/glim/include/glim/glim/util/load_module.hpp
[328.754s] -- Installing: /home/nonsaya-n/repo/loiter/ros2_ws/install/glim/include/glim/glim/odometry
[328.754s] -- Installing: /home/nonsaya-n/repo/loiter/ros2_ws/install/glim/include/glim/glim/odometry/odometry_estimation_base.hpp
[328.754s] -- Installing: /home/nonsaya-n/repo/loiter/ros2_ws/install/glim/include/glim/glim/odometry/async_odometry_estimation.hpp
[328.754s] -- Installing: /home/nonsaya-n/repo/loiter/ros2_ws/install/glim/include/glim/glim/odometry/loose_initial_state_estimation.hpp
[328.755s] -- Installing: /home/nonsaya-n/repo/loiter/ros2_ws/install/glim/include/glim/glim/odometry/initial_state_estimation.hpp
[328.755s] -- Installing: /home/nonsaya-n/repo/loiter/ros2_ws/install/glim/include/glim/glim/odometry/odometry_estimation_gpu.hpp
[328.755s] -- Installing: /home/nonsaya-n/repo/loiter/ros2_ws/install/glim/include/glim/glim/odometry/odometry_estimation_ct.hpp
[328.755s] -- Installing: /home/nonsaya-n/repo/loiter/ros2_ws/install/glim/include/glim/glim/odometry/odometry_estimation_imu.hpp
[328.755s] -- Installing: /home/nonsaya-n/repo/loiter/ros2_ws/install/glim/include/glim/glim/odometry/odometry_estimation_cpu.hpp
[328.756s] -- Installing: /home/nonsaya-n/repo/loiter/ros2_ws/install/glim/include/glim/glim/odometry/estimation_frame.hpp
[328.756s] -- Installing: /home/nonsaya-n/repo/loiter/ros2_ws/install/glim/include/glim/glim/odometry/callbacks.hpp
[328.756s] -- Installing: /home/nonsaya-n/repo/loiter/ros2_ws/install/glim/include/glim/glim/viewer
[328.756s] -- Installing: /home/nonsaya-n/repo/loiter/ros2_ws/install/glim/include/glim/glim/viewer/offline_viewer.hpp
[328.756s] -- Installing: /home/nonsaya-n/repo/loiter/ros2_ws/install/glim/include/glim/glim/viewer/interactive
[328.757s] -- Installing: /home/nonsaya-n/repo/loiter/ros2_ws/install/glim/include/glim/glim/viewer/interactive/manual_loop_close_modal.hpp
[328.757s] -- Installing: /home/nonsaya-n/repo/loiter/ros2_ws/install/glim/include/glim/glim/viewer/interactive/bundle_adjustment_modal.hpp
[328.757s] -- Installing: /home/nonsaya-n/repo/loiter/ros2_ws/install/glim/include/glim/glim/viewer/standard_viewer_mem.hpp
[328.757s] -- Installing: /home/nonsaya-n/repo/loiter/ros2_ws/install/glim/include/glim/glim/viewer/interactive_viewer.hpp
[328.757s] -- Installing: /home/nonsaya-n/repo/loiter/ros2_ws/install/glim/include/glim/glim/viewer/editor
[328.758s] -- Installing: /home/nonsaya-n/repo/loiter/ros2_ws/install/glim/include/glim/glim/viewer/editor/points_selector.hpp
[328.758s] -- Installing: /home/nonsaya-n/repo/loiter/ros2_ws/install/glim/include/glim/glim/viewer/editor/map_cell.hpp
[328.758s] -- Installing: /home/nonsaya-n/repo/loiter/ros2_ws/install/glim/include/glim/glim/viewer/standard_viewer.hpp
[328.758s] -- Installing: /home/nonsaya-n/repo/loiter/ros2_ws/install/glim/include/glim/glim/viewer/map_editor.hpp
[328.758s] -- Installing: /home/nonsaya-n/repo/loiter/ros2_ws/install/glim/include/glim/glim/common
[328.759s] -- Installing: /home/nonsaya-n/repo/loiter/ros2_ws/install/glim/include/glim/glim/common/cloud_covariance_estimation.hpp
[328.759s] -- Installing: /home/nonsaya-n/repo/loiter/ros2_ws/install/glim/include/glim/glim/common/cloud_deskewing.hpp
[328.759s] -- Installing: /home/nonsaya-n/repo/loiter/ros2_ws/install/glim/include/glim/glim/common/imu_integration.hpp
[328.759s] -- Installing: /home/nonsaya-n/repo/loiter/ros2_ws/install/glim/lib/libglim.so
[329.232s] -- Set runtime path of "/home/nonsaya-n/repo/loiter/ros2_ws/install/glim/lib/libglim.so" to ""
[329.232s] -- Installing: /home/nonsaya-n/repo/loiter/ros2_ws/install/glim/lib/libodometry_estimation_ct.so
[329.233s] -- Set runtime path of "/home/nonsaya-n/repo/loiter/ros2_ws/install/glim/lib/libodometry_estimation_ct.so" to ""
[329.233s] -- Installing: /home/nonsaya-n/repo/loiter/ros2_ws/install/glim/lib/libodometry_estimation_cpu.so
[329.234s] -- Set runtime path of "/home/nonsaya-n/repo/loiter/ros2_ws/install/glim/lib/libodometry_estimation_cpu.so" to ""
[329.234s] -- Installing: /home/nonsaya-n/repo/loiter/ros2_ws/install/glim/lib/libsub_mapping.so
[329.236s] -- Set runtime path of "/home/nonsaya-n/repo/loiter/ros2_ws/install/glim/lib/libsub_mapping.so" to ""
[329.236s] -- Installing: /home/nonsaya-n/repo/loiter/ros2_ws/install/glim/lib/libsub_mapping_passthrough.so
[329.237s] -- Set runtime path of "/home/nonsaya-n/repo/loiter/ros2_ws/install/glim/lib/libsub_mapping_passthrough.so" to ""
[329.237s] -- Installing: /home/nonsaya-n/repo/loiter/ros2_ws/install/glim/lib/libglobal_mapping.so
[329.238s] -- Set runtime path of "/home/nonsaya-n/repo/loiter/ros2_ws/install/glim/lib/libglobal_mapping.so" to ""
[329.238s] -- Installing: /home/nonsaya-n/repo/loiter/ros2_ws/install/glim/lib/libglobal_mapping_pose_graph.so
[329.240s] -- Set runtime path of "/home/nonsaya-n/repo/loiter/ros2_ws/install/glim/lib/libglobal_mapping_pose_graph.so" to ""
[329.240s] -- Installing: /home/nonsaya-n/repo/loiter/ros2_ws/install/glim/lib/libstandard_viewer.so
[329.308s] -- Set runtime path of "/home/nonsaya-n/repo/loiter/ros2_ws/install/glim/lib/libstandard_viewer.so" to ""
[329.308s] -- Installing: /home/nonsaya-n/repo/loiter/ros2_ws/install/glim/lib/libinteractive_viewer.so
[329.432s] -- Set runtime path of "/home/nonsaya-n/repo/loiter/ros2_ws/install/glim/lib/libinteractive_viewer.so" to ""
[329.432s] -- Installing: /home/nonsaya-n/repo/loiter/ros2_ws/install/glim/lib/libmemory_monitor.so
[329.439s] -- Set runtime path of "/home/nonsaya-n/repo/loiter/ros2_ws/install/glim/lib/libmemory_monitor.so" to ""
[329.439s] -- Installing: /home/nonsaya-n/repo/loiter/ros2_ws/install/glim/lib/libmap_editor.so
[329.498s] -- Set runtime path of "/home/nonsaya-n/repo/loiter/ros2_ws/install/glim/lib/libmap_editor.so" to ""
[329.498s] -- Installing: /home/nonsaya-n/repo/loiter/ros2_ws/install/glim/share/glim/glim-targets.cmake
[329.498s] -- Installing: /home/nonsaya-n/repo/loiter/ros2_ws/install/glim/share/glim/glim-targets-relwithdebinfo.cmake
[329.499s] -- Installing: /home/nonsaya-n/repo/loiter/ros2_ws/install/glim/share/glim/glim-config.cmake
[329.499s] -- Installing: /home/nonsaya-n/repo/loiter/ros2_ws/install/glim/share/glim/glim-config-version.cmake
[329.500s] -- Execute custom install script
[329.502s] -- Symlinking: /home/nonsaya-n/repo/loiter/ros2_ws/install/glim/share/glim/config/config.json
[329.522s] -- Symlinking: /home/nonsaya-n/repo/loiter/ros2_ws/install/glim/share/glim/config/config_global_mapping_cpu.json
[329.541s] -- Symlinking: /home/nonsaya-n/repo/loiter/ros2_ws/install/glim/share/glim/config/config_global_mapping_gpu.json
[329.560s] -- Symlinking: /home/nonsaya-n/repo/loiter/ros2_ws/install/glim/share/glim/config/config_global_mapping_pose_graph.json
[329.578s] -- Symlinking: /home/nonsaya-n/repo/loiter/ros2_ws/install/glim/share/glim/config/config_odometry_cpu.json
[329.598s] -- Symlinking: /home/nonsaya-n/repo/loiter/ros2_ws/install/glim/share/glim/config/config_odometry_ct.json
[329.616s] -- Symlinking: /home/nonsaya-n/repo/loiter/ros2_ws/install/glim/share/glim/config/config_odometry_gpu.json
[329.635s] -- Symlinking: /home/nonsaya-n/repo/loiter/ros2_ws/install/glim/share/glim/config/config_preprocess.json
[329.653s] -- Symlinking: /home/nonsaya-n/repo/loiter/ros2_ws/install/glim/share/glim/config/config_ros.json
[329.671s] -- Symlinking: /home/nonsaya-n/repo/loiter/ros2_ws/install/glim/share/glim/config/config_sensors.json
[329.689s] -- Symlinking: /home/nonsaya-n/repo/loiter/ros2_ws/install/glim/share/glim/config/config_sub_mapping_cpu.json
[329.707s] -- Symlinking: /home/nonsaya-n/repo/loiter/ros2_ws/install/glim/share/glim/config/config_sub_mapping_gpu.json
[329.726s] -- Symlinking: /home/nonsaya-n/repo/loiter/ros2_ws/install/glim/share/glim/config/config_sub_mapping_passthrough.json
[329.745s] -- Symlinking: /home/nonsaya-n/repo/loiter/ros2_ws/install/glim/share/glim/config/config_viewer.json
[329.768s] -- Symlinking: /home/nonsaya-n/repo/loiter/ros2_ws/install/glim/share/glim/environment/library_path.sh
[329.787s] -- Symlinking: /home/nonsaya-n/repo/loiter/ros2_ws/install/glim/share/glim/environment/library_path.dsv
[329.805s] -- Symlinking: /home/nonsaya-n/repo/loiter/ros2_ws/install/glim/share/ament_index/resource_index/package_run_dependencies/glim
[329.823s] -- Symlinking: /home/nonsaya-n/repo/loiter/ros2_ws/install/glim/share/ament_index/resource_index/parent_prefix_path/glim
[329.842s] -- Symlinking: /home/nonsaya-n/repo/loiter/ros2_ws/install/glim/share/glim/environment/ament_prefix_path.sh
[329.860s] -- Symlinking: /home/nonsaya-n/repo/loiter/ros2_ws/install/glim/share/glim/environment/ament_prefix_path.dsv
[329.878s] -- Symlinking: /home/nonsaya-n/repo/loiter/ros2_ws/install/glim/share/glim/environment/path.sh
[329.897s] -- Symlinking: /home/nonsaya-n/repo/loiter/ros2_ws/install/glim/share/glim/environment/path.dsv
[329.916s] -- Symlinking: /home/nonsaya-n/repo/loiter/ros2_ws/install/glim/share/glim/local_setup.bash
[329.934s] -- Symlinking: /home/nonsaya-n/repo/loiter/ros2_ws/install/glim/share/glim/local_setup.sh
[329.953s] -- Symlinking: /home/nonsaya-n/repo/loiter/ros2_ws/install/glim/share/glim/local_setup.zsh
[329.972s] -- Symlinking: /home/nonsaya-n/repo/loiter/ros2_ws/install/glim/share/glim/local_setup.dsv
[329.992s] -- Symlinking: /home/nonsaya-n/repo/loiter/ros2_ws/install/glim/share/glim/package.dsv
[330.010s] -- Symlinking: /home/nonsaya-n/repo/loiter/ros2_ws/install/glim/share/ament_index/resource_index/packages/glim
[330.028s] -- Symlinking: /home/nonsaya-n/repo/loiter/ros2_ws/install/glim/share/glim/cmake/glim-config.cmake
[330.047s] -- Symlinking: /home/nonsaya-n/repo/loiter/ros2_ws/install/glim/share/glim/cmake/ament_cmake_export_include_directories-extras.cmake
[330.067s] -- Symlinking: /home/nonsaya-n/repo/loiter/ros2_ws/install/glim/share/glim/cmake/ament_cmake_export_libraries-extras.cmake
[330.088s] -- Symlinking: /home/nonsaya-n/repo/loiter/ros2_ws/install/glim/share/glim/cmake/ament_cmake_export_targets-extras.cmake
[330.106s] -- Symlinking: /home/nonsaya-n/repo/loiter/ros2_ws/install/glim/share/glim/cmake/glimConfig.cmake
[330.125s] -- Symlinking: /home/nonsaya-n/repo/loiter/ros2_ws/install/glim/share/glim/cmake/glimConfig-version.cmake
[330.143s] -- Symlinking: /home/nonsaya-n/repo/loiter/ros2_ws/install/glim/share/glim/package.xml
[330.162s] -- Installing: /home/nonsaya-n/repo/loiter/ros2_ws/install/glim/share/glim/cmake/glim-targetsExport.cmake
[330.162s] -- Installing: /home/nonsaya-n/repo/loiter/ros2_ws/install/glim/share/glim/cmake/glim-targetsExport-relwithdebinfo.cmake
[330.176s] Invoked command in '/home/nonsaya-n/repo/loiter/ros2_ws/build/glim' returned '0': CMAKE_PREFIX_PATH=${CMAKE_PREFIX_PATH}:/opt/ros/humble /usr/bin/cmake --install /home/nonsaya-n/repo/loiter/ros2_ws/build/glim
