[0.000000] (-) TimerEvent: {}
[0.000273] (livox_ros_driver2) JobQueued: {'identifier': 'livox_ros_driver2', 'dependencies': OrderedDict()}
[0.000590] (livox_mid360_bringup) JobQueued: {'identifier': 'livox_mid360_bringup', 'dependencies': OrderedDict([('livox_ros_driver2', '/home/nonsaya-n/repo/loiter/ros2_ws/install/livox_ros_driver2')])}
[0.001087] (livox_ros_driver2) JobStarted: {'identifier': 'livox_ros_driver2'}
[0.018408] (livox_ros_driver2) JobProgress: {'identifier': 'livox_ros_driver2', 'progress': 'cmake'}
[0.020783] (livox_ros_driver2) Command: {'cmd': ['/usr/bin/cmake', '/home/nonsaya-n/repo/loiter/ros2_ws/src/livox_ros_driver2', '-DCMAKE_INSTALL_PREFIX=/home/nonsaya-n/repo/loiter/ros2_ws/install/livox_ros_driver2'], 'cwd': '/home/nonsaya-n/repo/loiter/ros2_ws/build/livox_ros_driver2', 'env': OrderedDict([('LESSOPEN', '| /usr/bin/lesspipe %s'), ('VSCODE_CWD', '/home/nonsaya-n'), ('VSCODE_ESM_ENTRYPOINT', 'vs/workbench/api/node/extensionHostProcess'), ('USER', 'nonsaya-n'), ('SSH_CLIENT', '2404:7a81:2360:3200:ac52:befb:53b8:a7fc 62306 22'), ('VSCODE_NLS_CONFIG', '{"userLocale":"en","osLocale":"en","resolvedLanguage":"en","defaultMessagesFile":"/home/nonsaya-n/.cursor-server/bin/adb0f9e3e4f184bba7f3fa6dbfd72ad0ebb8cfd0/out/nls.messages.json","locale":"en","availableLanguages":{}}'), ('VSCODE_HANDLES_UNCAUGHT_ERRORS', 'true'), ('XDG_SESSION_TYPE', 'tty'), ('SHLVL', '2'), ('LD_LIBRARY_PATH', '/opt/ros/humble/lib/aarch64-linux-gnu:/opt/ros/humble/lib'), ('BROWSER', '/home/nonsaya-n/.cursor-server/bin/adb0f9e3e4f184bba7f3fa6dbfd72ad0ebb8cfd0/bin/helpers/browser.sh'), ('MOTD_SHOWN', 'pam'), ('HOME', '/home/nonsaya-n'), ('OLDPWD', '/home/nonsaya-n/repo/loiter'), ('VSCODE_IPC_HOOK_CLI', '/run/user/1000/vscode-ipc-3acd7589-6b58-4e1d-aa21-cd94da158f07.sock'), ('ROS_PYTHON_VERSION', '3'), ('NO_COLOR', '1'), ('DBUS_SESSION_BUS_ADDRESS', 'unix:path=/run/user/1000/bus'), ('VSCODE_L10N_BUNDLE_LOCATION', ''), ('ROS_DISTRO', 'humble'), ('LOGNAME', 'nonsaya-n'), ('FORCE_COLOR', '0'), ('VSCODE_HANDLES_SIGPIPE', 'true'), ('_', '/home/nonsaya-n/.local/bin/colcon'), ('ROS_VERSION', '2'), ('XDG_SESSION_CLASS', 'user'), ('TERM', 'dumb'), ('XDG_SESSION_ID', '4'), ('ROS_LOCALHOST_ONLY', '0'), ('COMPOSER_NO_INTERACTION', '1'), ('PATH', '/opt/ros/humble/bin:/home/nonsaya-n/.local/bin:/home/nonsaya-n/.cursor-server/bin/adb0f9e3e4f184bba7f3fa6dbfd72ad0ebb8cfd0/bin/remote-cli:/home/nonsaya-n/.cursor-server/bin/adb0f9e3e4f184bba7f3fa6dbfd72ad0ebb8cfd0/bin/remote-cli:/usr/local/sbin:/usr/local/bin:/usr/sbin:/usr/bin:/sbin:/bin:/usr/games:/usr/local/games:/snap/bin'), ('VSCODE_AGENT_FOLDER', '/home/nonsaya-n/.cursor-server'), ('XDG_RUNTIME_DIR', '/run/user/1000'), ('CURSOR_AGENT', '1'), ('LANG', 'ja_JP.UTF-8'), ('LS_COLORS', ''), ('AMENT_PREFIX_PATH', '/opt/ros/humble'), ('SHELL', '/bin/bash'), ('VSCODE_SERVER_SHUTDOWN_TIMEOUT', '300'), ('LESSCLOSE', '/usr/bin/lesspipe %s %s'), ('PWD', '/home/nonsaya-n/repo/loiter/ros2_ws/build/livox_ros_driver2'), ('SSH_CONNECTION', '2404:7a81:2360:3200:ac52:befb:53b8:a7fc 62306 2404:7a81:2360:3200:f48d:c981:3f08:d337 22'), ('XDG_DATA_DIRS', '/usr/share/gnome:/usr/local/share:/usr/share:/var/lib/snapd/desktop'), ('PYTHONPATH', '/opt/ros/humble/lib/python3.10/site-packages:/opt/ros/humble/local/lib/python3.10/dist-packages'), ('COLCON', '1')]), 'shell': False}
[0.047510] (livox_ros_driver2) StdoutLine: {'line': b'-- livox_ros_driver2 version: 1.2.4\n'}
[0.048003] (livox_ros_driver2) StdoutLine: {'line': b'-- Found ament_cmake_auto: 1.3.12 (/opt/ros/humble/share/ament_cmake_auto/cmake)\n'}
[0.099344] (-) TimerEvent: {}
[0.199696] (-) TimerEvent: {}
[0.300128] (-) TimerEvent: {}
[0.324664] (livox_ros_driver2) StderrLine: {'line': b'CMake Error: File /home/nonsaya-n/repo/loiter/ros2_ws/src/livox_ros_driver2/package.xml does not exist.\n'}
[0.325123] (livox_ros_driver2) StderrLine: {'line': b'CMake Error at /opt/ros/humble/share/ament_cmake_core/cmake/core/stamp.cmake:24 (configure_file):\n'}
[0.325301] (livox_ros_driver2) StderrLine: {'line': b'  configure_file Problem configuring file\n'}
[0.325462] (livox_ros_driver2) StderrLine: {'line': b'Call Stack (most recent call first):\n'}
[0.325638] (livox_ros_driver2) StderrLine: {'line': b'  /opt/ros/humble/share/ament_cmake_core/cmake/core/ament_package_xml.cmake:73 (stamp)\n'}
[0.325788] (livox_ros_driver2) StderrLine: {'line': b'  /opt/ros/humble/share/ament_cmake_core/cmake/core/ament_package_xml.cmake:49 (_ament_package_xml)\n'}
[0.325933] (livox_ros_driver2) StderrLine: {'line': b'  /opt/ros/humble/share/ament_cmake_auto/cmake/ament_auto_find_build_dependencies.cmake:42 (ament_package_xml)\n'}
[0.326070] (livox_ros_driver2) StderrLine: {'line': b'  CMakeLists.txt:225 (ament_auto_find_build_dependencies)\n'}
[0.326203] (livox_ros_driver2) StderrLine: {'line': b'\n'}
[0.326333] (livox_ros_driver2) StderrLine: {'line': b'\n'}
[0.354576] (livox_ros_driver2) StdoutLine: {'line': b'-- Eigen found (include: /usr/include/eigen3, version: 3.4.0)\n'}
[0.400299] (-) TimerEvent: {}
[0.439357] (livox_ros_driver2) StdoutLine: {'line': b'-- FLANN found (include: /usr/include, lib: /usr/lib/aarch64-linux-gnu/libflann_cpp.so)\n'}
[0.500391] (-) TimerEvent: {}
[0.600723] (-) TimerEvent: {}
[0.701157] (-) TimerEvent: {}
[0.801558] (-) TimerEvent: {}
[0.901972] (-) TimerEvent: {}
[1.002433] (-) TimerEvent: {}
[1.058946] (livox_ros_driver2) StdoutLine: {'line': b'-- OpenNI found (version: 1.5.4.0, include: /usr/include/ni, lib: /usr/lib/libOpenNI.so;libusb::libusb)\n'}
[1.069523] (livox_ros_driver2) StdoutLine: {'line': b'-- OpenNI2 found (version: 2.2.0.33, include: /usr/include/openni2, lib: /usr/lib/aarch64-linux-gnu/libOpenNI2.so;libusb::libusb)\n'}
[1.070094] (livox_ros_driver2) StderrLine: {'line': b'** WARNING ** io features related to pcap will be disabled\n'}
[1.102457] (-) TimerEvent: {}
[1.202754] (-) TimerEvent: {}
[1.303154] (-) TimerEvent: {}
[1.390465] (livox_ros_driver2) StdoutLine: {'line': b'-- Eigen found (include: /usr/include/eigen3, version: 3.4.0)\n'}
[1.401499] (livox_ros_driver2) StdoutLine: {'line': b'-- OpenNI found (version: 1.5.4.0, include: /usr/include/ni, lib: /usr/lib/libOpenNI.so;libusb::libusb)\n'}
[1.403201] (-) TimerEvent: {}
[1.412208] (livox_ros_driver2) StdoutLine: {'line': b'-- OpenNI2 found (version: 2.2.0.33, include: /usr/include/openni2, lib: /usr/lib/aarch64-linux-gnu/libOpenNI2.so;libusb::libusb)\n'}
[1.503370] (-) TimerEvent: {}
[1.603742] (-) TimerEvent: {}
[1.704152] (-) TimerEvent: {}
[1.715133] (livox_ros_driver2) StdoutLine: {'line': b'-- Found Qhull version 8.0.2\n'}
[1.804316] (-) TimerEvent: {}
[1.904707] (-) TimerEvent: {}
[2.005110] (-) TimerEvent: {}
[2.031712] (livox_ros_driver2) StdoutLine: {'line': b'-- OpenNI found (version: 1.5.4.0, include: /usr/include/ni, lib: /usr/lib/libOpenNI.so;libusb::libusb)\n'}
[2.105292] (-) TimerEvent: {}
[2.205713] (-) TimerEvent: {}
[2.306104] (-) TimerEvent: {}
[2.337626] (livox_ros_driver2) StdoutLine: {'line': b'-- looking for PCL_COMMON\n'}
[2.338220] (livox_ros_driver2) StdoutLine: {'line': b'-- looking for PCL_KDTREE\n'}
[2.338865] (livox_ros_driver2) StdoutLine: {'line': b'-- looking for PCL_OCTREE\n'}
[2.339754] (livox_ros_driver2) StdoutLine: {'line': b'-- looking for PCL_SEARCH\n'}
[2.340490] (livox_ros_driver2) StdoutLine: {'line': b'-- looking for PCL_SAMPLE_CONSENSUS\n'}
[2.341209] (livox_ros_driver2) StdoutLine: {'line': b'-- looking for PCL_FILTERS\n'}
[2.341995] (livox_ros_driver2) StdoutLine: {'line': b'-- looking for PCL_2D\n'}
[2.342740] (livox_ros_driver2) StdoutLine: {'line': b'-- looking for PCL_GEOMETRY\n'}
[2.343254] (livox_ros_driver2) StdoutLine: {'line': b'-- looking for PCL_IO\n'}
[2.344110] (livox_ros_driver2) StdoutLine: {'line': b'-- looking for PCL_FEATURES\n'}
[2.344922] (livox_ros_driver2) StdoutLine: {'line': b'-- looking for PCL_ML\n'}
[2.345597] (livox_ros_driver2) StdoutLine: {'line': b'-- looking for PCL_SEGMENTATION\n'}
[2.346543] (livox_ros_driver2) StdoutLine: {'line': b'-- looking for PCL_VISUALIZATION\n'}
[2.348240] (livox_ros_driver2) StdoutLine: {'line': b'-- looking for PCL_SURFACE\n'}
[2.349019] (livox_ros_driver2) StdoutLine: {'line': b'-- looking for PCL_REGISTRATION\n'}
[2.349861] (livox_ros_driver2) StdoutLine: {'line': b'-- looking for PCL_KEYPOINTS\n'}
[2.350693] (livox_ros_driver2) StdoutLine: {'line': b'-- looking for PCL_TRACKING\n'}
[2.351455] (livox_ros_driver2) StdoutLine: {'line': b'-- looking for PCL_RECOGNITION\n'}
[2.352382] (livox_ros_driver2) StdoutLine: {'line': b'-- looking for PCL_STEREO\n'}
[2.353070] (livox_ros_driver2) StdoutLine: {'line': b'-- looking for PCL_APPS\n'}
[2.354620] (livox_ros_driver2) StdoutLine: {'line': b'-- looking for PCL_IN_HAND_SCANNER\n'}
[2.355179] (livox_ros_driver2) StdoutLine: {'line': b'-- looking for PCL_MODELER\n'}
[2.355714] (livox_ros_driver2) StdoutLine: {'line': b'-- looking for PCL_POINT_CLOUD_EDITOR\n'}
[2.356260] (livox_ros_driver2) StdoutLine: {'line': b'-- looking for PCL_OUTOFCORE\n'}
[2.357023] (livox_ros_driver2) StdoutLine: {'line': b'-- looking for PCL_PEOPLE\n'}
[2.359606] (livox_ros_driver2) StdoutLine: {'line': b'-- Found std_msgs: 4.9.0 (/opt/ros/humble/share/std_msgs/cmake)\n'}
[2.397296] (livox_ros_driver2) StdoutLine: {'line': b'-- Found rosidl_generator_c: 3.1.7 (/opt/ros/humble/share/rosidl_generator_c/cmake)\n'}
[2.402348] (livox_ros_driver2) StdoutLine: {'line': b'-- Found rosidl_adapter: 3.1.7 (/opt/ros/humble/share/rosidl_adapter/cmake)\n'}
[2.406172] (-) TimerEvent: {}
[2.414185] (livox_ros_driver2) StdoutLine: {'line': b'-- Found rosidl_generator_cpp: 3.1.7 (/opt/ros/humble/share/rosidl_generator_cpp/cmake)\n'}
[2.433395] (livox_ros_driver2) StdoutLine: {'line': b'-- Using all available rosidl_typesupport_c: rosidl_typesupport_fastrtps_c;rosidl_typesupport_introspection_c\n'}
[2.458545] (livox_ros_driver2) StdoutLine: {'line': b'-- Using all available rosidl_typesupport_cpp: rosidl_typesupport_fastrtps_cpp;rosidl_typesupport_introspection_cpp\n'}
[2.504891] (livox_ros_driver2) StdoutLine: {'line': b'-- Found rosidl_default_generators: 1.2.0 (/opt/ros/humble/share/rosidl_default_generators/cmake)\n'}
[2.506260] (-) TimerEvent: {}
[2.528229] (livox_ros_driver2) StdoutLine: {'line': b"-- Checking for module 'apr-1'\n"}
[2.532477] (livox_ros_driver2) StdoutLine: {'line': b"--   No package 'apr-1' found\n"}
[2.606456] (-) TimerEvent: {}
[2.706813] (-) TimerEvent: {}
[2.807264] (-) TimerEvent: {}
[2.838996] (livox_ros_driver2) StderrLine: {'line': b'CMake Error: File /home/nonsaya-n/repo/loiter/ros2_ws/src/livox_ros_driver2/package.xml does not exist.\n'}
[2.839586] (livox_ros_driver2) StderrLine: {'line': b'CMake Error at /opt/ros/humble/share/ament_cmake_core/cmake/core/stamp.cmake:24 (configure_file):\n'}
[2.839807] (livox_ros_driver2) StderrLine: {'line': b'  configure_file Problem configuring file\n'}
[2.840002] (livox_ros_driver2) StderrLine: {'line': b'Call Stack (most recent call first):\n'}
[2.840176] (livox_ros_driver2) StderrLine: {'line': b'  /opt/ros/humble/share/ament_cmake_core/cmake/core/ament_package_xml.cmake:73 (stamp)\n'}
[2.840329] (livox_ros_driver2) StderrLine: {'line': b'  /opt/ros/humble/share/ament_cmake_core/cmake/core/ament_package_xml.cmake:49 (_ament_package_xml)\n'}
[2.840481] (livox_ros_driver2) StderrLine: {'line': b'  /opt/ros/humble/share/rosidl_cmake/cmake/rosidl_generate_interfaces.cmake:226 (ament_package_xml)\n'}
[2.840621] (livox_ros_driver2) StderrLine: {'line': b'  CMakeLists.txt:241 (rosidl_generate_interfaces)\n'}
[2.840755] (livox_ros_driver2) StderrLine: {'line': b'\n'}
[2.840886] (livox_ros_driver2) StderrLine: {'line': b'\n'}
[2.841065] (livox_ros_driver2) StderrLine: {'line': b'CMake Error at /opt/ros/humble/share/rosidl_cmake/cmake/rosidl_generate_interfaces.cmake:229 (message):\n'}
[2.841434] (livox_ros_driver2) StderrLine: {'line': b'  Packages installing interfaces must include\n'}
[2.841725] (livox_ros_driver2) StderrLine: {'line': b"  '<member_of_group>rosidl_interface_packages</member_of_group>' in their\n"}
[2.841963] (livox_ros_driver2) StderrLine: {'line': b'  package.xml\n'}
[2.842232] (livox_ros_driver2) StderrLine: {'line': b'Call Stack (most recent call first):\n'}
[2.842542] (livox_ros_driver2) StderrLine: {'line': b'  CMakeLists.txt:241 (rosidl_generate_interfaces)\n'}
[2.842812] (livox_ros_driver2) StderrLine: {'line': b'\n'}
[2.843040] (livox_ros_driver2) StderrLine: {'line': b'\n'}
[2.843298] (livox_ros_driver2) StdoutLine: {'line': b'-- Configuring incomplete, errors occurred!\n'}
[2.843581] (livox_ros_driver2) StdoutLine: {'line': b'See also "/home/nonsaya-n/repo/loiter/ros2_ws/build/livox_ros_driver2/CMakeFiles/CMakeOutput.log".\n'}
[2.878201] (livox_ros_driver2) CommandEnded: {'returncode': 1}
[2.880125] (livox_ros_driver2) JobEnded: {'identifier': 'livox_ros_driver2', 'rc': 1}
[2.891365] (livox_mid360_bringup) JobSkipped: {'identifier': 'livox_mid360_bringup'}
[2.891565] (-) EventReactorShutdown: {}
