[0.024s] Invoking command in '/home/nonsaya-n/repo/loiter/ros2_ws/build/livox_ros_driver2': CMAKE_PREFIX_PATH=/opt/ros/humble /usr/bin/cmake /home/nonsaya-n/repo/loiter/ros2_ws/src/livox_ros_driver2 -DHUMBLE_ROS=humble -DAMENT_CMAKE_SYMLINK_INSTALL=1 -DCMAKE_INSTALL_PREFIX=/home/nonsaya-n/repo/loiter/ros2_ws/install/livox_ros_driver2
[0.052s] -- livox_ros_driver2 version: 1.2.4
[0.053s] -- Found ament_cmake_auto: 1.3.12 (/opt/ros/humble/share/ament_cmake_auto/cmake)
[0.308s] -- Override CMake install command with custom implementation using symlinks instead of copying resources
[0.481s] -- Using all available rosidl_typesupport_c: rosidl_typesupport_fastrtps_c;rosidl_typesupport_introspection_c
[0.491s] -- Found rosidl_adapter: 3.1.7 (/opt/ros/humble/share/rosidl_adapter/cmake)
[0.575s] -- Using all available rosidl_typesupport_cpp: rosidl_typesupport_fastrtps_cpp;rosidl_typesupport_introspection_cpp
[0.710s] -- Found rmw_implementation_cmake: 6.1.2 (/opt/ros/humble/share/rmw_implementation_cmake/cmake)
[0.713s] -- Found rmw_fastrtps_cpp: 6.2.8 (/opt/ros/humble/share/rmw_fastrtps_cpp/cmake)
[0.910s] -- Using RMW implementation 'rmw_fastrtps_cpp' as default
[1.201s] -- Eigen found (include: /usr/include/eigen3, version: 3.4.0)
[1.263s] -- FLANN found (include: /usr/include, lib: /usr/lib/aarch64-linux-gnu/libflann_cpp.so)
[1.901s] -- OpenNI found (version: 1.5.4.0, include: /usr/include/ni, lib: /usr/lib/libOpenNI.so;libusb::libusb)
[1.912s] -- OpenNI2 found (version: 2.2.0.33, include: /usr/include/openni2, lib: /usr/lib/aarch64-linux-gnu/libOpenNI2.so;libusb::libusb)
[2.239s] -- Eigen found (include: /usr/include/eigen3, version: 3.4.0)
[2.251s] -- OpenNI found (version: 1.5.4.0, include: /usr/include/ni, lib: /usr/lib/libOpenNI.so;libusb::libusb)
[2.262s] -- OpenNI2 found (version: 2.2.0.33, include: /usr/include/openni2, lib: /usr/lib/aarch64-linux-gnu/libOpenNI2.so;libusb::libusb)
[2.570s] -- Found Qhull version 8.0.2
[2.891s] -- OpenNI found (version: 1.5.4.0, include: /usr/include/ni, lib: /usr/lib/libOpenNI.so;libusb::libusb)
[3.303s] -- Checking for module 'apr-1'
[3.308s] --   No package 'apr-1' found
[3.798s] -- Found ament_cmake_ros: 0.10.0 (/opt/ros/humble/share/ament_cmake_ros/cmake)
[4.319s] -- Using all available rosidl_typesupport_c: rosidl_typesupport_fastrtps_c;rosidl_typesupport_introspection_c
[5.012s] -- Using all available rosidl_typesupport_cpp: rosidl_typesupport_fastrtps_cpp;rosidl_typesupport_introspection_cpp
[5.067s] -- Found python_cmake_module: 0.10.0 (/opt/ros/humble/share/python_cmake_module/cmake)
[5.122s] -- Using PYTHON_EXECUTABLE: /usr/bin/python3
[5.122s] -- Using PYTHON_INCLUDE_DIRS: /usr/include/python3.10
[5.123s] -- Using PYTHON_LIBRARIES: /usr/lib/aarch64-linux-gnu/libpython3.10.so
[5.222s] -- Found ament_lint_auto: 0.12.14 (/opt/ros/humble/share/ament_lint_auto/cmake)
[5.249s] -- Added test 'copyright' to check source files copyright and LICENSE
[5.262s] -- Added test 'cppcheck' to perform static code analysis on C / C++ code
[5.264s] -- Configured cppcheck include dirs: /home/nonsaya-n/repo/loiter/ros2_ws/src/livox_ros_driver2/3rdparty;/home/nonsaya-n/repo/loiter/ros2_ws/src/livox_ros_driver2/src
[5.264s] -- Configured cppcheck exclude dirs and/or files: 
[5.276s] -- Added test 'cpplint' to check C / C++ code against the Google style
[5.276s] -- Configured cpplint exclude dirs and/or files: 
[5.278s] -- Added test 'flake8' to check Python code syntax and style conventions
[5.282s] -- Added test 'lint_cmake' to check CMake code style
[5.284s] -- Added test 'pep257' to check Python code against some of the docstring style conventions in PEP 257
[5.296s] -- Added test 'uncrustify' to check C / C++ code style
[5.296s] -- Configured uncrustify additional arguments: 
[5.298s] -- Added test 'xmllint' to check XML markup files
[5.304s] -- Configuring done
[5.457s] -- Generating done
[5.506s] -- Build files have been written to: /home/nonsaya-n/repo/loiter/ros2_ws/build/livox_ros_driver2
[5.558s] Invoked command in '/home/nonsaya-n/repo/loiter/ros2_ws/build/livox_ros_driver2' returned '0': CMAKE_PREFIX_PATH=/opt/ros/humble /usr/bin/cmake /home/nonsaya-n/repo/loiter/ros2_ws/src/livox_ros_driver2 -DHUMBLE_ROS=humble -DAMENT_CMAKE_SYMLINK_INSTALL=1 -DCMAKE_INSTALL_PREFIX=/home/nonsaya-n/repo/loiter/ros2_ws/install/livox_ros_driver2
[5.563s] Invoking command in '/home/nonsaya-n/repo/loiter/ros2_ws/build/livox_ros_driver2': CMAKE_PREFIX_PATH=/opt/ros/humble /usr/bin/cmake --build /home/nonsaya-n/repo/loiter/ros2_ws/build/livox_ros_driver2 -- -j6 -l6
[5.648s] [  1%] [34m[1mGenerating C code for ROS interfaces[0m
[5.669s] [  5%] [32mBuilding CXX object CMakeFiles/livox_ros_driver2_node.dir/rclcpp_components/node_main_livox_ros_driver2_node.cpp.o[0m
[5.669s] [  5%] [34m[1mGenerating C++ code for ROS interfaces[0m
[5.689s] [  5%] Built target ament_cmake_python_symlink_livox_ros_driver2
[6.173s] running egg_info
[6.174s] creating livox_ros_driver2.egg-info
[6.175s] writing livox_ros_driver2.egg-info/PKG-INFO
[6.175s] writing dependency_links to livox_ros_driver2.egg-info/dependency_links.txt
[6.175s] writing top-level names to livox_ros_driver2.egg-info/top_level.txt
[6.176s] writing manifest file 'livox_ros_driver2.egg-info/SOURCES.txt'
[6.184s] reading manifest file 'livox_ros_driver2.egg-info/SOURCES.txt'
[6.185s] writing manifest file 'livox_ros_driver2.egg-info/SOURCES.txt'
[6.260s] [  5%] Built target ament_cmake_python_build_livox_ros_driver2_egg
[6.668s] [  5%] Built target livox_interfaces2__cpp
[6.669s] [  7%] [32mBuilding C object CMakeFiles/livox_interfaces2__rosidl_generator_c.dir/rosidl_generator_c/livox_ros_driver2/msg/detail/custom_point__functions.c.o[0m
[6.669s] [  8%] [32mBuilding C object CMakeFiles/livox_interfaces2__rosidl_generator_c.dir/rosidl_generator_c/livox_ros_driver2/msg/detail/custom_msg__functions.c.o[0m
[6.688s] [ 12%] [34m[1mGenerating C++ type support dispatch for ROS interfaces[0m
[6.689s] [ 12%] [34m[1mGenerating C++ type support for eProsima Fast-RTPS[0m
[6.690s] [ 14%] [34m[1mGenerating C++ introspection for ROS interfaces[0m
[6.798s] [ 15%] [32m[1mLinking C shared library liblivox_ros_driver2__rosidl_generator_c.so[0m
[6.875s] [ 15%] Built target livox_interfaces2__rosidl_generator_c
[6.897s] [ 19%] [34m[1mGenerating C introspection for ROS interfaces[0m
[6.898s] [ 19%] [34m[1mGenerating C type support for eProsima Fast-RTPS[0m
[7.667s] [ 21%] [32mBuilding CXX object CMakeFiles/livox_interfaces2__rosidl_typesupport_cpp.dir/rosidl_typesupport_cpp/livox_ros_driver2/msg/custom_point__type_support.cpp.o[0m
[7.688s] [ 22%] [32mBuilding CXX object CMakeFiles/livox_interfaces2__rosidl_typesupport_introspection_cpp.dir/rosidl_typesupport_introspection_cpp/livox_ros_driver2/msg/detail/custom_point__type_support.cpp.o[0m
[7.694s] [ 24%] [32mBuilding CXX object CMakeFiles/livox_interfaces2__rosidl_typesupport_fastrtps_cpp.dir/rosidl_typesupport_fastrtps_cpp/livox_ros_driver2/msg/detail/dds_fastrtps/custom_point__type_support.cpp.o[0m
[7.881s] [ 26%] [32mBuilding C object CMakeFiles/livox_interfaces2__rosidl_typesupport_introspection_c.dir/rosidl_typesupport_introspection_c/livox_ros_driver2/msg/detail/custom_point__type_support.c.o[0m
[7.943s] [ 28%] [32mBuilding CXX object CMakeFiles/livox_interfaces2__rosidl_typesupport_fastrtps_c.dir/rosidl_typesupport_fastrtps_c/livox_ros_driver2/msg/detail/custom_point__type_support_c.cpp.o[0m
[7.959s] [ 29%] [32mBuilding C object CMakeFiles/livox_interfaces2__rosidl_typesupport_introspection_c.dir/rosidl_typesupport_introspection_c/livox_ros_driver2/msg/detail/custom_msg__type_support.c.o[0m
[8.055s] [ 31%] [32m[1mLinking C shared library liblivox_ros_driver2__rosidl_typesupport_introspection_c.so[0m
[8.119s] [ 31%] Built target livox_interfaces2__rosidl_typesupport_introspection_c
[8.138s] [ 33%] [32mBuilding CXX object CMakeFiles/livox_interfaces2__rosidl_typesupport_fastrtps_c.dir/rosidl_typesupport_fastrtps_c/livox_ros_driver2/msg/detail/custom_msg__type_support_c.cpp.o[0m
[8.332s] [ 35%] [32mBuilding CXX object CMakeFiles/livox_interfaces2__rosidl_typesupport_cpp.dir/rosidl_typesupport_cpp/livox_ros_driver2/msg/custom_msg__type_support.cpp.o[0m
[8.652s] [ 36%] [32mBuilding CXX object CMakeFiles/livox_interfaces2__rosidl_typesupport_fastrtps_cpp.dir/rosidl_typesupport_fastrtps_cpp/livox_ros_driver2/msg/detail/dds_fastrtps/custom_msg__type_support.cpp.o[0m
[8.748s] [ 38%] [32mBuilding CXX object CMakeFiles/livox_interfaces2__rosidl_typesupport_introspection_cpp.dir/rosidl_typesupport_introspection_cpp/livox_ros_driver2/msg/detail/custom_msg__type_support.cpp.o[0m
[8.818s] [ 40%] [34m[1mGenerating C type support dispatch for ROS interfaces[0m
[9.002s] [ 42%] [32m[1mLinking CXX shared library liblivox_ros_driver2__rosidl_typesupport_fastrtps_c.so[0m
[9.038s] [ 43%] [32m[1mLinking CXX shared library liblivox_ros_driver2__rosidl_typesupport_cpp.so[0m
[9.126s] [ 43%] Built target livox_interfaces2__rosidl_typesupport_cpp
[9.168s] [ 43%] Built target livox_interfaces2__rosidl_typesupport_fastrtps_c
[9.169s] [ 45%] [32mBuilding CXX object CMakeFiles/livox_ros_driver2.dir/src/livox_ros_driver2.cpp.o[0m
[9.187s] [ 47%] [32mBuilding CXX object CMakeFiles/livox_ros_driver2.dir/src/lddc.cpp.o[0m
[9.715s] [ 49%] [32m[1mLinking CXX shared library liblivox_ros_driver2__rosidl_typesupport_fastrtps_cpp.so[0m
[9.790s] [ 50%] [32mBuilding CXX object CMakeFiles/livox_interfaces2__rosidl_typesupport_c.dir/rosidl_typesupport_c/livox_ros_driver2/msg/custom_point__type_support.cpp.o[0m
[9.859s] [ 52%] [32mBuilding CXX object CMakeFiles/livox_interfaces2__rosidl_typesupport_c.dir/rosidl_typesupport_c/livox_ros_driver2/msg/custom_msg__type_support.cpp.o[0m
[9.878s] [ 52%] Built target livox_interfaces2__rosidl_typesupport_fastrtps_cpp
[9.895s] [ 54%] [32mBuilding CXX object CMakeFiles/livox_ros_driver2.dir/src/driver_node.cpp.o[0m
[9.929s] [ 56%] [32m[1mLinking CXX shared library liblivox_ros_driver2__rosidl_typesupport_c.so[0m
[9.963s] [ 57%] [32m[1mLinking CXX shared library liblivox_ros_driver2__rosidl_typesupport_introspection_cpp.so[0m
[10.008s] [ 57%] Built target livox_interfaces2__rosidl_typesupport_c
[10.029s] [ 59%] [32mBuilding CXX object CMakeFiles/livox_ros_driver2.dir/src/lds.cpp.o[0m
[10.145s] [ 59%] Built target livox_interfaces2__rosidl_typesupport_introspection_cpp
[10.189s] [ 59%] Built target livox_interfaces2
[10.233s] [ 61%] [34m[1mGenerating Python code for ROS interfaces[0m
[12.074s] [ 63%] [32mBuilding CXX object CMakeFiles/livox_ros_driver2.dir/src/lds_lidar.cpp.o[0m
[12.194s] [ 63%] Built target livox_interfaces2__py
[12.221s] [ 64%] [32mBuilding CXX object CMakeFiles/livox_ros_driver2.dir/src/comm/comm.cpp.o[0m
[13.754s] [ 66%] [32m[1mLinking CXX executable livox_ros_driver2_node[0m
[13.814s] [ 68%] [32mBuilding CXX object CMakeFiles/livox_ros_driver2.dir/src/comm/ldq.cpp.o[0m
[14.094s] [ 68%] Built target livox_ros_driver2_node
[14.138s] [ 70%] [32mBuilding C object CMakeFiles/livox_interfaces2__rosidl_generator_py.dir/rosidl_generator_py/livox_ros_driver2/msg/_custom_point_s.c.o[0m
[14.415s] [ 71%] [32mBuilding C object CMakeFiles/livox_interfaces2__rosidl_generator_py.dir/rosidl_generator_py/livox_ros_driver2/msg/_custom_msg_s.c.o[0m
[14.484s] [ 73%] [32mBuilding CXX object CMakeFiles/livox_ros_driver2.dir/src/comm/semaphore.cpp.o[0m
[14.686s] [ 75%] [32m[1mLinking C shared library rosidl_generator_py/livox_ros_driver2/liblivox_interfaces2__rosidl_generator_py.so[0m
[14.777s] [ 75%] Built target livox_interfaces2__rosidl_generator_py
[14.795s] [ 77%] [32mBuilding CXX object CMakeFiles/livox_ros_driver2.dir/src/comm/lidar_imu_data_queue.cpp.o[0m
[15.322s] [ 78%] [32mBuilding CXX object CMakeFiles/livox_ros_driver2.dir/src/comm/cache_index.cpp.o[0m
[15.429s] [ 80%] [32mBuilding CXX object CMakeFiles/livox_ros_driver2.dir/src/comm/pub_handler.cpp.o[0m
[15.686s] [ 82%] [32mBuilding CXX object CMakeFiles/livox_ros_driver2.dir/src/parse_cfg_file/parse_cfg_file.cpp.o[0m
[17.042s] [ 84%] [32mBuilding CXX object CMakeFiles/livox_ros_driver2.dir/src/parse_cfg_file/parse_livox_lidar_cfg.cpp.o[0m
[17.827s] [ 85%] [32mBuilding CXX object CMakeFiles/livox_ros_driver2.dir/src/call_back/lidar_common_callback.cpp.o[0m
[18.929s] [ 87%] [32mBuilding CXX object CMakeFiles/livox_ros_driver2.dir/src/call_back/livox_lidar_callback.cpp.o[0m
[19.190s] [ 89%] [32mBuilding C object CMakeFiles/livox_ros_driver2__rosidl_typesupport_fastrtps_c__pyext.dir/rosidl_generator_py/livox_ros_driver2/_livox_ros_driver2_s.ep.rosidl_typesupport_fastrtps_c.c.o[0m
[19.420s] [ 91%] [32m[1mLinking C shared library rosidl_generator_py/livox_ros_driver2/livox_ros_driver2_s__rosidl_typesupport_fastrtps_c.cpython-310-aarch64-linux-gnu.so[0m
[19.504s] [ 91%] Built target livox_ros_driver2__rosidl_typesupport_fastrtps_c__pyext
[19.544s] [ 92%] [32mBuilding C object CMakeFiles/livox_ros_driver2__rosidl_typesupport_introspection_c__pyext.dir/rosidl_generator_py/livox_ros_driver2/_livox_ros_driver2_s.ep.rosidl_typesupport_introspection_c.c.o[0m
[19.610s] [ 94%] [32mBuilding C object CMakeFiles/livox_ros_driver2__rosidl_typesupport_c__pyext.dir/rosidl_generator_py/livox_ros_driver2/_livox_ros_driver2_s.ep.rosidl_typesupport_c.c.o[0m
[19.774s] [ 96%] [32m[1mLinking C shared library rosidl_generator_py/livox_ros_driver2/livox_ros_driver2_s__rosidl_typesupport_introspection_c.cpython-310-aarch64-linux-gnu.so[0m
[19.852s] [ 96%] Built target livox_ros_driver2__rosidl_typesupport_introspection_c__pyext
[19.858s] [ 98%] [32m[1mLinking C shared library rosidl_generator_py/livox_ros_driver2/livox_ros_driver2_s__rosidl_typesupport_c.cpython-310-aarch64-linux-gnu.so[0m
[19.940s] [ 98%] Built target livox_ros_driver2__rosidl_typesupport_c__pyext
[30.830s] [100%] [32m[1mLinking CXX shared library liblivox_ros_driver2.so[0m
[32.234s] [100%] Built target livox_ros_driver2
[32.263s] Invoked command in '/home/nonsaya-n/repo/loiter/ros2_ws/build/livox_ros_driver2' returned '0': CMAKE_PREFIX_PATH=/opt/ros/humble /usr/bin/cmake --build /home/nonsaya-n/repo/loiter/ros2_ws/build/livox_ros_driver2 -- -j6 -l6
[32.284s] Invoking command in '/home/nonsaya-n/repo/loiter/ros2_ws/build/livox_ros_driver2': CMAKE_PREFIX_PATH=/opt/ros/humble /usr/bin/cmake --install /home/nonsaya-n/repo/loiter/ros2_ws/build/livox_ros_driver2
[32.301s] -- Install configuration: ""
[32.302s] -- Execute custom install script
[32.303s] -- Symlinking: /home/nonsaya-n/repo/loiter/ros2_ws/install/livox_ros_driver2/share/ament_index/resource_index/rosidl_interfaces/livox_ros_driver2
[32.321s] -- Symlinking: /home/nonsaya-n/repo/loiter/ros2_ws/install/livox_ros_driver2/include/livox_ros_driver2/livox_ros_driver2/msg/custom_msg.h
[32.338s] -- Symlinking: /home/nonsaya-n/repo/loiter/ros2_ws/install/livox_ros_driver2/include/livox_ros_driver2/livox_ros_driver2/msg/custom_point.h
[32.355s] -- Symlinking: /home/nonsaya-n/repo/loiter/ros2_ws/install/livox_ros_driver2/include/livox_ros_driver2/livox_ros_driver2/msg/detail/custom_msg__functions.h
[32.372s] -- Symlinking: /home/nonsaya-n/repo/loiter/ros2_ws/install/livox_ros_driver2/include/livox_ros_driver2/livox_ros_driver2/msg/detail/custom_msg__struct.h
[32.388s] -- Symlinking: /home/nonsaya-n/repo/loiter/ros2_ws/install/livox_ros_driver2/include/livox_ros_driver2/livox_ros_driver2/msg/detail/custom_msg__type_support.h
[32.405s] -- Symlinking: /home/nonsaya-n/repo/loiter/ros2_ws/install/livox_ros_driver2/include/livox_ros_driver2/livox_ros_driver2/msg/detail/custom_point__functions.h
[32.424s] -- Symlinking: /home/nonsaya-n/repo/loiter/ros2_ws/install/livox_ros_driver2/include/livox_ros_driver2/livox_ros_driver2/msg/detail/custom_point__struct.h
[32.440s] -- Symlinking: /home/nonsaya-n/repo/loiter/ros2_ws/install/livox_ros_driver2/include/livox_ros_driver2/livox_ros_driver2/msg/detail/custom_point__type_support.h
[32.457s] -- Symlinking: /home/nonsaya-n/repo/loiter/ros2_ws/install/livox_ros_driver2/include/livox_ros_driver2/livox_ros_driver2/msg/rosidl_generator_c__visibility_control.h
[32.475s] -- Symlinking: /home/nonsaya-n/repo/loiter/ros2_ws/install/livox_ros_driver2/share/livox_ros_driver2/environment/library_path.sh
[32.492s] -- Symlinking: /home/nonsaya-n/repo/loiter/ros2_ws/install/livox_ros_driver2/share/livox_ros_driver2/environment/library_path.dsv
[32.511s] -- Symlinking: /home/nonsaya-n/repo/loiter/ros2_ws/install/livox_ros_driver2/include/livox_ros_driver2/livox_ros_driver2/msg/detail/custom_msg__rosidl_typesupport_fastrtps_c.h
[32.528s] -- Symlinking: /home/nonsaya-n/repo/loiter/ros2_ws/install/livox_ros_driver2/include/livox_ros_driver2/livox_ros_driver2/msg/detail/custom_point__rosidl_typesupport_fastrtps_c.h
[32.545s] -- Symlinking: /home/nonsaya-n/repo/loiter/ros2_ws/install/livox_ros_driver2/include/livox_ros_driver2/livox_ros_driver2/msg/rosidl_typesupport_fastrtps_c__visibility_control.h
[32.562s] -- Symlinking: /home/nonsaya-n/repo/loiter/ros2_ws/install/livox_ros_driver2/include/livox_ros_driver2/livox_ros_driver2/msg/detail/custom_msg__rosidl_typesupport_introspection_c.h
[32.580s] -- Symlinking: /home/nonsaya-n/repo/loiter/ros2_ws/install/livox_ros_driver2/include/livox_ros_driver2/livox_ros_driver2/msg/detail/custom_point__rosidl_typesupport_introspection_c.h
[32.598s] -- Symlinking: /home/nonsaya-n/repo/loiter/ros2_ws/install/livox_ros_driver2/include/livox_ros_driver2/livox_ros_driver2/msg/rosidl_typesupport_introspection_c__visibility_control.h
[32.617s] -- Symlinking: /home/nonsaya-n/repo/loiter/ros2_ws/install/livox_ros_driver2/include/livox_ros_driver2/livox_ros_driver2/msg/custom_msg.hpp
[32.634s] -- Symlinking: /home/nonsaya-n/repo/loiter/ros2_ws/install/livox_ros_driver2/include/livox_ros_driver2/livox_ros_driver2/msg/custom_point.hpp
[32.653s] -- Symlinking: /home/nonsaya-n/repo/loiter/ros2_ws/install/livox_ros_driver2/include/livox_ros_driver2/livox_ros_driver2/msg/detail/custom_msg__builder.hpp
[32.671s] -- Symlinking: /home/nonsaya-n/repo/loiter/ros2_ws/install/livox_ros_driver2/include/livox_ros_driver2/livox_ros_driver2/msg/detail/custom_msg__struct.hpp
[32.688s] -- Symlinking: /home/nonsaya-n/repo/loiter/ros2_ws/install/livox_ros_driver2/include/livox_ros_driver2/livox_ros_driver2/msg/detail/custom_msg__traits.hpp
[32.705s] -- Symlinking: /home/nonsaya-n/repo/loiter/ros2_ws/install/livox_ros_driver2/include/livox_ros_driver2/livox_ros_driver2/msg/detail/custom_msg__type_support.hpp
[32.723s] -- Symlinking: /home/nonsaya-n/repo/loiter/ros2_ws/install/livox_ros_driver2/include/livox_ros_driver2/livox_ros_driver2/msg/detail/custom_point__builder.hpp
[32.740s] -- Symlinking: /home/nonsaya-n/repo/loiter/ros2_ws/install/livox_ros_driver2/include/livox_ros_driver2/livox_ros_driver2/msg/detail/custom_point__struct.hpp
[32.757s] -- Symlinking: /home/nonsaya-n/repo/loiter/ros2_ws/install/livox_ros_driver2/include/livox_ros_driver2/livox_ros_driver2/msg/detail/custom_point__traits.hpp
[32.774s] -- Symlinking: /home/nonsaya-n/repo/loiter/ros2_ws/install/livox_ros_driver2/include/livox_ros_driver2/livox_ros_driver2/msg/detail/custom_point__type_support.hpp
[32.791s] -- Symlinking: /home/nonsaya-n/repo/loiter/ros2_ws/install/livox_ros_driver2/include/livox_ros_driver2/livox_ros_driver2/msg/rosidl_generator_cpp__visibility_control.hpp
[32.810s] -- Symlinking: /home/nonsaya-n/repo/loiter/ros2_ws/install/livox_ros_driver2/include/livox_ros_driver2/livox_ros_driver2/msg/detail/custom_msg__rosidl_typesupport_fastrtps_cpp.hpp
[32.827s] -- Symlinking: /home/nonsaya-n/repo/loiter/ros2_ws/install/livox_ros_driver2/include/livox_ros_driver2/livox_ros_driver2/msg/detail/custom_point__rosidl_typesupport_fastrtps_cpp.hpp
[32.845s] -- Symlinking: /home/nonsaya-n/repo/loiter/ros2_ws/install/livox_ros_driver2/include/livox_ros_driver2/livox_ros_driver2/msg/rosidl_typesupport_fastrtps_cpp__visibility_control.h
[32.863s] -- Symlinking: /home/nonsaya-n/repo/loiter/ros2_ws/install/livox_ros_driver2/include/livox_ros_driver2/livox_ros_driver2/msg/detail/custom_msg__rosidl_typesupport_introspection_cpp.hpp
[32.881s] -- Symlinking: /home/nonsaya-n/repo/loiter/ros2_ws/install/livox_ros_driver2/include/livox_ros_driver2/livox_ros_driver2/msg/detail/custom_point__rosidl_typesupport_introspection_cpp.hpp
[32.898s] -- Symlinking: /home/nonsaya-n/repo/loiter/ros2_ws/install/livox_ros_driver2/share/livox_ros_driver2/environment/pythonpath.sh
[32.915s] -- Symlinking: /home/nonsaya-n/repo/loiter/ros2_ws/install/livox_ros_driver2/share/livox_ros_driver2/environment/pythonpath.dsv
[32.934s] -- Symlinking: /home/nonsaya-n/repo/loiter/ros2_ws/install/livox_ros_driver2/local/lib/python3.10/dist-packages/livox_ros_driver2-1.0.0-py3.10.egg-info/PKG-INFO
[32.951s] -- Symlinking: /home/nonsaya-n/repo/loiter/ros2_ws/install/livox_ros_driver2/local/lib/python3.10/dist-packages/livox_ros_driver2-1.0.0-py3.10.egg-info/SOURCES.txt
[32.968s] -- Symlinking: /home/nonsaya-n/repo/loiter/ros2_ws/install/livox_ros_driver2/local/lib/python3.10/dist-packages/livox_ros_driver2-1.0.0-py3.10.egg-info/dependency_links.txt
[32.985s] -- Symlinking: /home/nonsaya-n/repo/loiter/ros2_ws/install/livox_ros_driver2/local/lib/python3.10/dist-packages/livox_ros_driver2-1.0.0-py3.10.egg-info/top_level.txt
[33.006s] -- Symlinking: /home/nonsaya-n/repo/loiter/ros2_ws/install/livox_ros_driver2/local/lib/python3.10/dist-packages/livox_ros_driver2/__init__.py
[33.023s] -- Symlinking: /home/nonsaya-n/repo/loiter/ros2_ws/install/livox_ros_driver2/local/lib/python3.10/dist-packages/livox_ros_driver2/_livox_ros_driver2_s.ep.rosidl_typesupport_c.c
[33.041s] -- Symlinking: /home/nonsaya-n/repo/loiter/ros2_ws/install/livox_ros_driver2/local/lib/python3.10/dist-packages/livox_ros_driver2/_livox_ros_driver2_s.ep.rosidl_typesupport_fastrtps_c.c
[33.059s] -- Symlinking: /home/nonsaya-n/repo/loiter/ros2_ws/install/livox_ros_driver2/local/lib/python3.10/dist-packages/livox_ros_driver2/_livox_ros_driver2_s.ep.rosidl_typesupport_introspection_c.c
[33.077s] -- Symlinking: /home/nonsaya-n/repo/loiter/ros2_ws/install/livox_ros_driver2/local/lib/python3.10/dist-packages/livox_ros_driver2/liblivox_interfaces2__rosidl_generator_py.so
[33.094s] -- Symlinking: /home/nonsaya-n/repo/loiter/ros2_ws/install/livox_ros_driver2/local/lib/python3.10/dist-packages/livox_ros_driver2/livox_ros_driver2_s__rosidl_typesupport_c.cpython-310-aarch64-linux-gnu.so
[33.110s] -- Symlinking: /home/nonsaya-n/repo/loiter/ros2_ws/install/livox_ros_driver2/local/lib/python3.10/dist-packages/livox_ros_driver2/livox_ros_driver2_s__rosidl_typesupport_fastrtps_c.cpython-310-aarch64-linux-gnu.so
[33.127s] -- Symlinking: /home/nonsaya-n/repo/loiter/ros2_ws/install/livox_ros_driver2/local/lib/python3.10/dist-packages/livox_ros_driver2/livox_ros_driver2_s__rosidl_typesupport_introspection_c.cpython-310-aarch64-linux-gnu.so
[33.144s] -- Symlinking: /home/nonsaya-n/repo/loiter/ros2_ws/install/livox_ros_driver2/local/lib/python3.10/dist-packages/livox_ros_driver2/msg/__init__.py
[33.162s] -- Symlinking: /home/nonsaya-n/repo/loiter/ros2_ws/install/livox_ros_driver2/local/lib/python3.10/dist-packages/livox_ros_driver2/msg/_custom_msg.py
[33.180s] -- Symlinking: /home/nonsaya-n/repo/loiter/ros2_ws/install/livox_ros_driver2/local/lib/python3.10/dist-packages/livox_ros_driver2/msg/_custom_msg_s.c
[33.198s] -- Symlinking: /home/nonsaya-n/repo/loiter/ros2_ws/install/livox_ros_driver2/local/lib/python3.10/dist-packages/livox_ros_driver2/msg/_custom_point.py
[33.215s] -- Symlinking: /home/nonsaya-n/repo/loiter/ros2_ws/install/livox_ros_driver2/local/lib/python3.10/dist-packages/livox_ros_driver2/msg/_custom_point_s.c
[33.232s] -- Up-to-date symlink: /home/nonsaya-n/repo/loiter/ros2_ws/install/livox_ros_driver2/local/lib/python3.10/dist-packages/livox_ros_driver2/livox_ros_driver2_s__rosidl_typesupport_fastrtps_c.cpython-310-aarch64-linux-gnu.so
[33.233s] -- Up-to-date symlink: /home/nonsaya-n/repo/loiter/ros2_ws/install/livox_ros_driver2/local/lib/python3.10/dist-packages/livox_ros_driver2/livox_ros_driver2_s__rosidl_typesupport_introspection_c.cpython-310-aarch64-linux-gnu.so
[33.234s] -- Up-to-date symlink: /home/nonsaya-n/repo/loiter/ros2_ws/install/livox_ros_driver2/local/lib/python3.10/dist-packages/livox_ros_driver2/livox_ros_driver2_s__rosidl_typesupport_c.cpython-310-aarch64-linux-gnu.so
[33.235s] -- Symlinking: /home/nonsaya-n/repo/loiter/ros2_ws/install/livox_ros_driver2/share/livox_ros_driver2/msg/CustomPoint.idl
[33.252s] -- Symlinking: /home/nonsaya-n/repo/loiter/ros2_ws/install/livox_ros_driver2/share/livox_ros_driver2/msg/CustomMsg.idl
[33.269s] -- Symlinking: /home/nonsaya-n/repo/loiter/ros2_ws/install/livox_ros_driver2/share/livox_ros_driver2/msg/CustomPoint.msg
[33.285s] -- Symlinking: /home/nonsaya-n/repo/loiter/ros2_ws/install/livox_ros_driver2/share/livox_ros_driver2/msg/CustomMsg.msg
[33.304s] -- Symlinking: /home/nonsaya-n/repo/loiter/ros2_ws/install/livox_ros_driver2/lib/livox_ros_driver2/livox_ros_driver2_node
[33.322s] -- Symlinking: /home/nonsaya-n/repo/loiter/ros2_ws/install/livox_ros_driver2/lib/liblivox_ros_driver2.so
[33.341s] -- Symlinking: /home/nonsaya-n/repo/loiter/ros2_ws/install/livox_ros_driver2/share/livox_ros_driver2/config/HAP_config.json
[33.359s] -- Symlinking: /home/nonsaya-n/repo/loiter/ros2_ws/install/livox_ros_driver2/share/livox_ros_driver2/config/MID360_config.json
[33.376s] -- Symlinking: /home/nonsaya-n/repo/loiter/ros2_ws/install/livox_ros_driver2/share/livox_ros_driver2/config/display_point_cloud_ROS1.rviz
[33.393s] -- Symlinking: /home/nonsaya-n/repo/loiter/ros2_ws/install/livox_ros_driver2/share/livox_ros_driver2/config/display_point_cloud_ROS2.rviz
[33.411s] -- Symlinking: /home/nonsaya-n/repo/loiter/ros2_ws/install/livox_ros_driver2/share/livox_ros_driver2/config/mixed_HAP_MID360_config.json
[33.429s] -- Symlinking: /home/nonsaya-n/repo/loiter/ros2_ws/install/livox_ros_driver2/share/livox_ros_driver2/launch_ROS2/msg_HAP_launch.py
[33.447s] -- Symlinking: /home/nonsaya-n/repo/loiter/ros2_ws/install/livox_ros_driver2/share/livox_ros_driver2/launch_ROS2/msg_MID360_launch.py
[33.463s] -- Symlinking: /home/nonsaya-n/repo/loiter/ros2_ws/install/livox_ros_driver2/share/livox_ros_driver2/launch_ROS2/rviz_HAP_launch.py
[33.481s] -- Symlinking: /home/nonsaya-n/repo/loiter/ros2_ws/install/livox_ros_driver2/share/livox_ros_driver2/launch_ROS2/rviz_MID360_launch.py
[33.499s] -- Symlinking: /home/nonsaya-n/repo/loiter/ros2_ws/install/livox_ros_driver2/share/livox_ros_driver2/launch_ROS2/rviz_mixed.py
[33.517s] -- Symlinking: /home/nonsaya-n/repo/loiter/ros2_ws/install/livox_ros_driver2/share/ament_index/resource_index/package_run_dependencies/livox_ros_driver2
[33.536s] -- Symlinking: /home/nonsaya-n/repo/loiter/ros2_ws/install/livox_ros_driver2/share/ament_index/resource_index/parent_prefix_path/livox_ros_driver2
[33.554s] -- Symlinking: /home/nonsaya-n/repo/loiter/ros2_ws/install/livox_ros_driver2/share/livox_ros_driver2/environment/ament_prefix_path.sh
[33.571s] -- Symlinking: /home/nonsaya-n/repo/loiter/ros2_ws/install/livox_ros_driver2/share/livox_ros_driver2/environment/ament_prefix_path.dsv
[33.589s] -- Symlinking: /home/nonsaya-n/repo/loiter/ros2_ws/install/livox_ros_driver2/share/livox_ros_driver2/environment/path.sh
[33.606s] -- Symlinking: /home/nonsaya-n/repo/loiter/ros2_ws/install/livox_ros_driver2/share/livox_ros_driver2/environment/path.dsv
[33.624s] -- Symlinking: /home/nonsaya-n/repo/loiter/ros2_ws/install/livox_ros_driver2/share/livox_ros_driver2/local_setup.bash
[33.643s] -- Symlinking: /home/nonsaya-n/repo/loiter/ros2_ws/install/livox_ros_driver2/share/livox_ros_driver2/local_setup.sh
[33.660s] -- Symlinking: /home/nonsaya-n/repo/loiter/ros2_ws/install/livox_ros_driver2/share/livox_ros_driver2/local_setup.zsh
[33.677s] -- Symlinking: /home/nonsaya-n/repo/loiter/ros2_ws/install/livox_ros_driver2/share/livox_ros_driver2/local_setup.dsv
[33.696s] -- Symlinking: /home/nonsaya-n/repo/loiter/ros2_ws/install/livox_ros_driver2/share/livox_ros_driver2/package.dsv
[33.714s] -- Symlinking: /home/nonsaya-n/repo/loiter/ros2_ws/install/livox_ros_driver2/share/ament_index/resource_index/packages/livox_ros_driver2
[33.733s] -- Symlinking: /home/nonsaya-n/repo/loiter/ros2_ws/install/livox_ros_driver2/share/ament_index/resource_index/rclcpp_components/livox_ros_driver2
[33.751s] -- Symlinking: /home/nonsaya-n/repo/loiter/ros2_ws/install/livox_ros_driver2/share/livox_ros_driver2/cmake/rosidl_cmake-extras.cmake
[33.769s] -- Symlinking: /home/nonsaya-n/repo/loiter/ros2_ws/install/livox_ros_driver2/share/livox_ros_driver2/cmake/ament_cmake_export_dependencies-extras.cmake
[33.786s] -- Symlinking: /home/nonsaya-n/repo/loiter/ros2_ws/install/livox_ros_driver2/share/livox_ros_driver2/cmake/ament_cmake_export_include_directories-extras.cmake
[33.805s] -- Symlinking: /home/nonsaya-n/repo/loiter/ros2_ws/install/livox_ros_driver2/share/livox_ros_driver2/cmake/ament_cmake_export_libraries-extras.cmake
[33.822s] -- Symlinking: /home/nonsaya-n/repo/loiter/ros2_ws/install/livox_ros_driver2/share/livox_ros_driver2/cmake/ament_cmake_export_targets-extras.cmake
[33.840s] -- Symlinking: /home/nonsaya-n/repo/loiter/ros2_ws/install/livox_ros_driver2/share/livox_ros_driver2/cmake/rosidl_cmake_export_typesupport_targets-extras.cmake
[33.860s] -- Symlinking: /home/nonsaya-n/repo/loiter/ros2_ws/install/livox_ros_driver2/share/livox_ros_driver2/cmake/rosidl_cmake_export_typesupport_libraries-extras.cmake
[33.878s] -- Symlinking: /home/nonsaya-n/repo/loiter/ros2_ws/install/livox_ros_driver2/share/livox_ros_driver2/cmake/livox_ros_driver2Config.cmake
[33.895s] -- Symlinking: /home/nonsaya-n/repo/loiter/ros2_ws/install/livox_ros_driver2/share/livox_ros_driver2/cmake/livox_ros_driver2Config-version.cmake
[33.912s] -- Symlinking: /home/nonsaya-n/repo/loiter/ros2_ws/install/livox_ros_driver2/share/livox_ros_driver2/package.xml
[33.931s] -- Installing: /home/nonsaya-n/repo/loiter/ros2_ws/install/livox_ros_driver2/lib/liblivox_ros_driver2__rosidl_generator_c.so
[33.932s] -- Set runtime path of "/home/nonsaya-n/repo/loiter/ros2_ws/install/livox_ros_driver2/lib/liblivox_ros_driver2__rosidl_generator_c.so" to ""
[33.933s] -- Installing: /home/nonsaya-n/repo/loiter/ros2_ws/install/livox_ros_driver2/lib/liblivox_ros_driver2__rosidl_typesupport_fastrtps_c.so
[33.934s] -- Set runtime path of "/home/nonsaya-n/repo/loiter/ros2_ws/install/livox_ros_driver2/lib/liblivox_ros_driver2__rosidl_typesupport_fastrtps_c.so" to ""
[33.934s] -- Installing: /home/nonsaya-n/repo/loiter/ros2_ws/install/livox_ros_driver2/lib/liblivox_ros_driver2__rosidl_typesupport_introspection_c.so
[33.935s] -- Set runtime path of "/home/nonsaya-n/repo/loiter/ros2_ws/install/livox_ros_driver2/lib/liblivox_ros_driver2__rosidl_typesupport_introspection_c.so" to ""
[33.935s] -- Installing: /home/nonsaya-n/repo/loiter/ros2_ws/install/livox_ros_driver2/lib/liblivox_ros_driver2__rosidl_typesupport_c.so
[33.936s] -- Set runtime path of "/home/nonsaya-n/repo/loiter/ros2_ws/install/livox_ros_driver2/lib/liblivox_ros_driver2__rosidl_typesupport_c.so" to ""
[33.937s] -- Installing: /home/nonsaya-n/repo/loiter/ros2_ws/install/livox_ros_driver2/lib/liblivox_ros_driver2__rosidl_typesupport_fastrtps_cpp.so
[33.938s] -- Set runtime path of "/home/nonsaya-n/repo/loiter/ros2_ws/install/livox_ros_driver2/lib/liblivox_ros_driver2__rosidl_typesupport_fastrtps_cpp.so" to ""
[33.938s] -- Installing: /home/nonsaya-n/repo/loiter/ros2_ws/install/livox_ros_driver2/lib/liblivox_ros_driver2__rosidl_typesupport_introspection_cpp.so
[33.940s] -- Set runtime path of "/home/nonsaya-n/repo/loiter/ros2_ws/install/livox_ros_driver2/lib/liblivox_ros_driver2__rosidl_typesupport_introspection_cpp.so" to ""
[33.940s] -- Installing: /home/nonsaya-n/repo/loiter/ros2_ws/install/livox_ros_driver2/lib/liblivox_ros_driver2__rosidl_typesupport_cpp.so
[33.941s] -- Set runtime path of "/home/nonsaya-n/repo/loiter/ros2_ws/install/livox_ros_driver2/lib/liblivox_ros_driver2__rosidl_typesupport_cpp.so" to ""
[34.020s] Listing '/home/nonsaya-n/repo/loiter/ros2_ws/install/livox_ros_driver2/local/lib/python3.10/dist-packages/livox_ros_driver2'...
[34.020s] Compiling '/home/nonsaya-n/repo/loiter/ros2_ws/install/livox_ros_driver2/local/lib/python3.10/dist-packages/livox_ros_driver2/__init__.py'...
[34.020s] Listing '/home/nonsaya-n/repo/loiter/ros2_ws/install/livox_ros_driver2/local/lib/python3.10/dist-packages/livox_ros_driver2/msg'...
[34.020s] Compiling '/home/nonsaya-n/repo/loiter/ros2_ws/install/livox_ros_driver2/local/lib/python3.10/dist-packages/livox_ros_driver2/msg/__init__.py'...
[34.021s] Compiling '/home/nonsaya-n/repo/loiter/ros2_ws/install/livox_ros_driver2/local/lib/python3.10/dist-packages/livox_ros_driver2/msg/_custom_msg.py'...
[34.021s] Compiling '/home/nonsaya-n/repo/loiter/ros2_ws/install/livox_ros_driver2/local/lib/python3.10/dist-packages/livox_ros_driver2/msg/_custom_point.py'...
[34.033s] -- Installing: /home/nonsaya-n/repo/loiter/ros2_ws/install/livox_ros_driver2/lib/liblivox_interfaces2__rosidl_generator_py.so
[34.033s] -- Set runtime path of "/home/nonsaya-n/repo/loiter/ros2_ws/install/livox_ros_driver2/lib/liblivox_interfaces2__rosidl_generator_py.so" to ""
[34.034s] -- Installing: /home/nonsaya-n/repo/loiter/ros2_ws/install/livox_ros_driver2/share/livox_ros_driver2/cmake/export_livox_interfaces2__rosidl_generator_cExport.cmake
[34.034s] -- Installing: /home/nonsaya-n/repo/loiter/ros2_ws/install/livox_ros_driver2/share/livox_ros_driver2/cmake/export_livox_interfaces2__rosidl_generator_cExport-noconfig.cmake
[34.035s] -- Installing: /home/nonsaya-n/repo/loiter/ros2_ws/install/livox_ros_driver2/share/livox_ros_driver2/cmake/export_livox_interfaces2__rosidl_typesupport_fastrtps_cExport.cmake
[34.035s] -- Installing: /home/nonsaya-n/repo/loiter/ros2_ws/install/livox_ros_driver2/share/livox_ros_driver2/cmake/export_livox_interfaces2__rosidl_typesupport_fastrtps_cExport-noconfig.cmake
[34.036s] -- Installing: /home/nonsaya-n/repo/loiter/ros2_ws/install/livox_ros_driver2/share/livox_ros_driver2/cmake/livox_interfaces2__rosidl_typesupport_introspection_cExport.cmake
[34.036s] -- Installing: /home/nonsaya-n/repo/loiter/ros2_ws/install/livox_ros_driver2/share/livox_ros_driver2/cmake/livox_interfaces2__rosidl_typesupport_introspection_cExport-noconfig.cmake
[34.037s] -- Installing: /home/nonsaya-n/repo/loiter/ros2_ws/install/livox_ros_driver2/share/livox_ros_driver2/cmake/livox_interfaces2__rosidl_typesupport_cExport.cmake
[34.037s] -- Installing: /home/nonsaya-n/repo/loiter/ros2_ws/install/livox_ros_driver2/share/livox_ros_driver2/cmake/livox_interfaces2__rosidl_typesupport_cExport-noconfig.cmake
[34.038s] -- Installing: /home/nonsaya-n/repo/loiter/ros2_ws/install/livox_ros_driver2/share/livox_ros_driver2/cmake/export_livox_interfaces2__rosidl_generator_cppExport.cmake
[34.039s] -- Installing: /home/nonsaya-n/repo/loiter/ros2_ws/install/livox_ros_driver2/share/livox_ros_driver2/cmake/export_livox_interfaces2__rosidl_typesupport_fastrtps_cppExport.cmake
[34.039s] -- Installing: /home/nonsaya-n/repo/loiter/ros2_ws/install/livox_ros_driver2/share/livox_ros_driver2/cmake/export_livox_interfaces2__rosidl_typesupport_fastrtps_cppExport-noconfig.cmake
[34.040s] -- Installing: /home/nonsaya-n/repo/loiter/ros2_ws/install/livox_ros_driver2/share/livox_ros_driver2/cmake/livox_interfaces2__rosidl_typesupport_introspection_cppExport.cmake
[34.040s] -- Installing: /home/nonsaya-n/repo/loiter/ros2_ws/install/livox_ros_driver2/share/livox_ros_driver2/cmake/livox_interfaces2__rosidl_typesupport_introspection_cppExport-noconfig.cmake
[34.041s] -- Installing: /home/nonsaya-n/repo/loiter/ros2_ws/install/livox_ros_driver2/share/livox_ros_driver2/cmake/livox_interfaces2__rosidl_typesupport_cppExport.cmake
[34.041s] -- Installing: /home/nonsaya-n/repo/loiter/ros2_ws/install/livox_ros_driver2/share/livox_ros_driver2/cmake/livox_interfaces2__rosidl_typesupport_cppExport-noconfig.cmake
[34.042s] -- Installing: /home/nonsaya-n/repo/loiter/ros2_ws/install/livox_ros_driver2/share/livox_ros_driver2/cmake/export_livox_interfaces2__rosidl_generator_pyExport.cmake
[34.042s] -- Installing: /home/nonsaya-n/repo/loiter/ros2_ws/install/livox_ros_driver2/share/livox_ros_driver2/cmake/export_livox_interfaces2__rosidl_generator_pyExport-noconfig.cmake
[34.049s] Invoked command in '/home/nonsaya-n/repo/loiter/ros2_ws/build/livox_ros_driver2' returned '0': CMAKE_PREFIX_PATH=/opt/ros/humble /usr/bin/cmake --install /home/nonsaya-n/repo/loiter/ros2_ws/build/livox_ros_driver2
