[0.000000] (-) TimerEvent: {}
[0.000880] (livox_ros_driver2) JobQueued: {'identifier': 'livox_ros_driver2', 'dependencies': OrderedDict()}
[0.001164] (livox_mid360_bringup) JobQueued: {'identifier': 'livox_mid360_bringup', 'dependencies': OrderedDict([('livox_ros_driver2', '/home/nonsaya-n/repo/loiter/ros2_ws/install/livox_ros_driver2')])}
[0.001277] (livox_ros_driver2) JobStarted: {'identifier': 'livox_ros_driver2'}
[0.016872] (livox_ros_driver2) JobProgress: {'identifier': 'livox_ros_driver2', 'progress': 'cmake'}
[0.017916] (livox_ros_driver2) Command: {'cmd': ['/usr/bin/cmake', '/home/nonsaya-n/repo/loiter/ros2_ws/src/livox_ros_driver2', '-DCMAKE_INSTALL_PREFIX=/home/nonsaya-n/repo/loiter/ros2_ws/install/livox_ros_driver2'], 'cwd': '/home/nonsaya-n/repo/loiter/ros2_ws/build/livox_ros_driver2', 'env': OrderedDict([('LESSOPEN', '| /usr/bin/lesspipe %s'), ('VSCODE_CWD', '/home/nonsaya-n'), ('VSCODE_ESM_ENTRYPOINT', 'vs/workbench/api/node/extensionHostProcess'), ('USER', 'nonsaya-n'), ('SSH_CLIENT', '2404:7a81:2360:3200:ac52:befb:53b8:a7fc 62306 22'), ('VSCODE_NLS_CONFIG', '{"userLocale":"en","osLocale":"en","resolvedLanguage":"en","defaultMessagesFile":"/home/nonsaya-n/.cursor-server/bin/adb0f9e3e4f184bba7f3fa6dbfd72ad0ebb8cfd0/out/nls.messages.json","locale":"en","availableLanguages":{}}'), ('VSCODE_HANDLES_UNCAUGHT_ERRORS', 'true'), ('XDG_SESSION_TYPE', 'tty'), ('SHLVL', '2'), ('LD_LIBRARY_PATH', '/opt/ros/humble/lib/aarch64-linux-gnu:/opt/ros/humble/lib'), ('BROWSER', '/home/nonsaya-n/.cursor-server/bin/adb0f9e3e4f184bba7f3fa6dbfd72ad0ebb8cfd0/bin/helpers/browser.sh'), ('MOTD_SHOWN', 'pam'), ('HOME', '/home/nonsaya-n'), ('OLDPWD', '/home/nonsaya-n/repo/loiter'), ('VSCODE_IPC_HOOK_CLI', '/run/user/1000/vscode-ipc-3acd7589-6b58-4e1d-aa21-cd94da158f07.sock'), ('ROS_PYTHON_VERSION', '3'), ('NO_COLOR', '1'), ('DBUS_SESSION_BUS_ADDRESS', 'unix:path=/run/user/1000/bus'), ('VSCODE_L10N_BUNDLE_LOCATION', ''), ('ROS_DISTRO', 'humble'), ('LOGNAME', 'nonsaya-n'), ('FORCE_COLOR', '0'), ('VSCODE_HANDLES_SIGPIPE', 'true'), ('_', '/home/nonsaya-n/.local/bin/colcon'), ('ROS_VERSION', '2'), ('XDG_SESSION_CLASS', 'user'), ('TERM', 'dumb'), ('XDG_SESSION_ID', '4'), ('ROS_LOCALHOST_ONLY', '0'), ('COMPOSER_NO_INTERACTION', '1'), ('PATH', '/opt/ros/humble/bin:/home/nonsaya-n/.local/bin:/home/nonsaya-n/.cursor-server/bin/adb0f9e3e4f184bba7f3fa6dbfd72ad0ebb8cfd0/bin/remote-cli:/home/nonsaya-n/.cursor-server/bin/adb0f9e3e4f184bba7f3fa6dbfd72ad0ebb8cfd0/bin/remote-cli:/usr/local/sbin:/usr/local/bin:/usr/sbin:/usr/bin:/sbin:/bin:/usr/games:/usr/local/games:/snap/bin'), ('VSCODE_AGENT_FOLDER', '/home/nonsaya-n/.cursor-server'), ('XDG_RUNTIME_DIR', '/run/user/1000'), ('CURSOR_AGENT', '1'), ('LANG', 'ja_JP.UTF-8'), ('LS_COLORS', ''), ('AMENT_PREFIX_PATH', '/opt/ros/humble'), ('SHELL', '/bin/bash'), ('VSCODE_SERVER_SHUTDOWN_TIMEOUT', '300'), ('LESSCLOSE', '/usr/bin/lesspipe %s %s'), ('PWD', '/home/nonsaya-n/repo/loiter/ros2_ws/build/livox_ros_driver2'), ('SSH_CONNECTION', '2404:7a81:2360:3200:ac52:befb:53b8:a7fc 62306 2404:7a81:2360:3200:f48d:c981:3f08:d337 22'), ('XDG_DATA_DIRS', '/usr/share/gnome:/usr/local/share:/usr/share:/var/lib/snapd/desktop'), ('PYTHONPATH', '/opt/ros/humble/lib/python3.10/site-packages:/opt/ros/humble/local/lib/python3.10/dist-packages'), ('COLCON', '1')]), 'shell': False}
[0.099671] (-) TimerEvent: {}
[0.149857] (livox_ros_driver2) StdoutLine: {'line': b'-- The C compiler identification is GNU 11.4.0\n'}
[0.199918] (-) TimerEvent: {}
[0.273876] (livox_ros_driver2) StdoutLine: {'line': b'-- The CXX compiler identification is GNU 11.4.0\n'}
[0.292372] (livox_ros_driver2) StdoutLine: {'line': b'-- Detecting C compiler ABI info\n'}
[0.299969] (-) TimerEvent: {}
[0.400163] (-) TimerEvent: {}
[0.434111] (livox_ros_driver2) StdoutLine: {'line': b'-- Detecting C compiler ABI info - done\n'}
[0.458535] (livox_ros_driver2) StdoutLine: {'line': b'-- Check for working C compiler: /usr/bin/cc - skipped\n'}
[0.459458] (livox_ros_driver2) StdoutLine: {'line': b'-- Detecting C compile features\n'}
[0.461046] (livox_ros_driver2) StdoutLine: {'line': b'-- Detecting C compile features - done\n'}
[0.471791] (livox_ros_driver2) StdoutLine: {'line': b'-- Detecting CXX compiler ABI info\n'}
[0.500249] (-) TimerEvent: {}
[0.600406] (-) TimerEvent: {}
[0.627726] (livox_ros_driver2) StdoutLine: {'line': b'-- Detecting CXX compiler ABI info - done\n'}
[0.653152] (livox_ros_driver2) StdoutLine: {'line': b'-- Check for working CXX compiler: /usr/bin/c++ - skipped\n'}
[0.654082] (livox_ros_driver2) StdoutLine: {'line': b'-- Detecting CXX compile features\n'}
[0.655738] (livox_ros_driver2) StdoutLine: {'line': b'-- Detecting CXX compile features - done\n'}
[0.658799] (livox_ros_driver2) StdoutLine: {'line': b'-- livox_ros_driver2 version: 1.2.4\n'}
[0.661811] (livox_ros_driver2) StdoutLine: {'line': b'-- Found ament_cmake_auto: 1.3.12 (/opt/ros/humble/share/ament_cmake_auto/cmake)\n'}
[0.700596] (-) TimerEvent: {}
[0.800992] (-) TimerEvent: {}
[0.901308] (-) TimerEvent: {}
[1.001507] (-) TimerEvent: {}
[1.014282] (livox_ros_driver2) StdoutLine: {'line': b'-- Found Python3: /usr/bin/python3 (found version "3.10.12") found components: Interpreter \n'}
[1.101627] (-) TimerEvent: {}
[1.201933] (-) TimerEvent: {}
[1.203519] (livox_ros_driver2) StderrLine: {'line': b'CMake Error: File /home/nonsaya-n/repo/loiter/ros2_ws/src/livox_ros_driver2/package.xml does not exist.\n'}
[1.203979] (livox_ros_driver2) StderrLine: {'line': b'CMake Error at /opt/ros/humble/share/ament_cmake_core/cmake/core/stamp.cmake:24 (configure_file):\n'}
[1.204169] (livox_ros_driver2) StderrLine: {'line': b'  configure_file Problem configuring file\n'}
[1.204333] (livox_ros_driver2) StderrLine: {'line': b'Call Stack (most recent call first):\n'}
[1.204488] (livox_ros_driver2) StderrLine: {'line': b'  /opt/ros/humble/share/ament_cmake_core/cmake/core/ament_package_xml.cmake:73 (stamp)\n'}
[1.204638] (livox_ros_driver2) StderrLine: {'line': b'  /opt/ros/humble/share/ament_cmake_core/cmake/core/ament_package_xml.cmake:49 (_ament_package_xml)\n'}
[1.204783] (livox_ros_driver2) StderrLine: {'line': b'  /opt/ros/humble/share/ament_cmake_auto/cmake/ament_auto_find_build_dependencies.cmake:42 (ament_package_xml)\n'}
[1.204929] (livox_ros_driver2) StderrLine: {'line': b'  CMakeLists.txt:225 (ament_auto_find_build_dependencies)\n'}
[1.205069] (livox_ros_driver2) StderrLine: {'line': b'\n'}
[1.205209] (livox_ros_driver2) StderrLine: {'line': b'\n'}
[1.232608] (livox_ros_driver2) StdoutLine: {'line': b"-- Checking for module 'eigen3'\n"}
[1.254345] (livox_ros_driver2) StdoutLine: {'line': b'--   Found eigen3, version 3.4.0\n'}
[1.302009] (-) TimerEvent: {}
[1.303824] (livox_ros_driver2) StdoutLine: {'line': b'-- Found Eigen: /usr/include/eigen3 (Required is at least version "3.1") \n'}
[1.304109] (livox_ros_driver2) StdoutLine: {'line': b'-- Eigen found (include: /usr/include/eigen3, version: 3.4.0)\n'}
[1.341003] (livox_ros_driver2) StdoutLine: {'line': b'-- Found Boost: /usr/lib/aarch64-linux-gnu/cmake/Boost-1.74.0/BoostConfig.cmake (found suitable version "1.74.0", minimum required is "1.65.0") found components: system filesystem date_time iostreams serialization \n'}
[1.377576] (livox_ros_driver2) StdoutLine: {'line': b"-- Checking for module 'flann'\n"}
[1.397944] (livox_ros_driver2) StdoutLine: {'line': b'--   Found flann, version 1.9.1\n'}
[1.402104] (-) TimerEvent: {}
[1.491053] (livox_ros_driver2) StdoutLine: {'line': b'-- Found FLANN: /usr/lib/aarch64-linux-gnu/libflann_cpp.so  \n'}
[1.491522] (livox_ros_driver2) StdoutLine: {'line': b'-- FLANN found (include: /usr/include, lib: /usr/lib/aarch64-linux-gnu/libflann_cpp.so)\n'}
[1.502207] (-) TimerEvent: {}
[1.563927] (livox_ros_driver2) StdoutLine: {'line': b'-- Looking for pthread.h\n'}
[1.602429] (-) TimerEvent: {}
[1.702819] (-) TimerEvent: {}
[1.718112] (livox_ros_driver2) StdoutLine: {'line': b'-- Looking for pthread.h - found\n'}
[1.718755] (livox_ros_driver2) StdoutLine: {'line': b'-- Performing Test CMAKE_HAVE_LIBC_PTHREAD\n'}
[1.803004] (-) TimerEvent: {}
[1.865482] (livox_ros_driver2) StdoutLine: {'line': b'-- Performing Test CMAKE_HAVE_LIBC_PTHREAD - Success\n'}
[1.868696] (livox_ros_driver2) StdoutLine: {'line': b'-- Found Threads: TRUE  \n'}
[1.873227] (livox_ros_driver2) StdoutLine: {'line': b'-- Found GLEW: /usr/lib/aarch64-linux-gnu/libGLEW.so  \n'}
[1.890541] (livox_ros_driver2) StdoutLine: {'line': b'-- Found OpenGL: /usr/lib/aarch64-linux-gnu/libOpenGL.so  found components: OpenGL GLX \n'}
[1.903063] (-) TimerEvent: {}
[2.003262] (-) TimerEvent: {}
[2.103495] (-) TimerEvent: {}
[2.198286] (livox_ros_driver2) StdoutLine: {'line': b'-- Found MPI_C: /usr/lib/aarch64-linux-gnu/libmpi.so (found version "3.1") \n'}
[2.199295] (livox_ros_driver2) StdoutLine: {'line': b'-- Found MPI: TRUE (found version "3.1") found components: C \n'}
[2.203611] (-) TimerEvent: {}
[2.206696] (livox_ros_driver2) StdoutLine: {'line': b'-- Found JsonCpp: /usr/lib/aarch64-linux-gnu/libjsoncpp.so (found suitable version "1.9.5", minimum required is "0.7.0") \n'}
[2.231353] (livox_ros_driver2) StdoutLine: {'line': b'-- Found ZLIB: /usr/lib/aarch64-linux-gnu/libz.so (found version "1.2.11") \n'}
[2.280760] (livox_ros_driver2) StdoutLine: {'line': b'-- Found PNG: /usr/lib/aarch64-linux-gnu/libpng.so (found version "1.6.37") \n'}
[2.303729] (-) TimerEvent: {}
[2.310214] (livox_ros_driver2) StdoutLine: {'line': b'-- Found Eigen3: /usr/include/eigen3 (found version "3.4.0") \n'}
[2.403884] (-) TimerEvent: {}
[2.472878] (livox_ros_driver2) StdoutLine: {'line': b'-- Found X11: /usr/include   \n'}
[2.475338] (livox_ros_driver2) StdoutLine: {'line': b'-- Looking for XOpenDisplay in /usr/lib/aarch64-linux-gnu/libX11.so;/usr/lib/aarch64-linux-gnu/libXext.so\n'}
[2.504025] (-) TimerEvent: {}
[2.604288] (-) TimerEvent: {}
[2.622235] (livox_ros_driver2) StdoutLine: {'line': b'-- Looking for XOpenDisplay in /usr/lib/aarch64-linux-gnu/libX11.so;/usr/lib/aarch64-linux-gnu/libXext.so - found\n'}
[2.622917] (livox_ros_driver2) StdoutLine: {'line': b'-- Looking for gethostbyname\n'}
[2.704435] (-) TimerEvent: {}
[2.763555] (livox_ros_driver2) StdoutLine: {'line': b'-- Looking for gethostbyname - found\n'}
[2.764169] (livox_ros_driver2) StdoutLine: {'line': b'-- Looking for connect\n'}
[2.804534] (-) TimerEvent: {}
[2.904864] (-) TimerEvent: {}
[2.905609] (livox_ros_driver2) StdoutLine: {'line': b'-- Looking for connect - found\n'}
[2.906270] (livox_ros_driver2) StdoutLine: {'line': b'-- Looking for remove\n'}
[3.004974] (-) TimerEvent: {}
[3.044465] (livox_ros_driver2) StdoutLine: {'line': b'-- Looking for remove - found\n'}
[3.045045] (livox_ros_driver2) StdoutLine: {'line': b'-- Looking for shmat\n'}
[3.105106] (-) TimerEvent: {}
[3.183685] (livox_ros_driver2) StdoutLine: {'line': b'-- Looking for shmat - found\n'}
[3.184309] (livox_ros_driver2) StdoutLine: {'line': b'-- Looking for IceConnectionNumber in ICE\n'}
[3.205215] (-) TimerEvent: {}
[3.305484] (-) TimerEvent: {}
[3.330805] (livox_ros_driver2) StdoutLine: {'line': b'-- Looking for IceConnectionNumber in ICE - found\n'}
[3.405680] (-) TimerEvent: {}
[3.506078] (-) TimerEvent: {}
[3.528366] (livox_ros_driver2) StdoutLine: {'line': b'-- Found EXPAT: /usr/lib/aarch64-linux-gnu/libexpat.so (found version "2.4.7") \n'}
[3.532008] (livox_ros_driver2) StdoutLine: {'line': b'-- Found double-conversion: /usr/lib/aarch64-linux-gnu/libdouble-conversion.so  \n'}
[3.539260] (livox_ros_driver2) StdoutLine: {'line': b'-- Found LZ4: /usr/lib/aarch64-linux-gnu/liblz4.so (found version "1.9.3") \n'}
[3.544237] (livox_ros_driver2) StdoutLine: {'line': b'-- Found LZMA: /usr/lib/aarch64-linux-gnu/liblzma.so (found version "5.2.5") \n'}
[3.586771] (livox_ros_driver2) StdoutLine: {'line': b'-- Found JPEG: /usr/lib/aarch64-linux-gnu/libjpeg.so (found version "80") \n'}
[3.598061] (livox_ros_driver2) StdoutLine: {'line': b'-- Found TIFF: /usr/lib/aarch64-linux-gnu/libtiff.so (found version "4.3.0")  \n'}
[3.606147] (-) TimerEvent: {}
[3.607502] (livox_ros_driver2) StdoutLine: {'line': b'-- Found Freetype: /usr/lib/aarch64-linux-gnu/libfreetype.so (found version "2.11.1") \n'}
[3.619728] (livox_ros_driver2) StdoutLine: {'line': b'-- Found utf8cpp: /usr/include/utf8cpp  \n'}
[3.706262] (-) TimerEvent: {}
[3.756143] (livox_ros_driver2) StdoutLine: {'line': b"-- Checking for module 'libusb-1.0'\n"}
[3.779505] (livox_ros_driver2) StdoutLine: {'line': b'--   Found libusb-1.0, version 1.0.25\n'}
[3.806367] (-) TimerEvent: {}
[3.848094] (livox_ros_driver2) StdoutLine: {'line': b'-- Found libusb: /usr/lib/aarch64-linux-gnu/libusb-1.0.so  \n'}
[3.851877] (livox_ros_driver2) StdoutLine: {'line': b'-- Found OpenNI: /usr/lib/libOpenNI.so;libusb::libusb (found version "1.5.4.0") \n'}
[3.852194] (livox_ros_driver2) StdoutLine: {'line': b'-- OpenNI found (version: 1.5.4.0, include: /usr/include/ni, lib: /usr/lib/libOpenNI.so;libusb::libusb)\n'}
[3.906639] (-) TimerEvent: {}
[3.952734] (livox_ros_driver2) StdoutLine: {'line': b'-- Found OpenNI2: /usr/lib/aarch64-linux-gnu/libOpenNI2.so;libusb::libusb (found version "2.2.0.33") \n'}
[3.953081] (livox_ros_driver2) StdoutLine: {'line': b'-- OpenNI2 found (version: 2.2.0.33, include: /usr/include/openni2, lib: /usr/lib/aarch64-linux-gnu/libOpenNI2.so;libusb::libusb)\n'}
[3.953538] (livox_ros_driver2) StderrLine: {'line': b'** WARNING ** io features related to pcap will be disabled\n'}
[4.006742] (-) TimerEvent: {}
[4.106938] (-) TimerEvent: {}
[4.207141] (-) TimerEvent: {}
[4.287158] (livox_ros_driver2) StdoutLine: {'line': b'-- Eigen found (include: /usr/include/eigen3, version: 3.4.0)\n'}
[4.298279] (livox_ros_driver2) StdoutLine: {'line': b'-- OpenNI found (version: 1.5.4.0, include: /usr/include/ni, lib: /usr/lib/libOpenNI.so;libusb::libusb)\n'}
[4.307233] (-) TimerEvent: {}
[4.309235] (livox_ros_driver2) StdoutLine: {'line': b'-- OpenNI2 found (version: 2.2.0.33, include: /usr/include/openni2, lib: /usr/lib/aarch64-linux-gnu/libOpenNI2.so;libusb::libusb)\n'}
[4.407343] (-) TimerEvent: {}
[4.507545] (-) TimerEvent: {}
[4.607709] (-) TimerEvent: {}
[4.630536] (livox_ros_driver2) StdoutLine: {'line': b'-- Found Qhull version 8.0.2\n'}
[4.707930] (-) TimerEvent: {}
[4.808280] (-) TimerEvent: {}
[4.908517] (-) TimerEvent: {}
[4.954076] (livox_ros_driver2) StdoutLine: {'line': b'-- OpenNI found (version: 1.5.4.0, include: /usr/include/ni, lib: /usr/lib/libOpenNI.so;libusb::libusb)\n'}
[5.008616] (-) TimerEvent: {}
[5.108802] (-) TimerEvent: {}
[5.209000] (-) TimerEvent: {}
[5.261510] (livox_ros_driver2) StdoutLine: {'line': b'-- looking for PCL_COMMON\n'}
[5.263743] (livox_ros_driver2) StdoutLine: {'line': b'-- Found PCL_COMMON: /usr/lib/aarch64-linux-gnu/libpcl_common.so  \n'}
[5.264199] (livox_ros_driver2) StdoutLine: {'line': b'-- looking for PCL_KDTREE\n'}
[5.265532] (livox_ros_driver2) StdoutLine: {'line': b'-- Found PCL_KDTREE: /usr/lib/aarch64-linux-gnu/libpcl_kdtree.so  \n'}
[5.265941] (livox_ros_driver2) StdoutLine: {'line': b'-- looking for PCL_OCTREE\n'}
[5.267174] (livox_ros_driver2) StdoutLine: {'line': b'-- Found PCL_OCTREE: /usr/lib/aarch64-linux-gnu/libpcl_octree.so  \n'}
[5.267586] (livox_ros_driver2) StdoutLine: {'line': b'-- looking for PCL_SEARCH\n'}
[5.268888] (livox_ros_driver2) StdoutLine: {'line': b'-- Found PCL_SEARCH: /usr/lib/aarch64-linux-gnu/libpcl_search.so  \n'}
[5.269288] (livox_ros_driver2) StdoutLine: {'line': b'-- looking for PCL_SAMPLE_CONSENSUS\n'}
[5.270499] (livox_ros_driver2) StdoutLine: {'line': b'-- Found PCL_SAMPLE_CONSENSUS: /usr/lib/aarch64-linux-gnu/libpcl_sample_consensus.so  \n'}
[5.270873] (livox_ros_driver2) StdoutLine: {'line': b'-- looking for PCL_FILTERS\n'}
[5.272157] (livox_ros_driver2) StdoutLine: {'line': b'-- Found PCL_FILTERS: /usr/lib/aarch64-linux-gnu/libpcl_filters.so  \n'}
[5.272562] (livox_ros_driver2) StdoutLine: {'line': b'-- looking for PCL_2D\n'}
[5.272964] (livox_ros_driver2) StdoutLine: {'line': b'-- Found PCL_2D: /usr/include/pcl-1.12  \n'}
[5.273327] (livox_ros_driver2) StdoutLine: {'line': b'-- looking for PCL_GEOMETRY\n'}
[5.273730] (livox_ros_driver2) StdoutLine: {'line': b'-- Found PCL_GEOMETRY: /usr/include/pcl-1.12  \n'}
[5.274100] (livox_ros_driver2) StdoutLine: {'line': b'-- looking for PCL_IO\n'}
[5.275305] (livox_ros_driver2) StdoutLine: {'line': b'-- Found PCL_IO: /usr/lib/aarch64-linux-gnu/libpcl_io.so  \n'}
[5.275830] (livox_ros_driver2) StdoutLine: {'line': b'-- looking for PCL_FEATURES\n'}
[5.277176] (livox_ros_driver2) StdoutLine: {'line': b'-- Found PCL_FEATURES: /usr/lib/aarch64-linux-gnu/libpcl_features.so  \n'}
[5.277602] (livox_ros_driver2) StdoutLine: {'line': b'-- looking for PCL_ML\n'}
[5.278944] (livox_ros_driver2) StdoutLine: {'line': b'-- Found PCL_ML: /usr/lib/aarch64-linux-gnu/libpcl_ml.so  \n'}
[5.279302] (livox_ros_driver2) StdoutLine: {'line': b'-- looking for PCL_SEGMENTATION\n'}
[5.280632] (livox_ros_driver2) StdoutLine: {'line': b'-- Found PCL_SEGMENTATION: /usr/lib/aarch64-linux-gnu/libpcl_segmentation.so  \n'}
[5.281130] (livox_ros_driver2) StdoutLine: {'line': b'-- looking for PCL_VISUALIZATION\n'}
[5.282491] (livox_ros_driver2) StdoutLine: {'line': b'-- Found PCL_VISUALIZATION: /usr/lib/aarch64-linux-gnu/libpcl_visualization.so  \n'}
[5.282974] (livox_ros_driver2) StdoutLine: {'line': b'-- looking for PCL_SURFACE\n'}
[5.284426] (livox_ros_driver2) StdoutLine: {'line': b'-- Found PCL_SURFACE: /usr/lib/aarch64-linux-gnu/libpcl_surface.so  \n'}
[5.284810] (livox_ros_driver2) StdoutLine: {'line': b'-- looking for PCL_REGISTRATION\n'}
[5.286149] (livox_ros_driver2) StdoutLine: {'line': b'-- Found PCL_REGISTRATION: /usr/lib/aarch64-linux-gnu/libpcl_registration.so  \n'}
[5.286598] (livox_ros_driver2) StdoutLine: {'line': b'-- looking for PCL_KEYPOINTS\n'}
[5.287974] (livox_ros_driver2) StdoutLine: {'line': b'-- Found PCL_KEYPOINTS: /usr/lib/aarch64-linux-gnu/libpcl_keypoints.so  \n'}
[5.288409] (livox_ros_driver2) StdoutLine: {'line': b'-- looking for PCL_TRACKING\n'}
[5.289768] (livox_ros_driver2) StdoutLine: {'line': b'-- Found PCL_TRACKING: /usr/lib/aarch64-linux-gnu/libpcl_tracking.so  \n'}
[5.290150] (livox_ros_driver2) StdoutLine: {'line': b'-- looking for PCL_RECOGNITION\n'}
[5.291516] (livox_ros_driver2) StdoutLine: {'line': b'-- Found PCL_RECOGNITION: /usr/lib/aarch64-linux-gnu/libpcl_recognition.so  \n'}
[5.292106] (livox_ros_driver2) StdoutLine: {'line': b'-- looking for PCL_STEREO\n'}
[5.293497] (livox_ros_driver2) StdoutLine: {'line': b'-- Found PCL_STEREO: /usr/lib/aarch64-linux-gnu/libpcl_stereo.so  \n'}
[5.293843] (livox_ros_driver2) StdoutLine: {'line': b'-- looking for PCL_APPS\n'}
[5.295173] (livox_ros_driver2) StdoutLine: {'line': b'-- Found PCL_APPS: /usr/lib/aarch64-linux-gnu/libpcl_apps.so  \n'}
[5.296327] (livox_ros_driver2) StdoutLine: {'line': b'-- looking for PCL_IN_HAND_SCANNER\n'}
[5.296828] (livox_ros_driver2) StdoutLine: {'line': b'-- Found PCL_IN_HAND_SCANNER: /usr/include/pcl-1.12  \n'}
[5.297200] (livox_ros_driver2) StdoutLine: {'line': b'-- looking for PCL_MODELER\n'}
[5.297565] (livox_ros_driver2) StdoutLine: {'line': b'-- Found PCL_MODELER: /usr/include/pcl-1.12  \n'}
[5.297935] (livox_ros_driver2) StdoutLine: {'line': b'-- looking for PCL_POINT_CLOUD_EDITOR\n'}
[5.298455] (livox_ros_driver2) StdoutLine: {'line': b'-- Found PCL_POINT_CLOUD_EDITOR: /usr/include/pcl-1.12  \n'}
[5.298821] (livox_ros_driver2) StdoutLine: {'line': b'-- looking for PCL_OUTOFCORE\n'}
[5.300256] (livox_ros_driver2) StdoutLine: {'line': b'-- Found PCL_OUTOFCORE: /usr/lib/aarch64-linux-gnu/libpcl_outofcore.so  \n'}
[5.300659] (livox_ros_driver2) StdoutLine: {'line': b'-- looking for PCL_PEOPLE\n'}
[5.302007] (livox_ros_driver2) StdoutLine: {'line': b'-- Found PCL_PEOPLE: /usr/lib/aarch64-linux-gnu/libpcl_people.so  \n'}
[5.303506] (livox_ros_driver2) StdoutLine: {'line': b'-- Found PCL: pcl_common;pcl_kdtree;pcl_octree;pcl_search;pcl_sample_consensus;pcl_filters;pcl_io;pcl_features;pcl_ml;pcl_segmentation;pcl_visualization;pcl_surface;pcl_registration;pcl_keypoints;pcl_tracking;pcl_recognition;pcl_stereo;pcl_apps;pcl_outofcore;pcl_people;Boost::system;Boost::filesystem;Boost::date_time;Boost::iostreams;Boost::serialization;/usr/lib/libOpenNI.so;libusb::libusb;/usr/lib/aarch64-linux-gnu/libOpenNI2.so;libusb::libusb;VTK::ChartsCore;VTK::CommonColor;VTK::CommonComputationalGeometry;VTK::CommonCore;VTK::CommonDataModel;VTK::CommonExecutionModel;VTK::CommonMath;VTK::CommonMisc;VTK::CommonTransforms;VTK::FiltersCore;VTK::FiltersExtraction;VTK::FiltersGeneral;VTK::FiltersGeometry;VTK::FiltersModeling;VTK::FiltersSources;VTK::ImagingCore;VTK::ImagingSources;VTK::InteractionImage;VTK::InteractionStyle;VTK::InteractionWidgets;VTK::IOCore;VTK::IOGeometry;VTK::IOImage;VTK::IOLegacy;VTK::IOPLY;VTK::RenderingAnnotation;VTK::RenderingCore;VTK::RenderingContext2D;VTK::RenderingLOD;VTK::RenderingFreeType;VTK::ViewsCore;VTK::ViewsContext2D;VTK::RenderingOpenGL2;VTK::GUISupportQt;FLANN::FLANN;QHULL::QHULL  \n'}
[5.305690] (livox_ros_driver2) StdoutLine: {'line': b'-- Found std_msgs: 4.9.0 (/opt/ros/humble/share/std_msgs/cmake)\n'}
[5.309081] (-) TimerEvent: {}
[5.354369] (livox_ros_driver2) StdoutLine: {'line': b'-- Found rosidl_generator_c: 3.1.7 (/opt/ros/humble/share/rosidl_generator_c/cmake)\n'}
[5.362130] (livox_ros_driver2) StdoutLine: {'line': b'-- Found rosidl_adapter: 3.1.7 (/opt/ros/humble/share/rosidl_adapter/cmake)\n'}
[5.376920] (livox_ros_driver2) StdoutLine: {'line': b'-- Found rosidl_generator_cpp: 3.1.7 (/opt/ros/humble/share/rosidl_generator_cpp/cmake)\n'}
[5.399229] (livox_ros_driver2) StdoutLine: {'line': b'-- Using all available rosidl_typesupport_c: rosidl_typesupport_fastrtps_c;rosidl_typesupport_introspection_c\n'}
[5.409174] (-) TimerEvent: {}
[5.428875] (livox_ros_driver2) StdoutLine: {'line': b'-- Using all available rosidl_typesupport_cpp: rosidl_typesupport_fastrtps_cpp;rosidl_typesupport_introspection_cpp\n'}
[5.479749] (livox_ros_driver2) StdoutLine: {'line': b'-- Found rosidl_default_generators: 1.2.0 (/opt/ros/humble/share/rosidl_default_generators/cmake)\n'}
[5.503434] (livox_ros_driver2) StdoutLine: {'line': b'-- Found PkgConfig: /usr/bin/pkg-config (found version "0.29.2") \n'}
[5.505336] (livox_ros_driver2) StdoutLine: {'line': b"-- Checking for module 'apr-1'\n"}
[5.509386] (livox_ros_driver2) StdoutLine: {'line': b"--   No package 'apr-1' found\n"}
[5.509622] (-) TimerEvent: {}
[5.609848] (-) TimerEvent: {}
[5.710118] (-) TimerEvent: {}
[5.810341] (-) TimerEvent: {}
[5.835963] (livox_ros_driver2) StderrLine: {'line': b'CMake Error: File /home/nonsaya-n/repo/loiter/ros2_ws/src/livox_ros_driver2/package.xml does not exist.\n'}
[5.836780] (livox_ros_driver2) StderrLine: {'line': b'CMake Error at /opt/ros/humble/share/ament_cmake_core/cmake/core/stamp.cmake:24 (configure_file):\n'}
[5.837067] (livox_ros_driver2) StderrLine: {'line': b'  configure_file Problem configuring file\n'}
[5.837306] (livox_ros_driver2) StderrLine: {'line': b'Call Stack (most recent call first):\n'}
[5.837527] (livox_ros_driver2) StderrLine: {'line': b'  /opt/ros/humble/share/ament_cmake_core/cmake/core/ament_package_xml.cmake:73 (stamp)\n'}
[5.837743] (livox_ros_driver2) StderrLine: {'line': b'  /opt/ros/humble/share/ament_cmake_core/cmake/core/ament_package_xml.cmake:49 (_ament_package_xml)\n'}
[5.837953] (livox_ros_driver2) StderrLine: {'line': b'  /opt/ros/humble/share/rosidl_cmake/cmake/rosidl_generate_interfaces.cmake:226 (ament_package_xml)\n'}
[5.838150] (livox_ros_driver2) StderrLine: {'line': b'  CMakeLists.txt:241 (rosidl_generate_interfaces)\n'}
[5.838344] (livox_ros_driver2) StderrLine: {'line': b'\n'}
[5.838538] (livox_ros_driver2) StderrLine: {'line': b'\n'}
[5.838729] (livox_ros_driver2) StderrLine: {'line': b'CMake Error at /opt/ros/humble/share/rosidl_cmake/cmake/rosidl_generate_interfaces.cmake:229 (message):\n'}
[5.838927] (livox_ros_driver2) StderrLine: {'line': b'  Packages installing interfaces must include\n'}
[5.839120] (livox_ros_driver2) StderrLine: {'line': b"  '<member_of_group>rosidl_interface_packages</member_of_group>' in their\n"}
[5.839317] (livox_ros_driver2) StderrLine: {'line': b'  package.xml\n'}
[5.839509] (livox_ros_driver2) StderrLine: {'line': b'Call Stack (most recent call first):\n'}
[5.839742] (livox_ros_driver2) StderrLine: {'line': b'  CMakeLists.txt:241 (rosidl_generate_interfaces)\n'}
[5.839941] (livox_ros_driver2) StderrLine: {'line': b'\n'}
[5.840137] (livox_ros_driver2) StderrLine: {'line': b'\n'}
[5.840328] (livox_ros_driver2) StdoutLine: {'line': b'-- Configuring incomplete, errors occurred!\n'}
[5.840572] (livox_ros_driver2) StdoutLine: {'line': b'See also "/home/nonsaya-n/repo/loiter/ros2_ws/build/livox_ros_driver2/CMakeFiles/CMakeOutput.log".\n'}
[5.884351] (livox_ros_driver2) CommandEnded: {'returncode': 1}
[5.887133] (livox_ros_driver2) JobEnded: {'identifier': 'livox_ros_driver2', 'rc': 1}
[5.898219] (livox_mid360_bringup) JobSkipped: {'identifier': 'livox_mid360_bringup'}
[5.898384] (-) EventReactorShutdown: {}
