[0.022s] Invoking command in '/home/nonsaya-n/repo/loiter/ros2_ws/build/livox_ros_driver2': CMAKE_PREFIX_PATH=/opt/ros/humble /usr/bin/cmake /home/nonsaya-n/repo/loiter/ros2_ws/src/livox_ros_driver2 -DAMENT_CMAKE_SYMLINK_INSTALL=1 -DCMAKE_INSTALL_PREFIX=/home/nonsaya-n/repo/loiter/ros2_ws/install/livox_ros_driver2
[0.052s] -- livox_ros_driver2 version: 1.2.4
[0.052s] -- Found ament_cmake_auto: 1.3.12 (/opt/ros/humble/share/ament_cmake_auto/cmake)
[0.311s] -- Override CMake install command with custom implementation using symlinks instead of copying resources
[0.481s] -- Using all available rosidl_typesupport_c: rosidl_typesupport_fastrtps_c;rosidl_typesupport_introspection_c
[0.491s] -- Found rosidl_adapter: 3.1.7 (/opt/ros/humble/share/rosidl_adapter/cmake)
[0.568s] -- Using all available rosidl_typesupport_cpp: rosidl_typesupport_fastrtps_cpp;rosidl_typesupport_introspection_cpp
[0.709s] -- Found rmw_implementation_cmake: 6.1.2 (/opt/ros/humble/share/rmw_implementation_cmake/cmake)
[0.713s] -- Found rmw_fastrtps_cpp: 6.2.8 (/opt/ros/humble/share/rmw_fastrtps_cpp/cmake)
[0.872s] -- Found OpenSSL: /usr/lib/aarch64-linux-gnu/libcrypto.so (found version "3.0.2")  
[0.939s] -- Found FastRTPS: /opt/ros/humble/include  
[1.018s] -- Using RMW implementation 'rmw_fastrtps_cpp' as default
[1.347s] -- Eigen found (include: /usr/include/eigen3, version: 3.4.0)
[1.412s] -- FLANN found (include: /usr/include, lib: /usr/lib/aarch64-linux-gnu/libflann_cpp.so)
[2.071s] -- OpenNI found (version: 1.5.4.0, include: /usr/include/ni, lib: /usr/lib/libOpenNI.so;libusb::libusb)
[2.082s] -- OpenNI2 found (version: 2.2.0.33, include: /usr/include/openni2, lib: /usr/lib/aarch64-linux-gnu/libOpenNI2.so;libusb::libusb)
[2.415s] -- Eigen found (include: /usr/include/eigen3, version: 3.4.0)
[2.426s] -- OpenNI found (version: 1.5.4.0, include: /usr/include/ni, lib: /usr/lib/libOpenNI.so;libusb::libusb)
[2.437s] -- OpenNI2 found (version: 2.2.0.33, include: /usr/include/openni2, lib: /usr/lib/aarch64-linux-gnu/libOpenNI2.so;libusb::libusb)
[2.746s] -- Found Qhull version 8.0.2
[3.073s] -- OpenNI found (version: 1.5.4.0, include: /usr/include/ni, lib: /usr/lib/libOpenNI.so;libusb::libusb)
[3.484s] -- Checking for module 'apr-1'
[3.489s] --   No package 'apr-1' found
[3.982s] -- Found ament_cmake_ros: 0.10.0 (/opt/ros/humble/share/ament_cmake_ros/cmake)
[4.499s] -- Using all available rosidl_typesupport_c: rosidl_typesupport_fastrtps_c;rosidl_typesupport_introspection_c
[5.187s] -- Using all available rosidl_typesupport_cpp: rosidl_typesupport_fastrtps_cpp;rosidl_typesupport_introspection_cpp
[5.242s] -- Found PythonInterp: /usr/bin/python3 (found suitable version "3.10.12", minimum required is "3.6") 
[5.246s] -- Found python_cmake_module: 0.10.0 (/opt/ros/humble/share/python_cmake_module/cmake)
[5.315s] -- Found PythonLibs: /usr/lib/aarch64-linux-gnu/libpython3.10.so (found suitable version "3.10.12", minimum required is "3.5") 
[5.315s] -- Using PYTHON_EXECUTABLE: /usr/bin/python3
[5.315s] -- Using PYTHON_INCLUDE_DIRS: /usr/include/python3.10
[5.316s] -- Using PYTHON_LIBRARIES: /usr/lib/aarch64-linux-gnu/libpython3.10.so
[5.364s] -- Found PythonExtra: .so  
[5.543s] -- Found ament_lint_auto: 0.12.14 (/opt/ros/humble/share/ament_lint_auto/cmake)
[5.587s] -- Added test 'copyright' to check source files copyright and LICENSE
[5.602s] -- Added test 'cppcheck' to perform static code analysis on C / C++ code
[5.604s] -- Configured cppcheck include dirs: /home/nonsaya-n/repo/loiter/ros2_ws/src/livox_ros_driver2/3rdparty;/home/nonsaya-n/repo/loiter/ros2_ws/src/livox_ros_driver2/src
[5.604s] -- Configured cppcheck exclude dirs and/or files: 
[5.618s] -- Added test 'cpplint' to check C / C++ code against the Google style
[5.618s] -- Configured cpplint exclude dirs and/or files: 
[5.620s] -- Added test 'flake8' to check Python code syntax and style conventions
[5.624s] -- Added test 'lint_cmake' to check CMake code style
[5.627s] -- Added test 'pep257' to check Python code against some of the docstring style conventions in PEP 257
[5.641s] -- Added test 'uncrustify' to check C / C++ code style
[5.641s] -- Configured uncrustify additional arguments: 
[5.644s] -- Added test 'xmllint' to check XML markup files
[5.652s] -- Configuring done
[5.669s] [0mCMake Error: The following variables are used in this project, but they are set to NOTFOUND.
[5.669s] Please set them or make sure they are set and tested correctly in the CMake files:
[5.669s] /home/nonsaya-n/repo/loiter/ros2_ws/src/livox_ros_driver2/LIVOX_INTERFACES_INCLUDE_DIRECTORIES
[5.670s]    used as include directory in directory /home/nonsaya-n/repo/loiter/ros2_ws/src/livox_ros_driver2
[5.670s] [0m
[5.823s] -- Generating done
[5.831s] [0mCMake Generate step failed.  Build files cannot be regenerated correctly.[0m
[5.885s] Invoked command in '/home/nonsaya-n/repo/loiter/ros2_ws/build/livox_ros_driver2' returned '1': CMAKE_PREFIX_PATH=/opt/ros/humble /usr/bin/cmake /home/nonsaya-n/repo/loiter/ros2_ws/src/livox_ros_driver2 -DAMENT_CMAKE_SYMLINK_INSTALL=1 -DCMAKE_INSTALL_PREFIX=/home/nonsaya-n/repo/loiter/ros2_ws/install/livox_ros_driver2
