-- Found ament_cmake: 1.3.12 (/opt/ros/humble/share/ament_cmake/cmake)
-- Override CMake install command with custom implementation using symlinks instead of copying resources
-- Configuring done
-- Generating done
-- Build files have been written to: /home/nonsaya-n/repo/loiter/ros2_ws/build/livox_mid360_bringup
-- Install configuration: ""
-- Execute custom install script
-- Up-to-date symlink: /home/nonsaya-n/repo/loiter/ros2_ws/install/livox_mid360_bringup/share/livox_mid360_bringup/launch/livox_mid360.launch.py
-- Up-to-date symlink: /home/nonsaya-n/repo/loiter/ros2_ws/install/livox_mid360_bringup/share/livox_mid360_bringup/config/livox_mid360.yaml
-- Symlinking: /home/nonsaya-n/repo/loiter/ros2_ws/install/livox_mid360_bringup/share/livox_mid360_bringup/config/mid360_net.json
-- Up-to-date symlink: /home/nonsaya-n/repo/loiter/ros2_ws/install/livox_mid360_bringup/share/ament_index/resource_index/package_run_dependencies/livox_mid360_bringup
-- Up-to-date symlink: /home/nonsaya-n/repo/loiter/ros2_ws/install/livox_mid360_bringup/share/ament_index/resource_index/parent_prefix_path/livox_mid360_bringup
-- Up-to-date symlink: /home/nonsaya-n/repo/loiter/ros2_ws/install/livox_mid360_bringup/share/livox_mid360_bringup/environment/ament_prefix_path.sh
-- Up-to-date symlink: /home/nonsaya-n/repo/loiter/ros2_ws/install/livox_mid360_bringup/share/livox_mid360_bringup/environment/ament_prefix_path.dsv
-- Up-to-date symlink: /home/nonsaya-n/repo/loiter/ros2_ws/install/livox_mid360_bringup/share/livox_mid360_bringup/environment/path.sh
-- Up-to-date symlink: /home/nonsaya-n/repo/loiter/ros2_ws/install/livox_mid360_bringup/share/livox_mid360_bringup/environment/path.dsv
-- Up-to-date symlink: /home/nonsaya-n/repo/loiter/ros2_ws/install/livox_mid360_bringup/share/livox_mid360_bringup/local_setup.bash
-- Up-to-date symlink: /home/nonsaya-n/repo/loiter/ros2_ws/install/livox_mid360_bringup/share/livox_mid360_bringup/local_setup.sh
-- Up-to-date symlink: /home/nonsaya-n/repo/loiter/ros2_ws/install/livox_mid360_bringup/share/livox_mid360_bringup/local_setup.zsh
-- Up-to-date symlink: /home/nonsaya-n/repo/loiter/ros2_ws/install/livox_mid360_bringup/share/livox_mid360_bringup/local_setup.dsv
-- Symlinking: /home/nonsaya-n/repo/loiter/ros2_ws/install/livox_mid360_bringup/share/livox_mid360_bringup/package.dsv
-- Up-to-date symlink: /home/nonsaya-n/repo/loiter/ros2_ws/install/livox_mid360_bringup/share/ament_index/resource_index/packages/livox_mid360_bringup
-- Up-to-date symlink: /home/nonsaya-n/repo/loiter/ros2_ws/install/livox_mid360_bringup/share/livox_mid360_bringup/cmake/livox_mid360_bringupConfig.cmake
-- Up-to-date symlink: /home/nonsaya-n/repo/loiter/ros2_ws/install/livox_mid360_bringup/share/livox_mid360_bringup/cmake/livox_mid360_bringupConfig-version.cmake
-- Up-to-date symlink: /home/nonsaya-n/repo/loiter/ros2_ws/install/livox_mid360_bringup/share/livox_mid360_bringup/package.xml
