[0.073s] Invoking command in '/home/nonsaya-n/repo/loiter/ros2_ws/build/livox_mid360_bringup': CMAKE_PREFIX_PATH=/home/nonsaya-n/repo/loiter/ros2_ws/install/livox_ros_driver2:/home/nonsaya-n/repo/loiter/ros2_ws/install/livox_mid360_bringup:/opt/ros/humble /usr/bin/cmake /home/nonsaya-n/repo/loiter/ros2_ws/src/livox_mid360_bringup -DAMENT_CMAKE_SYMLINK_INSTALL=1 -DCMAKE_INSTALL_PREFIX=/home/nonsaya-n/repo/loiter/ros2_ws/install/livox_mid360_bringup
[0.109s] -- Found ament_cmake: 1.3.12 (/opt/ros/humble/share/ament_cmake/cmake)
[0.394s] -- Override CMake install command with custom implementation using symlinks instead of copying resources
[0.573s] -- Configuring done
[0.579s] -- Generating done
[0.584s] -- Build files have been written to: /home/nonsaya-n/repo/loiter/ros2_ws/build/livox_mid360_bringup
[0.591s] Invoked command in '/home/nonsaya-n/repo/loiter/ros2_ws/build/livox_mid360_bringup' returned '0': CMAKE_PREFIX_PATH=/home/nonsaya-n/repo/loiter/ros2_ws/install/livox_ros_driver2:/home/nonsaya-n/repo/loiter/ros2_ws/install/livox_mid360_bringup:/opt/ros/humble /usr/bin/cmake /home/nonsaya-n/repo/loiter/ros2_ws/src/livox_mid360_bringup -DAMENT_CMAKE_SYMLINK_INSTALL=1 -DCMAKE_INSTALL_PREFIX=/home/nonsaya-n/repo/loiter/ros2_ws/install/livox_mid360_bringup
[0.592s] Invoking command in '/home/nonsaya-n/repo/loiter/ros2_ws/build/livox_mid360_bringup': CMAKE_PREFIX_PATH=/home/nonsaya-n/repo/loiter/ros2_ws/install/livox_ros_driver2:/home/nonsaya-n/repo/loiter/ros2_ws/install/livox_mid360_bringup:/opt/ros/humble /usr/bin/cmake --build /home/nonsaya-n/repo/loiter/ros2_ws/build/livox_mid360_bringup -- -j6 -l6
[0.816s] Invoked command in '/home/nonsaya-n/repo/loiter/ros2_ws/build/livox_mid360_bringup' returned '0': CMAKE_PREFIX_PATH=/home/nonsaya-n/repo/loiter/ros2_ws/install/livox_ros_driver2:/home/nonsaya-n/repo/loiter/ros2_ws/install/livox_mid360_bringup:/opt/ros/humble /usr/bin/cmake --build /home/nonsaya-n/repo/loiter/ros2_ws/build/livox_mid360_bringup -- -j6 -l6
[0.817s] Invoking command in '/home/nonsaya-n/repo/loiter/ros2_ws/build/livox_mid360_bringup': CMAKE_PREFIX_PATH=/home/nonsaya-n/repo/loiter/ros2_ws/install/livox_ros_driver2:/home/nonsaya-n/repo/loiter/ros2_ws/install/livox_mid360_bringup:/opt/ros/humble /usr/bin/cmake --install /home/nonsaya-n/repo/loiter/ros2_ws/build/livox_mid360_bringup
[0.847s] -- Install configuration: ""
[0.848s] -- Execute custom install script
[0.863s] -- Up-to-date symlink: /home/nonsaya-n/repo/loiter/ros2_ws/install/livox_mid360_bringup/share/livox_mid360_bringup/launch/livox_mid360.launch.py
[0.865s] -- Up-to-date symlink: /home/nonsaya-n/repo/loiter/ros2_ws/install/livox_mid360_bringup/share/livox_mid360_bringup/config/livox_mid360.yaml
[0.865s] -- Symlinking: /home/nonsaya-n/repo/loiter/ros2_ws/install/livox_mid360_bringup/share/livox_mid360_bringup/config/mid360_net.json
[0.906s] -- Up-to-date symlink: /home/nonsaya-n/repo/loiter/ros2_ws/install/livox_mid360_bringup/share/ament_index/resource_index/package_run_dependencies/livox_mid360_bringup
[0.908s] -- Up-to-date symlink: /home/nonsaya-n/repo/loiter/ros2_ws/install/livox_mid360_bringup/share/ament_index/resource_index/parent_prefix_path/livox_mid360_bringup
[0.908s] -- Up-to-date symlink: /home/nonsaya-n/repo/loiter/ros2_ws/install/livox_mid360_bringup/share/livox_mid360_bringup/environment/ament_prefix_path.sh
[0.908s] -- Up-to-date symlink: /home/nonsaya-n/repo/loiter/ros2_ws/install/livox_mid360_bringup/share/livox_mid360_bringup/environment/ament_prefix_path.dsv
[0.910s] -- Up-to-date symlink: /home/nonsaya-n/repo/loiter/ros2_ws/install/livox_mid360_bringup/share/livox_mid360_bringup/environment/path.sh
[0.910s] -- Up-to-date symlink: /home/nonsaya-n/repo/loiter/ros2_ws/install/livox_mid360_bringup/share/livox_mid360_bringup/environment/path.dsv
[0.910s] -- Up-to-date symlink: /home/nonsaya-n/repo/loiter/ros2_ws/install/livox_mid360_bringup/share/livox_mid360_bringup/local_setup.bash
[0.911s] -- Up-to-date symlink: /home/nonsaya-n/repo/loiter/ros2_ws/install/livox_mid360_bringup/share/livox_mid360_bringup/local_setup.sh
[0.911s] -- Up-to-date symlink: /home/nonsaya-n/repo/loiter/ros2_ws/install/livox_mid360_bringup/share/livox_mid360_bringup/local_setup.zsh
[0.911s] -- Up-to-date symlink: /home/nonsaya-n/repo/loiter/ros2_ws/install/livox_mid360_bringup/share/livox_mid360_bringup/local_setup.dsv
[0.911s] -- Symlinking: /home/nonsaya-n/repo/loiter/ros2_ws/install/livox_mid360_bringup/share/livox_mid360_bringup/package.dsv
[0.930s] -- Up-to-date symlink: /home/nonsaya-n/repo/loiter/ros2_ws/install/livox_mid360_bringup/share/ament_index/resource_index/packages/livox_mid360_bringup
[0.931s] -- Up-to-date symlink: /home/nonsaya-n/repo/loiter/ros2_ws/install/livox_mid360_bringup/share/livox_mid360_bringup/cmake/livox_mid360_bringupConfig.cmake
[0.932s] -- Up-to-date symlink: /home/nonsaya-n/repo/loiter/ros2_ws/install/livox_mid360_bringup/share/livox_mid360_bringup/cmake/livox_mid360_bringupConfig-version.cmake
[0.933s] -- Up-to-date symlink: /home/nonsaya-n/repo/loiter/ros2_ws/install/livox_mid360_bringup/share/livox_mid360_bringup/package.xml
[0.939s] Invoked command in '/home/nonsaya-n/repo/loiter/ros2_ws/build/livox_mid360_bringup' returned '0': CMAKE_PREFIX_PATH=/home/nonsaya-n/repo/loiter/ros2_ws/install/livox_ros_driver2:/home/nonsaya-n/repo/loiter/ros2_ws/install/livox_mid360_bringup:/opt/ros/humble /usr/bin/cmake --install /home/nonsaya-n/repo/loiter/ros2_ws/build/livox_mid360_bringup
