[0.027s] Invoking command in '/home/nonsaya-n/repo/loiter/ros2_ws/build/livox_ros_driver2': CMAKE_PREFIX_PATH=${CMAKE_PREFIX_PATH}:/opt/ros/humble /usr/bin/cmake /home/nonsaya-n/repo/loiter/ros2_ws/src/livox_ros_driver2 -DAMENT_CMAKE_SYMLINK_INSTALL=1 -DCMAKE_INSTALL_PREFIX=/home/nonsaya-n/repo/loiter/ros2_ws/install/livox_ros_driver2
[0.058s] -- livox_ros_driver2 version: 1.2.4
[0.059s] -- Found ament_cmake_auto: 1.3.12 (/opt/ros/humble/share/ament_cmake_auto/cmake)
[0.379s] -- Override CMake install command with custom implementation using symlinks instead of copying resources
[0.568s] -- Using all available rosidl_typesupport_c: rosidl_typesupport_fastrtps_c;rosidl_typesupport_introspection_c
[0.576s] -- Found rosidl_adapter: 3.1.7 (/opt/ros/humble/share/rosidl_adapter/cmake)
[0.651s] -- Using all available rosidl_typesupport_cpp: rosidl_typesupport_fastrtps_cpp;rosidl_typesupport_introspection_cpp
[0.821s] -- Found rmw_implementation_cmake: 6.1.2 (/opt/ros/humble/share/rmw_implementation_cmake/cmake)
[0.825s] -- Found rmw_fastrtps_cpp: 6.2.8 (/opt/ros/humble/share/rmw_fastrtps_cpp/cmake)
[1.053s] -- Using RMW implementation 'rmw_fastrtps_cpp' as default
[1.391s] -- Eigen found (include: /usr/include/eigen3, version: 3.4.0)
[1.461s] -- FLANN found (include: /usr/include, lib: /usr/lib/aarch64-linux-gnu/libflann_cpp.so)
[2.177s] -- OpenNI found (version: 1.5.4.0, include: /usr/include/ni, lib: /usr/lib/libOpenNI.so;libusb::libusb)
[2.190s] -- OpenNI2 found (version: 2.2.0.33, include: /usr/include/openni2, lib: /usr/lib/aarch64-linux-gnu/libOpenNI2.so;libusb::libusb)
[2.670s] -- Eigen found (include: /usr/include/eigen3, version: 3.4.0)
[2.705s] -- OpenNI found (version: 1.5.4.0, include: /usr/include/ni, lib: /usr/lib/libOpenNI.so;libusb::libusb)
[2.737s] -- OpenNI2 found (version: 2.2.0.33, include: /usr/include/openni2, lib: /usr/lib/aarch64-linux-gnu/libOpenNI2.so;libusb::libusb)
[3.304s] -- Found Qhull version 8.0.2
[3.703s] -- OpenNI found (version: 1.5.4.0, include: /usr/include/ni, lib: /usr/lib/libOpenNI.so;libusb::libusb)
[4.346s] -- Checking for module 'apr-1'
[4.360s] --   No package 'apr-1' found
[5.342s] -- Found ament_cmake_ros: 0.10.0 (/opt/ros/humble/share/ament_cmake_ros/cmake)
[6.444s] -- Using all available rosidl_typesupport_c: rosidl_typesupport_fastrtps_c;rosidl_typesupport_introspection_c
[7.833s] -- Using all available rosidl_typesupport_cpp: rosidl_typesupport_fastrtps_cpp;rosidl_typesupport_introspection_cpp
[7.945s] -- Found python_cmake_module: 0.10.0 (/opt/ros/humble/share/python_cmake_module/cmake)
[8.047s] -- Using PYTHON_EXECUTABLE: /usr/bin/python3
[8.048s] -- Using PYTHON_INCLUDE_DIRS: /usr/include/python3.10
[8.049s] -- Using PYTHON_LIBRARIES: /usr/lib/aarch64-linux-gnu/libpython3.10.so
[8.259s] -- Found ament_lint_auto: 0.12.14 (/opt/ros/humble/share/ament_lint_auto/cmake)
[8.355s] -- Added test 'copyright' to check source files copyright and LICENSE
[8.383s] -- Added test 'cppcheck' to perform static code analysis on C / C++ code
[8.388s] -- Configured cppcheck include dirs: /home/nonsaya-n/repo/loiter/ros2_ws/src/livox_ros_driver2/3rdparty;/home/nonsaya-n/repo/loiter/ros2_ws/src/livox_ros_driver2/src
[8.390s] -- Configured cppcheck exclude dirs and/or files: 
[8.415s] -- Added test 'cpplint' to check C / C++ code against the Google style
[8.416s] -- Configured cpplint exclude dirs and/or files: 
[8.423s] -- Added test 'flake8' to check Python code syntax and style conventions
[8.433s] -- Added test 'lint_cmake' to check CMake code style
[8.440s] -- Added test 'pep257' to check Python code against some of the docstring style conventions in PEP 257
[8.465s] -- Added test 'uncrustify' to check C / C++ code style
[8.467s] -- Configured uncrustify additional arguments: 
[8.473s] -- Added test 'xmllint' to check XML markup files
[8.495s] -- Configuring done
[9.158s] -- Generating done
[9.293s] -- Build files have been written to: /home/nonsaya-n/repo/loiter/ros2_ws/build/livox_ros_driver2
[9.386s] Invoked command in '/home/nonsaya-n/repo/loiter/ros2_ws/build/livox_ros_driver2' returned '0': CMAKE_PREFIX_PATH=${CMAKE_PREFIX_PATH}:/opt/ros/humble /usr/bin/cmake /home/nonsaya-n/repo/loiter/ros2_ws/src/livox_ros_driver2 -DAMENT_CMAKE_SYMLINK_INSTALL=1 -DCMAKE_INSTALL_PREFIX=/home/nonsaya-n/repo/loiter/ros2_ws/install/livox_ros_driver2
[9.387s] Invoking command in '/home/nonsaya-n/repo/loiter/ros2_ws/build/livox_ros_driver2': CMAKE_PREFIX_PATH=${CMAKE_PREFIX_PATH}:/opt/ros/humble /usr/bin/cmake --build /home/nonsaya-n/repo/loiter/ros2_ws/build/livox_ros_driver2 -- -j6 -l6
[9.623s] [35m[1mConsolidate compiler generated dependencies of target livox_interfaces2__rosidl_generator_c[0m
[9.666s] [35m[1mConsolidate compiler generated dependencies of target livox_ros_driver2_node[0m
[9.719s] [  1%] Built target livox_interfaces2__cpp
[9.753s] [  8%] Built target livox_interfaces2__rosidl_generator_c
[9.787s] [35m[1mConsolidate compiler generated dependencies of target livox_interfaces2__rosidl_typesupport_cpp[0m
[9.798s] [ 12%] Built target livox_ros_driver2_node
[9.799s] [ 12%] Built target ament_cmake_python_symlink_livox_ros_driver2
[9.824s] [35m[1mConsolidate compiler generated dependencies of target livox_interfaces2__rosidl_typesupport_fastrtps_cpp[0m
[9.841s] [35m[1mConsolidate compiler generated dependencies of target livox_interfaces2__rosidl_typesupport_introspection_cpp[0m
[9.887s] [35m[1mConsolidate compiler generated dependencies of target livox_interfaces2__rosidl_typesupport_introspection_c[0m
[9.908s] [35m[1mConsolidate compiler generated dependencies of target livox_interfaces2__rosidl_typesupport_fastrtps_c[0m
[9.917s] [ 19%] Built target livox_interfaces2__rosidl_typesupport_cpp
[9.944s] [ 26%] Built target livox_interfaces2__rosidl_typesupport_fastrtps_cpp
[9.961s] [35m[1mConsolidate compiler generated dependencies of target livox_interfaces2__rosidl_typesupport_c[0m
[9.977s] [ 33%] Built target livox_interfaces2__rosidl_typesupport_introspection_cpp
[10.000s] [ 40%] Built target livox_interfaces2__rosidl_typesupport_introspection_c
[10.054s] [35m[1mConsolidate compiler generated dependencies of target livox_ros_driver2[0m
[10.061s] [ 47%] Built target livox_interfaces2__rosidl_typesupport_fastrtps_c
[10.090s] [ 54%] Built target livox_interfaces2__rosidl_typesupport_c
[10.264s] [ 54%] Built target livox_interfaces2
[10.303s] [ 82%] Built target livox_ros_driver2
[10.409s] [ 84%] Built target livox_interfaces2__py
[10.478s] [35m[1mConsolidate compiler generated dependencies of target livox_interfaces2__rosidl_generator_py[0m
[10.567s] [ 89%] Built target livox_interfaces2__rosidl_generator_py
[10.640s] [35m[1mConsolidate compiler generated dependencies of target livox_ros_driver2__rosidl_typesupport_introspection_c__pyext[0m
[10.650s] [35m[1mConsolidate compiler generated dependencies of target livox_ros_driver2__rosidl_typesupport_c__pyext[0m
[10.666s] [35m[1mConsolidate compiler generated dependencies of target livox_ros_driver2__rosidl_typesupport_fastrtps_c__pyext[0m
[10.741s] [ 92%] Built target livox_ros_driver2__rosidl_typesupport_introspection_c__pyext
[10.767s] [ 96%] Built target livox_ros_driver2__rosidl_typesupport_c__pyext
[10.775s] [100%] Built target livox_ros_driver2__rosidl_typesupport_fastrtps_c__pyext
[11.052s] running egg_info
[11.054s] writing livox_ros_driver2.egg-info/PKG-INFO
[11.056s] writing dependency_links to livox_ros_driver2.egg-info/dependency_links.txt
[11.056s] writing top-level names to livox_ros_driver2.egg-info/top_level.txt
[11.075s] reading manifest file 'livox_ros_driver2.egg-info/SOURCES.txt'
[11.076s] writing manifest file 'livox_ros_driver2.egg-info/SOURCES.txt'
[11.210s] [100%] Built target ament_cmake_python_build_livox_ros_driver2_egg
[11.281s] Invoked command in '/home/nonsaya-n/repo/loiter/ros2_ws/build/livox_ros_driver2' returned '0': CMAKE_PREFIX_PATH=${CMAKE_PREFIX_PATH}:/opt/ros/humble /usr/bin/cmake --build /home/nonsaya-n/repo/loiter/ros2_ws/build/livox_ros_driver2 -- -j6 -l6
[11.282s] Invoking command in '/home/nonsaya-n/repo/loiter/ros2_ws/build/livox_ros_driver2': CMAKE_PREFIX_PATH=${CMAKE_PREFIX_PATH}:/opt/ros/humble /usr/bin/cmake --install /home/nonsaya-n/repo/loiter/ros2_ws/build/livox_ros_driver2
[11.306s] -- Install configuration: ""
[11.307s] -- Execute custom install script
[11.317s] -- Up-to-date symlink: /home/nonsaya-n/repo/loiter/ros2_ws/install/livox_ros_driver2/share/ament_index/resource_index/rosidl_interfaces/livox_ros_driver2
[11.318s] -- Up-to-date symlink: /home/nonsaya-n/repo/loiter/ros2_ws/install/livox_ros_driver2/include/livox_ros_driver2/livox_ros_driver2/msg/custom_msg.h
[11.318s] -- Up-to-date symlink: /home/nonsaya-n/repo/loiter/ros2_ws/install/livox_ros_driver2/include/livox_ros_driver2/livox_ros_driver2/msg/custom_point.h
[11.319s] -- Up-to-date symlink: /home/nonsaya-n/repo/loiter/ros2_ws/install/livox_ros_driver2/include/livox_ros_driver2/livox_ros_driver2/msg/detail/custom_msg__functions.h
[11.319s] -- Up-to-date symlink: /home/nonsaya-n/repo/loiter/ros2_ws/install/livox_ros_driver2/include/livox_ros_driver2/livox_ros_driver2/msg/detail/custom_msg__struct.h
[11.320s] -- Up-to-date symlink: /home/nonsaya-n/repo/loiter/ros2_ws/install/livox_ros_driver2/include/livox_ros_driver2/livox_ros_driver2/msg/detail/custom_msg__type_support.h
[11.320s] -- Up-to-date symlink: /home/nonsaya-n/repo/loiter/ros2_ws/install/livox_ros_driver2/include/livox_ros_driver2/livox_ros_driver2/msg/detail/custom_point__functions.h
[11.321s] -- Up-to-date symlink: /home/nonsaya-n/repo/loiter/ros2_ws/install/livox_ros_driver2/include/livox_ros_driver2/livox_ros_driver2/msg/detail/custom_point__struct.h
[11.321s] -- Up-to-date symlink: /home/nonsaya-n/repo/loiter/ros2_ws/install/livox_ros_driver2/include/livox_ros_driver2/livox_ros_driver2/msg/detail/custom_point__type_support.h
[11.321s] -- Up-to-date symlink: /home/nonsaya-n/repo/loiter/ros2_ws/install/livox_ros_driver2/include/livox_ros_driver2/livox_ros_driver2/msg/rosidl_generator_c__visibility_control.h
[11.333s] -- Up-to-date symlink: /home/nonsaya-n/repo/loiter/ros2_ws/install/livox_ros_driver2/share/livox_ros_driver2/environment/library_path.sh
[11.333s] -- Up-to-date symlink: /home/nonsaya-n/repo/loiter/ros2_ws/install/livox_ros_driver2/share/livox_ros_driver2/environment/library_path.dsv
[11.334s] -- Up-to-date symlink: /home/nonsaya-n/repo/loiter/ros2_ws/install/livox_ros_driver2/include/livox_ros_driver2/livox_ros_driver2/msg/detail/custom_msg__rosidl_typesupport_fastrtps_c.h
[11.335s] -- Up-to-date symlink: /home/nonsaya-n/repo/loiter/ros2_ws/install/livox_ros_driver2/include/livox_ros_driver2/livox_ros_driver2/msg/detail/custom_point__rosidl_typesupport_fastrtps_c.h
[11.335s] -- Up-to-date symlink: /home/nonsaya-n/repo/loiter/ros2_ws/install/livox_ros_driver2/include/livox_ros_driver2/livox_ros_driver2/msg/rosidl_typesupport_fastrtps_c__visibility_control.h
[11.336s] -- Up-to-date symlink: /home/nonsaya-n/repo/loiter/ros2_ws/install/livox_ros_driver2/include/livox_ros_driver2/livox_ros_driver2/msg/detail/custom_msg__rosidl_typesupport_introspection_c.h
[11.337s] -- Up-to-date symlink: /home/nonsaya-n/repo/loiter/ros2_ws/install/livox_ros_driver2/include/livox_ros_driver2/livox_ros_driver2/msg/detail/custom_point__rosidl_typesupport_introspection_c.h
[11.337s] -- Up-to-date symlink: /home/nonsaya-n/repo/loiter/ros2_ws/install/livox_ros_driver2/include/livox_ros_driver2/livox_ros_driver2/msg/rosidl_typesupport_introspection_c__visibility_control.h
[11.338s] -- Up-to-date symlink: /home/nonsaya-n/repo/loiter/ros2_ws/install/livox_ros_driver2/include/livox_ros_driver2/livox_ros_driver2/msg/custom_msg.hpp
[11.338s] -- Up-to-date symlink: /home/nonsaya-n/repo/loiter/ros2_ws/install/livox_ros_driver2/include/livox_ros_driver2/livox_ros_driver2/msg/custom_point.hpp
[11.339s] -- Up-to-date symlink: /home/nonsaya-n/repo/loiter/ros2_ws/install/livox_ros_driver2/include/livox_ros_driver2/livox_ros_driver2/msg/detail/custom_msg__builder.hpp
[11.339s] -- Up-to-date symlink: /home/nonsaya-n/repo/loiter/ros2_ws/install/livox_ros_driver2/include/livox_ros_driver2/livox_ros_driver2/msg/detail/custom_msg__struct.hpp
[11.339s] -- Up-to-date symlink: /home/nonsaya-n/repo/loiter/ros2_ws/install/livox_ros_driver2/include/livox_ros_driver2/livox_ros_driver2/msg/detail/custom_msg__traits.hpp
[11.340s] -- Up-to-date symlink: /home/nonsaya-n/repo/loiter/ros2_ws/install/livox_ros_driver2/include/livox_ros_driver2/livox_ros_driver2/msg/detail/custom_msg__type_support.hpp
[11.340s] -- Up-to-date symlink: /home/nonsaya-n/repo/loiter/ros2_ws/install/livox_ros_driver2/include/livox_ros_driver2/livox_ros_driver2/msg/detail/custom_point__builder.hpp
[11.341s] -- Up-to-date symlink: /home/nonsaya-n/repo/loiter/ros2_ws/install/livox_ros_driver2/include/livox_ros_driver2/livox_ros_driver2/msg/detail/custom_point__struct.hpp
[11.341s] -- Up-to-date symlink: /home/nonsaya-n/repo/loiter/ros2_ws/install/livox_ros_driver2/include/livox_ros_driver2/livox_ros_driver2/msg/detail/custom_point__traits.hpp
[11.341s] -- Up-to-date symlink: /home/nonsaya-n/repo/loiter/ros2_ws/install/livox_ros_driver2/include/livox_ros_driver2/livox_ros_driver2/msg/detail/custom_point__type_support.hpp
[11.353s] -- Up-to-date symlink: /home/nonsaya-n/repo/loiter/ros2_ws/install/livox_ros_driver2/include/livox_ros_driver2/livox_ros_driver2/msg/rosidl_generator_cpp__visibility_control.hpp
[11.354s] -- Up-to-date symlink: /home/nonsaya-n/repo/loiter/ros2_ws/install/livox_ros_driver2/include/livox_ros_driver2/livox_ros_driver2/msg/detail/custom_msg__rosidl_typesupport_fastrtps_cpp.hpp
[11.354s] -- Up-to-date symlink: /home/nonsaya-n/repo/loiter/ros2_ws/install/livox_ros_driver2/include/livox_ros_driver2/livox_ros_driver2/msg/detail/custom_point__rosidl_typesupport_fastrtps_cpp.hpp
[11.355s] -- Up-to-date symlink: /home/nonsaya-n/repo/loiter/ros2_ws/install/livox_ros_driver2/include/livox_ros_driver2/livox_ros_driver2/msg/rosidl_typesupport_fastrtps_cpp__visibility_control.h
[11.356s] -- Up-to-date symlink: /home/nonsaya-n/repo/loiter/ros2_ws/install/livox_ros_driver2/include/livox_ros_driver2/livox_ros_driver2/msg/detail/custom_msg__rosidl_typesupport_introspection_cpp.hpp
[11.356s] -- Up-to-date symlink: /home/nonsaya-n/repo/loiter/ros2_ws/install/livox_ros_driver2/include/livox_ros_driver2/livox_ros_driver2/msg/detail/custom_point__rosidl_typesupport_introspection_cpp.hpp
[11.357s] -- Up-to-date symlink: /home/nonsaya-n/repo/loiter/ros2_ws/install/livox_ros_driver2/share/livox_ros_driver2/environment/pythonpath.sh
[11.357s] -- Up-to-date symlink: /home/nonsaya-n/repo/loiter/ros2_ws/install/livox_ros_driver2/share/livox_ros_driver2/environment/pythonpath.dsv
[11.358s] -- Up-to-date symlink: /home/nonsaya-n/repo/loiter/ros2_ws/install/livox_ros_driver2/local/lib/python3.10/dist-packages/livox_ros_driver2-1.0.0-py3.10.egg-info/PKG-INFO
[11.358s] -- Up-to-date symlink: /home/nonsaya-n/repo/loiter/ros2_ws/install/livox_ros_driver2/local/lib/python3.10/dist-packages/livox_ros_driver2-1.0.0-py3.10.egg-info/SOURCES.txt
[11.358s] -- Up-to-date symlink: /home/nonsaya-n/repo/loiter/ros2_ws/install/livox_ros_driver2/local/lib/python3.10/dist-packages/livox_ros_driver2-1.0.0-py3.10.egg-info/dependency_links.txt
[11.359s] -- Up-to-date symlink: /home/nonsaya-n/repo/loiter/ros2_ws/install/livox_ros_driver2/local/lib/python3.10/dist-packages/livox_ros_driver2-1.0.0-py3.10.egg-info/top_level.txt
[11.360s] -- Up-to-date symlink: /home/nonsaya-n/repo/loiter/ros2_ws/install/livox_ros_driver2/local/lib/python3.10/dist-packages/livox_ros_driver2/__init__.py
[11.361s] -- Up-to-date symlink: /home/nonsaya-n/repo/loiter/ros2_ws/install/livox_ros_driver2/local/lib/python3.10/dist-packages/livox_ros_driver2/_livox_ros_driver2_s.ep.rosidl_typesupport_c.c
[11.361s] -- Up-to-date symlink: /home/nonsaya-n/repo/loiter/ros2_ws/install/livox_ros_driver2/local/lib/python3.10/dist-packages/livox_ros_driver2/_livox_ros_driver2_s.ep.rosidl_typesupport_fastrtps_c.c
[11.369s] -- Up-to-date symlink: /home/nonsaya-n/repo/loiter/ros2_ws/install/livox_ros_driver2/local/lib/python3.10/dist-packages/livox_ros_driver2/_livox_ros_driver2_s.ep.rosidl_typesupport_introspection_c.c
[11.369s] -- Up-to-date symlink: /home/nonsaya-n/repo/loiter/ros2_ws/install/livox_ros_driver2/local/lib/python3.10/dist-packages/livox_ros_driver2/liblivox_interfaces2__rosidl_generator_py.so
[11.369s] -- Up-to-date symlink: /home/nonsaya-n/repo/loiter/ros2_ws/install/livox_ros_driver2/local/lib/python3.10/dist-packages/livox_ros_driver2/livox_ros_driver2_s__rosidl_typesupport_c.cpython-310-aarch64-linux-gnu.so
[11.370s] -- Up-to-date symlink: /home/nonsaya-n/repo/loiter/ros2_ws/install/livox_ros_driver2/local/lib/python3.10/dist-packages/livox_ros_driver2/livox_ros_driver2_s__rosidl_typesupport_fastrtps_c.cpython-310-aarch64-linux-gnu.so
[11.370s] -- Up-to-date symlink: /home/nonsaya-n/repo/loiter/ros2_ws/install/livox_ros_driver2/local/lib/python3.10/dist-packages/livox_ros_driver2/livox_ros_driver2_s__rosidl_typesupport_introspection_c.cpython-310-aarch64-linux-gnu.so
[11.370s] -- Up-to-date symlink: /home/nonsaya-n/repo/loiter/ros2_ws/install/livox_ros_driver2/local/lib/python3.10/dist-packages/livox_ros_driver2/msg/__init__.py
[11.371s] -- Up-to-date symlink: /home/nonsaya-n/repo/loiter/ros2_ws/install/livox_ros_driver2/local/lib/python3.10/dist-packages/livox_ros_driver2/msg/_custom_msg.py
[11.371s] -- Up-to-date symlink: /home/nonsaya-n/repo/loiter/ros2_ws/install/livox_ros_driver2/local/lib/python3.10/dist-packages/livox_ros_driver2/msg/_custom_msg_s.c
[11.372s] -- Up-to-date symlink: /home/nonsaya-n/repo/loiter/ros2_ws/install/livox_ros_driver2/local/lib/python3.10/dist-packages/livox_ros_driver2/msg/_custom_point.py
[11.376s] -- Up-to-date symlink: /home/nonsaya-n/repo/loiter/ros2_ws/install/livox_ros_driver2/local/lib/python3.10/dist-packages/livox_ros_driver2/msg/_custom_point_s.c
[11.376s] -- Up-to-date symlink: /home/nonsaya-n/repo/loiter/ros2_ws/install/livox_ros_driver2/local/lib/python3.10/dist-packages/livox_ros_driver2/livox_ros_driver2_s__rosidl_typesupport_fastrtps_c.cpython-310-aarch64-linux-gnu.so
[11.376s] -- Up-to-date symlink: /home/nonsaya-n/repo/loiter/ros2_ws/install/livox_ros_driver2/local/lib/python3.10/dist-packages/livox_ros_driver2/livox_ros_driver2_s__rosidl_typesupport_introspection_c.cpython-310-aarch64-linux-gnu.so
[11.377s] -- Up-to-date symlink: /home/nonsaya-n/repo/loiter/ros2_ws/install/livox_ros_driver2/local/lib/python3.10/dist-packages/livox_ros_driver2/livox_ros_driver2_s__rosidl_typesupport_c.cpython-310-aarch64-linux-gnu.so
[11.377s] -- Up-to-date symlink: /home/nonsaya-n/repo/loiter/ros2_ws/install/livox_ros_driver2/share/livox_ros_driver2/msg/CustomPoint.idl
[11.377s] -- Up-to-date symlink: /home/nonsaya-n/repo/loiter/ros2_ws/install/livox_ros_driver2/share/livox_ros_driver2/msg/CustomMsg.idl
[11.377s] -- Up-to-date symlink: /home/nonsaya-n/repo/loiter/ros2_ws/install/livox_ros_driver2/share/livox_ros_driver2/msg/CustomPoint.msg
[11.377s] -- Up-to-date symlink: /home/nonsaya-n/repo/loiter/ros2_ws/install/livox_ros_driver2/share/livox_ros_driver2/msg/CustomMsg.msg
[11.385s] -- Up-to-date symlink: /home/nonsaya-n/repo/loiter/ros2_ws/install/livox_ros_driver2/lib/livox_ros_driver2/livox_ros_driver2_node
[11.385s] -- Up-to-date symlink: /home/nonsaya-n/repo/loiter/ros2_ws/install/livox_ros_driver2/lib/liblivox_ros_driver2.so
[11.386s] -- Up-to-date symlink: /home/nonsaya-n/repo/loiter/ros2_ws/install/livox_ros_driver2/share/livox_ros_driver2/config/HAP_config.json
[11.387s] -- Up-to-date symlink: /home/nonsaya-n/repo/loiter/ros2_ws/install/livox_ros_driver2/share/livox_ros_driver2/config/MID360_config.json
[11.387s] -- Up-to-date symlink: /home/nonsaya-n/repo/loiter/ros2_ws/install/livox_ros_driver2/share/livox_ros_driver2/config/display_point_cloud_ROS1.rviz
[11.388s] -- Up-to-date symlink: /home/nonsaya-n/repo/loiter/ros2_ws/install/livox_ros_driver2/share/livox_ros_driver2/config/display_point_cloud_ROS2.rviz
[11.388s] -- Up-to-date symlink: /home/nonsaya-n/repo/loiter/ros2_ws/install/livox_ros_driver2/share/livox_ros_driver2/config/mixed_HAP_MID360_config.json
[11.389s] -- Up-to-date symlink: /home/nonsaya-n/repo/loiter/ros2_ws/install/livox_ros_driver2/share/livox_ros_driver2/launch_ROS2/msg_HAP_launch.py
[11.389s] -- Up-to-date symlink: /home/nonsaya-n/repo/loiter/ros2_ws/install/livox_ros_driver2/share/livox_ros_driver2/launch_ROS2/msg_MID360_launch.py
[11.390s] -- Up-to-date symlink: /home/nonsaya-n/repo/loiter/ros2_ws/install/livox_ros_driver2/share/livox_ros_driver2/launch_ROS2/rviz_HAP_launch.py
[11.390s] -- Up-to-date symlink: /home/nonsaya-n/repo/loiter/ros2_ws/install/livox_ros_driver2/share/livox_ros_driver2/launch_ROS2/rviz_MID360_launch.py
[11.390s] -- Up-to-date symlink: /home/nonsaya-n/repo/loiter/ros2_ws/install/livox_ros_driver2/share/livox_ros_driver2/launch_ROS2/rviz_mixed.py
[11.391s] -- Up-to-date symlink: /home/nonsaya-n/repo/loiter/ros2_ws/install/livox_ros_driver2/share/ament_index/resource_index/package_run_dependencies/livox_ros_driver2
[11.392s] -- Up-to-date symlink: /home/nonsaya-n/repo/loiter/ros2_ws/install/livox_ros_driver2/share/ament_index/resource_index/parent_prefix_path/livox_ros_driver2
[11.392s] -- Up-to-date symlink: /home/nonsaya-n/repo/loiter/ros2_ws/install/livox_ros_driver2/share/livox_ros_driver2/environment/ament_prefix_path.sh
[11.392s] -- Up-to-date symlink: /home/nonsaya-n/repo/loiter/ros2_ws/install/livox_ros_driver2/share/livox_ros_driver2/environment/ament_prefix_path.dsv
[11.401s] -- Up-to-date symlink: /home/nonsaya-n/repo/loiter/ros2_ws/install/livox_ros_driver2/share/livox_ros_driver2/environment/path.sh
[11.401s] -- Up-to-date symlink: /home/nonsaya-n/repo/loiter/ros2_ws/install/livox_ros_driver2/share/livox_ros_driver2/environment/path.dsv
[11.402s] -- Up-to-date symlink: /home/nonsaya-n/repo/loiter/ros2_ws/install/livox_ros_driver2/share/livox_ros_driver2/local_setup.bash
[11.402s] -- Up-to-date symlink: /home/nonsaya-n/repo/loiter/ros2_ws/install/livox_ros_driver2/share/livox_ros_driver2/local_setup.sh
[11.403s] -- Up-to-date symlink: /home/nonsaya-n/repo/loiter/ros2_ws/install/livox_ros_driver2/share/livox_ros_driver2/local_setup.zsh
[11.403s] -- Up-to-date symlink: /home/nonsaya-n/repo/loiter/ros2_ws/install/livox_ros_driver2/share/livox_ros_driver2/local_setup.dsv
[11.403s] -- Symlinking: /home/nonsaya-n/repo/loiter/ros2_ws/install/livox_ros_driver2/share/livox_ros_driver2/package.dsv
[11.450s] -- Up-to-date symlink: /home/nonsaya-n/repo/loiter/ros2_ws/install/livox_ros_driver2/share/ament_index/resource_index/packages/livox_ros_driver2
[11.450s] -- Up-to-date symlink: /home/nonsaya-n/repo/loiter/ros2_ws/install/livox_ros_driver2/share/ament_index/resource_index/rclcpp_components/livox_ros_driver2
[11.451s] -- Up-to-date symlink: /home/nonsaya-n/repo/loiter/ros2_ws/install/livox_ros_driver2/share/livox_ros_driver2/cmake/rosidl_cmake-extras.cmake
[11.451s] -- Up-to-date symlink: /home/nonsaya-n/repo/loiter/ros2_ws/install/livox_ros_driver2/share/livox_ros_driver2/cmake/ament_cmake_export_dependencies-extras.cmake
[11.451s] -- Up-to-date symlink: /home/nonsaya-n/repo/loiter/ros2_ws/install/livox_ros_driver2/share/livox_ros_driver2/cmake/ament_cmake_export_include_directories-extras.cmake
[11.452s] -- Up-to-date symlink: /home/nonsaya-n/repo/loiter/ros2_ws/install/livox_ros_driver2/share/livox_ros_driver2/cmake/ament_cmake_export_libraries-extras.cmake
[11.452s] -- Up-to-date symlink: /home/nonsaya-n/repo/loiter/ros2_ws/install/livox_ros_driver2/share/livox_ros_driver2/cmake/ament_cmake_export_targets-extras.cmake
[11.453s] -- Up-to-date symlink: /home/nonsaya-n/repo/loiter/ros2_ws/install/livox_ros_driver2/share/livox_ros_driver2/cmake/rosidl_cmake_export_typesupport_targets-extras.cmake
[11.453s] -- Up-to-date symlink: /home/nonsaya-n/repo/loiter/ros2_ws/install/livox_ros_driver2/share/livox_ros_driver2/cmake/rosidl_cmake_export_typesupport_libraries-extras.cmake
[11.454s] -- Up-to-date symlink: /home/nonsaya-n/repo/loiter/ros2_ws/install/livox_ros_driver2/share/livox_ros_driver2/cmake/livox_ros_driver2Config.cmake
[11.454s] -- Up-to-date symlink: /home/nonsaya-n/repo/loiter/ros2_ws/install/livox_ros_driver2/share/livox_ros_driver2/cmake/livox_ros_driver2Config-version.cmake
[11.455s] -- Up-to-date symlink: /home/nonsaya-n/repo/loiter/ros2_ws/install/livox_ros_driver2/share/livox_ros_driver2/package.xml
[11.456s] -- Up-to-date: /home/nonsaya-n/repo/loiter/ros2_ws/install/livox_ros_driver2/lib/liblivox_ros_driver2__rosidl_generator_c.so
[11.465s] -- Up-to-date: /home/nonsaya-n/repo/loiter/ros2_ws/install/livox_ros_driver2/lib/liblivox_ros_driver2__rosidl_typesupport_fastrtps_c.so
[11.466s] -- Up-to-date: /home/nonsaya-n/repo/loiter/ros2_ws/install/livox_ros_driver2/lib/liblivox_ros_driver2__rosidl_typesupport_introspection_c.so
[11.466s] -- Up-to-date: /home/nonsaya-n/repo/loiter/ros2_ws/install/livox_ros_driver2/lib/liblivox_ros_driver2__rosidl_typesupport_c.so
[11.468s] -- Up-to-date: /home/nonsaya-n/repo/loiter/ros2_ws/install/livox_ros_driver2/lib/liblivox_ros_driver2__rosidl_typesupport_fastrtps_cpp.so
[11.468s] -- Up-to-date: /home/nonsaya-n/repo/loiter/ros2_ws/install/livox_ros_driver2/lib/liblivox_ros_driver2__rosidl_typesupport_introspection_cpp.so
[11.469s] -- Up-to-date: /home/nonsaya-n/repo/loiter/ros2_ws/install/livox_ros_driver2/lib/liblivox_ros_driver2__rosidl_typesupport_cpp.so
[11.666s] Listing '/home/nonsaya-n/repo/loiter/ros2_ws/install/livox_ros_driver2/local/lib/python3.10/dist-packages/livox_ros_driver2'...
[11.666s] Compiling '/home/nonsaya-n/repo/loiter/ros2_ws/install/livox_ros_driver2/local/lib/python3.10/dist-packages/livox_ros_driver2/__init__.py'...
[11.666s] Listing '/home/nonsaya-n/repo/loiter/ros2_ws/install/livox_ros_driver2/local/lib/python3.10/dist-packages/livox_ros_driver2/msg'...
[11.694s] -- Up-to-date: /home/nonsaya-n/repo/loiter/ros2_ws/install/livox_ros_driver2/lib/liblivox_interfaces2__rosidl_generator_py.so
[11.695s] -- Up-to-date: /home/nonsaya-n/repo/loiter/ros2_ws/install/livox_ros_driver2/share/livox_ros_driver2/cmake/export_livox_interfaces2__rosidl_generator_cExport.cmake
[11.695s] -- Up-to-date: /home/nonsaya-n/repo/loiter/ros2_ws/install/livox_ros_driver2/share/livox_ros_driver2/cmake/export_livox_interfaces2__rosidl_generator_cExport-noconfig.cmake
[11.695s] -- Up-to-date: /home/nonsaya-n/repo/loiter/ros2_ws/install/livox_ros_driver2/share/livox_ros_driver2/cmake/export_livox_interfaces2__rosidl_typesupport_fastrtps_cExport.cmake
[11.695s] -- Up-to-date: /home/nonsaya-n/repo/loiter/ros2_ws/install/livox_ros_driver2/share/livox_ros_driver2/cmake/export_livox_interfaces2__rosidl_typesupport_fastrtps_cExport-noconfig.cmake
[11.696s] -- Up-to-date: /home/nonsaya-n/repo/loiter/ros2_ws/install/livox_ros_driver2/share/livox_ros_driver2/cmake/livox_interfaces2__rosidl_typesupport_introspection_cExport.cmake
[11.696s] -- Up-to-date: /home/nonsaya-n/repo/loiter/ros2_ws/install/livox_ros_driver2/share/livox_ros_driver2/cmake/livox_interfaces2__rosidl_typesupport_introspection_cExport-noconfig.cmake
[11.696s] -- Up-to-date: /home/nonsaya-n/repo/loiter/ros2_ws/install/livox_ros_driver2/share/livox_ros_driver2/cmake/livox_interfaces2__rosidl_typesupport_cExport.cmake
[11.696s] -- Up-to-date: /home/nonsaya-n/repo/loiter/ros2_ws/install/livox_ros_driver2/share/livox_ros_driver2/cmake/livox_interfaces2__rosidl_typesupport_cExport-noconfig.cmake
[11.696s] -- Up-to-date: /home/nonsaya-n/repo/loiter/ros2_ws/install/livox_ros_driver2/share/livox_ros_driver2/cmake/export_livox_interfaces2__rosidl_generator_cppExport.cmake
[11.697s] -- Up-to-date: /home/nonsaya-n/repo/loiter/ros2_ws/install/livox_ros_driver2/share/livox_ros_driver2/cmake/export_livox_interfaces2__rosidl_typesupport_fastrtps_cppExport.cmake
[11.697s] -- Up-to-date: /home/nonsaya-n/repo/loiter/ros2_ws/install/livox_ros_driver2/share/livox_ros_driver2/cmake/export_livox_interfaces2__rosidl_typesupport_fastrtps_cppExport-noconfig.cmake
[11.697s] -- Up-to-date: /home/nonsaya-n/repo/loiter/ros2_ws/install/livox_ros_driver2/share/livox_ros_driver2/cmake/livox_interfaces2__rosidl_typesupport_introspection_cppExport.cmake
[11.697s] -- Up-to-date: /home/nonsaya-n/repo/loiter/ros2_ws/install/livox_ros_driver2/share/livox_ros_driver2/cmake/livox_interfaces2__rosidl_typesupport_introspection_cppExport-noconfig.cmake
[11.698s] -- Up-to-date: /home/nonsaya-n/repo/loiter/ros2_ws/install/livox_ros_driver2/share/livox_ros_driver2/cmake/livox_interfaces2__rosidl_typesupport_cppExport.cmake
[11.698s] -- Up-to-date: /home/nonsaya-n/repo/loiter/ros2_ws/install/livox_ros_driver2/share/livox_ros_driver2/cmake/livox_interfaces2__rosidl_typesupport_cppExport-noconfig.cmake
[11.698s] -- Up-to-date: /home/nonsaya-n/repo/loiter/ros2_ws/install/livox_ros_driver2/share/livox_ros_driver2/cmake/export_livox_interfaces2__rosidl_generator_pyExport.cmake
[11.698s] -- Up-to-date: /home/nonsaya-n/repo/loiter/ros2_ws/install/livox_ros_driver2/share/livox_ros_driver2/cmake/export_livox_interfaces2__rosidl_generator_pyExport-noconfig.cmake
[11.721s] Invoked command in '/home/nonsaya-n/repo/loiter/ros2_ws/build/livox_ros_driver2' returned '0': CMAKE_PREFIX_PATH=${CMAKE_PREFIX_PATH}:/opt/ros/humble /usr/bin/cmake --install /home/nonsaya-n/repo/loiter/ros2_ws/build/livox_ros_driver2
