-- The CXX compiler identification is GNU 11.4.0
-- Detecting CXX compiler ABI info
-- Detecting CXX compiler ABI info - done
-- Check for working CXX compiler: /usr/bin/c++ - skipped
-- Detecting CXX compile features
-- Detecting CXX compile features - done
-- Found ament_cmake_auto: 1.3.12 (/opt/ros/humble/share/ament_cmake_auto/cmake)
-- Found Python3: /usr/bin/python3 (found version "3.10.12") found components: Interpreter 
-- Override CMake install command with custom implementation using symlinks instead of copying resources
-- GTSAM include directory:  /usr/local/lib/cmake/GTSAM/../../../include
-- GTSAM include directory:  /usr/local/lib/cmake/GTSAM/../../../include
-- GTSAM include directory:  /usr/local/lib/cmake/GTSAM/../../../include
-- Found Threads: TRUE  
-- Found rosidl_generator_c: 3.1.7 (/opt/ros/humble/share/rosidl_generator_c/cmake)
-- Found rosidl_adapter: 3.1.7 (/opt/ros/humble/share/rosidl_adapter/cmake)
-- Found rosidl_generator_cpp: 3.1.7 (/opt/ros/humble/share/rosidl_generator_cpp/cmake)
-- Using all available rosidl_typesupport_c: rosidl_typesupport_fastrtps_c;rosidl_typesupport_introspection_c
-- Using all available rosidl_typesupport_cpp: rosidl_typesupport_fastrtps_cpp;rosidl_typesupport_introspection_cpp
-- Found rmw_implementation_cmake: 6.1.2 (/opt/ros/humble/share/rmw_implementation_cmake/cmake)
-- Found rmw_fastrtps_cpp: 6.2.8 (/opt/ros/humble/share/rmw_fastrtps_cpp/cmake)
-- Found OpenSSL: /usr/lib/aarch64-linux-gnu/libcrypto.so (found version "3.0.2")  
-- Found FastRTPS: /opt/ros/humble/include  
-- Using RMW implementation 'rmw_fastrtps_cpp' as default
-- Found Boost: /usr/lib/aarch64-linux-gnu/cmake/Boost-1.74.0/BoostConfig.cmake (found version "1.74.0") found components: program_options 
-- Configuring done
-- Generating done
-- Build files have been written to: /home/nonsaya-n/repo/loiter/ros2_ws/build/glim_ros
[ 13%] [32mBuilding CXX object CMakeFiles/glim_ros.dir/src/glim_ros/ros_qos.cpp.o[0m
[ 13%] [32mBuilding CXX object CMakeFiles/glim_ros.dir/src/glim_ros/glim_ros.cpp.o[0m
[ 20%] [32m[1mLinking CXX shared library libglim_ros.so[0m
[ 20%] Built target glim_ros
[ 26%] [32mBuilding CXX object CMakeFiles/rviz_viewer.dir/src/glim_ros/rviz_viewer.cpp.o[0m
[ 33%] [32m[1mLinking CXX shared library librviz_viewer.so[0m
[ 33%] Built target rviz_viewer
[ 46%] [32mBuilding CXX object CMakeFiles/validator_node.dir/src/validator_node.cpp.o[0m
[ 46%] [32mBuilding CXX object CMakeFiles/glim_rosnode.dir/src/glim_rosnode.cpp.o[0m
[ 53%] [32mBuilding CXX object CMakeFiles/glim_rosbag.dir/src/glim_rosbag.cpp.o[0m
[ 60%] [32mBuilding CXX object CMakeFiles/map_editor.dir/src/map_editor.cpp.o[0m
[ 66%] [32mBuilding CXX object CMakeFiles/offline_viewer.dir/src/offline_viewer.cpp.o[0m
[ 73%] [32m[1mLinking CXX executable glim_rosnode[0m
[ 73%] Built target glim_rosnode
[ 80%] [32m[1mLinking CXX executable map_editor[0m
[ 86%] [32m[1mLinking CXX executable offline_viewer[0m
[ 86%] Built target map_editor
[ 86%] Built target offline_viewer
[ 93%] [32m[1mLinking CXX executable glim_rosbag[0m
[ 93%] Built target glim_rosbag
[100%] [32m[1mLinking CXX executable validator_node[0m
[100%] Built target validator_node
-- Install configuration: "RelWithDebInfo"
-- Execute custom install script
-- Symlinking: /home/nonsaya-n/repo/loiter/ros2_ws/install/glim_ros/include/glim_ros/glim_ros.hpp
-- Symlinking: /home/nonsaya-n/repo/loiter/ros2_ws/install/glim_ros/include/glim_ros/ros_compatibility.hpp
-- Symlinking: /home/nonsaya-n/repo/loiter/ros2_ws/install/glim_ros/include/glim_ros/ros_qos.hpp
-- Symlinking: /home/nonsaya-n/repo/loiter/ros2_ws/install/glim_ros/include/glim_ros/rviz_viewer.hpp
-- Symlinking: /home/nonsaya-n/repo/loiter/ros2_ws/install/glim_ros/share/glim_ros/environment/library_path.sh
-- Symlinking: /home/nonsaya-n/repo/loiter/ros2_ws/install/glim_ros/share/glim_ros/environment/library_path.dsv
-- Symlinking: /home/nonsaya-n/repo/loiter/ros2_ws/install/glim_ros/lib/libglim_ros.so
-- Symlinking: /home/nonsaya-n/repo/loiter/ros2_ws/install/glim_ros/lib/librviz_viewer.so
-- Symlinking: /home/nonsaya-n/repo/loiter/ros2_ws/install/glim_ros/lib/glim_ros/glim_rosnode
-- Symlinking: /home/nonsaya-n/repo/loiter/ros2_ws/install/glim_ros/lib/glim_ros/glim_rosbag
-- Symlinking: /home/nonsaya-n/repo/loiter/ros2_ws/install/glim_ros/lib/glim_ros/validator_node
-- Symlinking: /home/nonsaya-n/repo/loiter/ros2_ws/install/glim_ros/lib/glim_ros/offline_viewer
-- Symlinking: /home/nonsaya-n/repo/loiter/ros2_ws/install/glim_ros/lib/glim_ros/map_editor
-- Symlinking: /home/nonsaya-n/repo/loiter/ros2_ws/install/glim_ros/share/ament_index/resource_index/package_run_dependencies/glim_ros
-- Symlinking: /home/nonsaya-n/repo/loiter/ros2_ws/install/glim_ros/share/ament_index/resource_index/parent_prefix_path/glim_ros
-- Symlinking: /home/nonsaya-n/repo/loiter/ros2_ws/install/glim_ros/share/glim_ros/environment/ament_prefix_path.sh
-- Symlinking: /home/nonsaya-n/repo/loiter/ros2_ws/install/glim_ros/share/glim_ros/environment/ament_prefix_path.dsv
-- Symlinking: /home/nonsaya-n/repo/loiter/ros2_ws/install/glim_ros/share/glim_ros/environment/path.sh
-- Symlinking: /home/nonsaya-n/repo/loiter/ros2_ws/install/glim_ros/share/glim_ros/environment/path.dsv
-- Symlinking: /home/nonsaya-n/repo/loiter/ros2_ws/install/glim_ros/share/glim_ros/local_setup.bash
-- Symlinking: /home/nonsaya-n/repo/loiter/ros2_ws/install/glim_ros/share/glim_ros/local_setup.sh
-- Symlinking: /home/nonsaya-n/repo/loiter/ros2_ws/install/glim_ros/share/glim_ros/local_setup.zsh
-- Symlinking: /home/nonsaya-n/repo/loiter/ros2_ws/install/glim_ros/share/glim_ros/local_setup.dsv
-- Symlinking: /home/nonsaya-n/repo/loiter/ros2_ws/install/glim_ros/share/glim_ros/package.dsv
-- Symlinking: /home/nonsaya-n/repo/loiter/ros2_ws/install/glim_ros/share/ament_index/resource_index/packages/glim_ros
-- Symlinking: /home/nonsaya-n/repo/loiter/ros2_ws/install/glim_ros/share/ament_index/resource_index/rclcpp_components/glim_ros
-- Symlinking: /home/nonsaya-n/repo/loiter/ros2_ws/install/glim_ros/share/glim_ros/cmake/ament_cmake_export_dependencies-extras.cmake
-- Symlinking: /home/nonsaya-n/repo/loiter/ros2_ws/install/glim_ros/share/glim_ros/cmake/ament_cmake_export_include_directories-extras.cmake
-- Symlinking: /home/nonsaya-n/repo/loiter/ros2_ws/install/glim_ros/share/glim_ros/cmake/ament_cmake_export_libraries-extras.cmake
-- Symlinking: /home/nonsaya-n/repo/loiter/ros2_ws/install/glim_ros/share/glim_ros/cmake/glim_rosConfig.cmake
-- Symlinking: /home/nonsaya-n/repo/loiter/ros2_ws/install/glim_ros/share/glim_ros/cmake/glim_rosConfig-version.cmake
-- Symlinking: /home/nonsaya-n/repo/loiter/ros2_ws/install/glim_ros/share/glim_ros/package.xml
