[0.023s] Invoking command in '/home/nonsaya-n/repo/loiter/ros2_ws/build/glim_ros': CMAKE_PREFIX_PATH=/home/nonsaya-n/repo/loiter/ros2_ws/install/glim:/home/nonsaya-n/repo/loiter/ros2_ws/install/glim_bringup:/home/nonsaya-n/repo/loiter/ros2_ws/install/livox_mid360_bringup:/home/nonsaya-n/repo/loiter/ros2_ws/install/livox_ros_driver2:/opt/ros/humble /usr/bin/cmake /home/nonsaya-n/repo/loiter/ros2_ws/src/glim_ros2 -DAMENT_CMAKE_SYMLINK_INSTALL=1 -DCMAKE_INSTALL_PREFIX=/home/nonsaya-n/repo/loiter/ros2_ws/install/glim_ros
[0.149s] -- The CXX compiler identification is GNU 11.4.0
[0.168s] -- Detecting CXX compiler ABI info
[0.334s] -- Detecting CXX compiler ABI info - done
[0.359s] -- Check for working CXX compiler: /usr/bin/c++ - skipped
[0.360s] -- Detecting CXX compile features
[0.361s] -- Detecting CXX compile features - done
[0.368s] -- Found ament_cmake_auto: 1.3.12 (/opt/ros/humble/share/ament_cmake_auto/cmake)
[0.715s] -- Found Python3: /usr/bin/python3 (found version "3.10.12") found components: Interpreter 
[0.872s] -- Override CMake install command with custom implementation using symlinks instead of copying resources
[1.582s] -- GTSAM include directory:  /usr/local/lib/cmake/GTSAM/../../../include
[1.607s] -- GTSAM include directory:  /usr/local/lib/cmake/GTSAM/../../../include
[2.048s] -- GTSAM include directory:  /usr/local/lib/cmake/GTSAM/../../../include
[2.060s] -- Found Threads: TRUE  
[2.253s] -- Found rosidl_generator_c: 3.1.7 (/opt/ros/humble/share/rosidl_generator_c/cmake)
[2.263s] -- Found rosidl_adapter: 3.1.7 (/opt/ros/humble/share/rosidl_adapter/cmake)
[2.280s] -- Found rosidl_generator_cpp: 3.1.7 (/opt/ros/humble/share/rosidl_generator_cpp/cmake)
[2.304s] -- Using all available rosidl_typesupport_c: rosidl_typesupport_fastrtps_c;rosidl_typesupport_introspection_c
[2.338s] -- Using all available rosidl_typesupport_cpp: rosidl_typesupport_fastrtps_cpp;rosidl_typesupport_introspection_cpp
[2.428s] -- Found rmw_implementation_cmake: 6.1.2 (/opt/ros/humble/share/rmw_implementation_cmake/cmake)
[2.433s] -- Found rmw_fastrtps_cpp: 6.2.8 (/opt/ros/humble/share/rmw_fastrtps_cpp/cmake)
[2.591s] -- Found OpenSSL: /usr/lib/aarch64-linux-gnu/libcrypto.so (found version "3.0.2")  
[2.640s] -- Found FastRTPS: /opt/ros/humble/include  
[2.718s] -- Using RMW implementation 'rmw_fastrtps_cpp' as default
[3.213s] -- Found Boost: /usr/lib/aarch64-linux-gnu/cmake/Boost-1.74.0/BoostConfig.cmake (found version "1.74.0") found components: program_options 
[3.256s] [0mIn this package, headers install destination is set to `include` by ament_auto_package. It is recommended to install `include/glim_ros` instead and will be the default behavior of ament_auto_package from ROS 2 Kilted Kaiju. On distributions before Kilted, ament_auto_package behaves the same way when you use USE_SCOPED_HEADER_INSTALL_DIR option.[0m
[3.275s] -- Configuring done
[3.419s] -- Generating done
[3.462s] -- Build files have been written to: /home/nonsaya-n/repo/loiter/ros2_ws/build/glim_ros
[3.493s] Invoked command in '/home/nonsaya-n/repo/loiter/ros2_ws/build/glim_ros' returned '0': CMAKE_PREFIX_PATH=/home/nonsaya-n/repo/loiter/ros2_ws/install/glim:/home/nonsaya-n/repo/loiter/ros2_ws/install/glim_bringup:/home/nonsaya-n/repo/loiter/ros2_ws/install/livox_mid360_bringup:/home/nonsaya-n/repo/loiter/ros2_ws/install/livox_ros_driver2:/opt/ros/humble /usr/bin/cmake /home/nonsaya-n/repo/loiter/ros2_ws/src/glim_ros2 -DAMENT_CMAKE_SYMLINK_INSTALL=1 -DCMAKE_INSTALL_PREFIX=/home/nonsaya-n/repo/loiter/ros2_ws/install/glim_ros
[3.499s] Invoking command in '/home/nonsaya-n/repo/loiter/ros2_ws/build/glim_ros': CMAKE_PREFIX_PATH=/home/nonsaya-n/repo/loiter/ros2_ws/install/glim:/home/nonsaya-n/repo/loiter/ros2_ws/install/glim_bringup:/home/nonsaya-n/repo/loiter/ros2_ws/install/livox_mid360_bringup:/home/nonsaya-n/repo/loiter/ros2_ws/install/livox_ros_driver2:/opt/ros/humble /usr/bin/cmake --build /home/nonsaya-n/repo/loiter/ros2_ws/build/glim_ros -- -j6 -l6
[3.609s] [ 13%] [32mBuilding CXX object CMakeFiles/glim_ros.dir/src/glim_ros/ros_qos.cpp.o[0m
[3.609s] [ 13%] [32mBuilding CXX object CMakeFiles/glim_ros.dir/src/glim_ros/glim_ros.cpp.o[0m
[80.121s] [ 20%] [32m[1mLinking CXX shared library libglim_ros.so[0m
[82.188s] [ 20%] Built target glim_ros
[82.233s] [ 26%] [32mBuilding CXX object CMakeFiles/rviz_viewer.dir/src/glim_ros/rviz_viewer.cpp.o[0m
[124.691s] [ 33%] [32m[1mLinking CXX shared library librviz_viewer.so[0m
[125.670s] [ 33%] Built target rviz_viewer
[125.714s] [ 46%] [32mBuilding CXX object CMakeFiles/validator_node.dir/src/validator_node.cpp.o[0m
[125.714s] [ 46%] [32mBuilding CXX object CMakeFiles/glim_rosnode.dir/src/glim_rosnode.cpp.o[0m
[125.717s] [ 53%] [32mBuilding CXX object CMakeFiles/glim_rosbag.dir/src/glim_rosbag.cpp.o[0m
[125.718s] [ 60%] [32mBuilding CXX object CMakeFiles/map_editor.dir/src/map_editor.cpp.o[0m
[125.720s] [ 66%] [32mBuilding CXX object CMakeFiles/offline_viewer.dir/src/offline_viewer.cpp.o[0m
[138.811s] [ 73%] [32m[1mLinking CXX executable glim_rosnode[0m
[140.467s] [ 73%] Built target glim_rosnode
[145.755s] [ 80%] [32m[1mLinking CXX executable map_editor[0m
[146.201s] [ 86%] [32m[1mLinking CXX executable offline_viewer[0m
[146.568s] [ 86%] Built target map_editor
[146.961s] [ 86%] Built target offline_viewer
[153.194s] [ 93%] [32m[1mLinking CXX executable glim_rosbag[0m
[155.352s] [ 93%] Built target glim_rosbag
[188.775s] [100%] [32m[1mLinking CXX executable validator_node[0m
[190.677s] [100%] Built target validator_node
[190.705s] Invoked command in '/home/nonsaya-n/repo/loiter/ros2_ws/build/glim_ros' returned '0': CMAKE_PREFIX_PATH=/home/nonsaya-n/repo/loiter/ros2_ws/install/glim:/home/nonsaya-n/repo/loiter/ros2_ws/install/glim_bringup:/home/nonsaya-n/repo/loiter/ros2_ws/install/livox_mid360_bringup:/home/nonsaya-n/repo/loiter/ros2_ws/install/livox_ros_driver2:/opt/ros/humble /usr/bin/cmake --build /home/nonsaya-n/repo/loiter/ros2_ws/build/glim_ros -- -j6 -l6
[190.730s] Invoking command in '/home/nonsaya-n/repo/loiter/ros2_ws/build/glim_ros': CMAKE_PREFIX_PATH=/home/nonsaya-n/repo/loiter/ros2_ws/install/glim:/home/nonsaya-n/repo/loiter/ros2_ws/install/glim_bringup:/home/nonsaya-n/repo/loiter/ros2_ws/install/livox_mid360_bringup:/home/nonsaya-n/repo/loiter/ros2_ws/install/livox_ros_driver2:/opt/ros/humble /usr/bin/cmake --install /home/nonsaya-n/repo/loiter/ros2_ws/build/glim_ros
[190.747s] -- Install configuration: "RelWithDebInfo"
[190.748s] -- Execute custom install script
[190.749s] -- Symlinking: /home/nonsaya-n/repo/loiter/ros2_ws/install/glim_ros/include/glim_ros/glim_ros.hpp
[190.767s] -- Symlinking: /home/nonsaya-n/repo/loiter/ros2_ws/install/glim_ros/include/glim_ros/ros_compatibility.hpp
[190.785s] -- Symlinking: /home/nonsaya-n/repo/loiter/ros2_ws/install/glim_ros/include/glim_ros/ros_qos.hpp
[190.803s] -- Symlinking: /home/nonsaya-n/repo/loiter/ros2_ws/install/glim_ros/include/glim_ros/rviz_viewer.hpp
[190.821s] -- Symlinking: /home/nonsaya-n/repo/loiter/ros2_ws/install/glim_ros/share/glim_ros/environment/library_path.sh
[190.839s] -- Symlinking: /home/nonsaya-n/repo/loiter/ros2_ws/install/glim_ros/share/glim_ros/environment/library_path.dsv
[190.859s] -- Symlinking: /home/nonsaya-n/repo/loiter/ros2_ws/install/glim_ros/lib/libglim_ros.so
[190.878s] -- Symlinking: /home/nonsaya-n/repo/loiter/ros2_ws/install/glim_ros/lib/librviz_viewer.so
[190.898s] -- Symlinking: /home/nonsaya-n/repo/loiter/ros2_ws/install/glim_ros/lib/glim_ros/glim_rosnode
[190.916s] -- Symlinking: /home/nonsaya-n/repo/loiter/ros2_ws/install/glim_ros/lib/glim_ros/glim_rosbag
[190.933s] -- Symlinking: /home/nonsaya-n/repo/loiter/ros2_ws/install/glim_ros/lib/glim_ros/validator_node
[190.952s] -- Symlinking: /home/nonsaya-n/repo/loiter/ros2_ws/install/glim_ros/lib/glim_ros/offline_viewer
[190.971s] -- Symlinking: /home/nonsaya-n/repo/loiter/ros2_ws/install/glim_ros/lib/glim_ros/map_editor
[190.990s] -- Symlinking: /home/nonsaya-n/repo/loiter/ros2_ws/install/glim_ros/share/ament_index/resource_index/package_run_dependencies/glim_ros
[191.008s] -- Symlinking: /home/nonsaya-n/repo/loiter/ros2_ws/install/glim_ros/share/ament_index/resource_index/parent_prefix_path/glim_ros
[191.026s] -- Symlinking: /home/nonsaya-n/repo/loiter/ros2_ws/install/glim_ros/share/glim_ros/environment/ament_prefix_path.sh
[191.045s] -- Symlinking: /home/nonsaya-n/repo/loiter/ros2_ws/install/glim_ros/share/glim_ros/environment/ament_prefix_path.dsv
[191.064s] -- Symlinking: /home/nonsaya-n/repo/loiter/ros2_ws/install/glim_ros/share/glim_ros/environment/path.sh
[191.081s] -- Symlinking: /home/nonsaya-n/repo/loiter/ros2_ws/install/glim_ros/share/glim_ros/environment/path.dsv
[191.100s] -- Symlinking: /home/nonsaya-n/repo/loiter/ros2_ws/install/glim_ros/share/glim_ros/local_setup.bash
[191.118s] -- Symlinking: /home/nonsaya-n/repo/loiter/ros2_ws/install/glim_ros/share/glim_ros/local_setup.sh
[191.136s] -- Symlinking: /home/nonsaya-n/repo/loiter/ros2_ws/install/glim_ros/share/glim_ros/local_setup.zsh
[191.155s] -- Symlinking: /home/nonsaya-n/repo/loiter/ros2_ws/install/glim_ros/share/glim_ros/local_setup.dsv
[191.177s] -- Symlinking: /home/nonsaya-n/repo/loiter/ros2_ws/install/glim_ros/share/glim_ros/package.dsv
[191.195s] -- Symlinking: /home/nonsaya-n/repo/loiter/ros2_ws/install/glim_ros/share/ament_index/resource_index/packages/glim_ros
[191.212s] -- Symlinking: /home/nonsaya-n/repo/loiter/ros2_ws/install/glim_ros/share/ament_index/resource_index/rclcpp_components/glim_ros
[191.231s] -- Symlinking: /home/nonsaya-n/repo/loiter/ros2_ws/install/glim_ros/share/glim_ros/cmake/ament_cmake_export_dependencies-extras.cmake
[191.251s] -- Symlinking: /home/nonsaya-n/repo/loiter/ros2_ws/install/glim_ros/share/glim_ros/cmake/ament_cmake_export_include_directories-extras.cmake
[191.270s] -- Symlinking: /home/nonsaya-n/repo/loiter/ros2_ws/install/glim_ros/share/glim_ros/cmake/ament_cmake_export_libraries-extras.cmake
[191.288s] -- Symlinking: /home/nonsaya-n/repo/loiter/ros2_ws/install/glim_ros/share/glim_ros/cmake/glim_rosConfig.cmake
[191.305s] -- Symlinking: /home/nonsaya-n/repo/loiter/ros2_ws/install/glim_ros/share/glim_ros/cmake/glim_rosConfig-version.cmake
[191.324s] -- Symlinking: /home/nonsaya-n/repo/loiter/ros2_ws/install/glim_ros/share/glim_ros/package.xml
[191.348s] Invoked command in '/home/nonsaya-n/repo/loiter/ros2_ws/build/glim_ros' returned '0': CMAKE_PREFIX_PATH=/home/nonsaya-n/repo/loiter/ros2_ws/install/glim:/home/nonsaya-n/repo/loiter/ros2_ws/install/glim_bringup:/home/nonsaya-n/repo/loiter/ros2_ws/install/livox_mid360_bringup:/home/nonsaya-n/repo/loiter/ros2_ws/install/livox_ros_driver2:/opt/ros/humble /usr/bin/cmake --install /home/nonsaya-n/repo/loiter/ros2_ws/build/glim_ros
