[0.024s] Invoking command in '/home/nonsaya-n/repo/loiter/ros2_ws/build/glim_ros': AMENT_PREFIX_PATH=/home/nonsaya-n/repo/loiter/ros2_ws/install/glim:${AMENT_PREFIX_PATH} CMAKE_PREFIX_PATH=/home/nonsaya-n/repo/loiter/ros2_ws/install/glim:/home/nonsaya-n/repo/loiter/ros2_ws/install/livox_mid360_bringup:/home/nonsaya-n/repo/loiter/ros2_ws/install/livox_ros_driver2:/opt/ros/humble LD_LIBRARY_PATH=/home/nonsaya-n/repo/loiter/ros2_ws/install/glim/lib:${LD_LIBRARY_PATH} /usr/bin/cmake /home/nonsaya-n/repo/loiter/ros2_ws/src/glim_ros2 -DAMENT_CMAKE_SYMLINK_INSTALL=1 -DCMAKE_INSTALL_PREFIX=/home/nonsaya-n/repo/loiter/ros2_ws/install/glim_ros
[0.162s] -- The CXX compiler identification is GNU 11.4.0
[0.189s] -- Detecting CXX compiler ABI info
[0.360s] -- Detecting CXX compiler ABI info - done
[0.383s] -- Check for working CXX compiler: /usr/bin/c++ - skipped
[0.386s] -- Detecting CXX compile features
[0.388s] -- Detecting CXX compile features - done
[0.396s] -- Found ament_cmake_auto: 1.3.12 (/opt/ros/humble/share/ament_cmake_auto/cmake)
[0.765s] -- Found Python3: /usr/bin/python3 (found version "3.10.12") found components: Interpreter 
[0.930s] -- Override CMake install command with custom implementation using symlinks instead of copying resources
[1.648s] -- GTSAM include directory:  /usr/local/lib/cmake/GTSAM/../../../include
[1.679s] -- GTSAM include directory:  /usr/local/lib/cmake/GTSAM/../../../include
[2.128s] -- GTSAM include directory:  /usr/local/lib/cmake/GTSAM/../../../include
[2.144s] -- Found Threads: TRUE  
[2.420s] -- Found rosidl_generator_c: 3.1.7 (/opt/ros/humble/share/rosidl_generator_c/cmake)
[2.430s] -- Found rosidl_adapter: 3.1.7 (/opt/ros/humble/share/rosidl_adapter/cmake)
[2.449s] -- Found rosidl_generator_cpp: 3.1.7 (/opt/ros/humble/share/rosidl_generator_cpp/cmake)
[2.477s] -- Using all available rosidl_typesupport_c: rosidl_typesupport_fastrtps_c;rosidl_typesupport_introspection_c
[2.514s] -- Using all available rosidl_typesupport_cpp: rosidl_typesupport_fastrtps_cpp;rosidl_typesupport_introspection_cpp
[2.614s] -- Found rmw_implementation_cmake: 6.1.2 (/opt/ros/humble/share/rmw_implementation_cmake/cmake)
[2.619s] -- Found rmw_fastrtps_cpp: 6.2.8 (/opt/ros/humble/share/rmw_fastrtps_cpp/cmake)
[2.793s] -- Found OpenSSL: /usr/lib/aarch64-linux-gnu/libcrypto.so (found version "3.0.2")  
[2.848s] -- Found FastRTPS: /opt/ros/humble/include  
[2.926s] -- Using RMW implementation 'rmw_fastrtps_cpp' as default
[3.497s] -- Found Boost: /usr/lib/aarch64-linux-gnu/cmake/Boost-1.74.0/BoostConfig.cmake (found version "1.74.0") found components: program_options 
[3.535s] [0mIn this package, headers install destination is set to `include` by ament_auto_package. It is recommended to install `include/glim_ros` instead and will be the default behavior of ament_auto_package from ROS 2 Kilted Kaiju. On distributions before Kilted, ament_auto_package behaves the same way when you use USE_SCOPED_HEADER_INSTALL_DIR option.[0m
[3.556s] -- Configuring done
[3.692s] -- Generating done
[3.734s] -- Build files have been written to: /home/nonsaya-n/repo/loiter/ros2_ws/build/glim_ros
[3.768s] Invoked command in '/home/nonsaya-n/repo/loiter/ros2_ws/build/glim_ros' returned '0': AMENT_PREFIX_PATH=/home/nonsaya-n/repo/loiter/ros2_ws/install/glim:${AMENT_PREFIX_PATH} CMAKE_PREFIX_PATH=/home/nonsaya-n/repo/loiter/ros2_ws/install/glim:/home/nonsaya-n/repo/loiter/ros2_ws/install/livox_mid360_bringup:/home/nonsaya-n/repo/loiter/ros2_ws/install/livox_ros_driver2:/opt/ros/humble LD_LIBRARY_PATH=/home/nonsaya-n/repo/loiter/ros2_ws/install/glim/lib:${LD_LIBRARY_PATH} /usr/bin/cmake /home/nonsaya-n/repo/loiter/ros2_ws/src/glim_ros2 -DAMENT_CMAKE_SYMLINK_INSTALL=1 -DCMAKE_INSTALL_PREFIX=/home/nonsaya-n/repo/loiter/ros2_ws/install/glim_ros
[3.774s] Invoking command in '/home/nonsaya-n/repo/loiter/ros2_ws/build/glim_ros': AMENT_PREFIX_PATH=/home/nonsaya-n/repo/loiter/ros2_ws/install/glim:${AMENT_PREFIX_PATH} CMAKE_PREFIX_PATH=/home/nonsaya-n/repo/loiter/ros2_ws/install/glim:/home/nonsaya-n/repo/loiter/ros2_ws/install/livox_mid360_bringup:/home/nonsaya-n/repo/loiter/ros2_ws/install/livox_ros_driver2:/opt/ros/humble LD_LIBRARY_PATH=/home/nonsaya-n/repo/loiter/ros2_ws/install/glim/lib:${LD_LIBRARY_PATH} /usr/bin/cmake --build /home/nonsaya-n/repo/loiter/ros2_ws/build/glim_ros -- -j6 -l6
[3.881s] [ 13%] [32mBuilding CXX object CMakeFiles/glim_ros.dir/src/glim_ros/ros_qos.cpp.o[0m
[3.881s] [ 13%] [32mBuilding CXX object CMakeFiles/glim_ros.dir/src/glim_ros/glim_ros.cpp.o[0m
[4.634s] In file included from [01m[K/home/nonsaya-n/repo/loiter/ros2_ws/src/glim_ros2/src/glim_ros/glim_ros.cpp:1[m[K:
[4.634s] [01m[K/home/nonsaya-n/repo/loiter/ros2_ws/src/glim_ros2/include/glim_ros/glim_ros.hpp:11:10:[m[K [01;31m[Kfatal error: [m[Kimage_transport/image_transport.hpp: そのようなファイルやディレクトリはありません
[4.634s]    11 | #include [01;31m[K<image_transport/image_transport.hpp>[m[K
[4.634s]       |          [01;31m[K^~~~~~~~~~~~~~~~~~~~~~~~~~~~~~~~~~~~~[m[K
[4.634s] compilation terminated.
[4.640s] gmake[2]: *** [CMakeFiles/glim_ros.dir/build.make:76: CMakeFiles/glim_ros.dir/src/glim_ros/glim_ros.cpp.o] エラー 1
[4.640s] gmake[2]: *** 未完了のジョブを待っています....
[19.166s] gmake[1]: *** [CMakeFiles/Makefile2:149: CMakeFiles/glim_ros.dir/all] エラー 2
[19.167s] gmake: *** [Makefile:146: all] エラー 2
[19.174s] Invoked command in '/home/nonsaya-n/repo/loiter/ros2_ws/build/glim_ros' returned '2': AMENT_PREFIX_PATH=/home/nonsaya-n/repo/loiter/ros2_ws/install/glim:${AMENT_PREFIX_PATH} CMAKE_PREFIX_PATH=/home/nonsaya-n/repo/loiter/ros2_ws/install/glim:/home/nonsaya-n/repo/loiter/ros2_ws/install/livox_mid360_bringup:/home/nonsaya-n/repo/loiter/ros2_ws/install/livox_ros_driver2:/opt/ros/humble LD_LIBRARY_PATH=/home/nonsaya-n/repo/loiter/ros2_ws/install/glim/lib:${LD_LIBRARY_PATH} /usr/bin/cmake --build /home/nonsaya-n/repo/loiter/ros2_ws/build/glim_ros -- -j6 -l6
